[0.093s] Invoking command in '/home/s-lin/LIN/ros2_ws/chapt6_ws/build/fishbot_navigation2': CMAKE_PREFIX_PATH=${CMAKE_PREFIX_PATH}:/home/s-lin/LIN/ros2_ws/chapt6_ws/install/fishbot_application:/opt/ros/jazzy DEBUGINFOD_URLS=https://debuginfod.ubuntu.com /usr/bin/cmake /home/s-lin/LIN/ros2_ws/chapt6_ws/src/fishbot_navigation2 -DCMAKE_INSTALL_PREFIX=/home/s-lin/LIN/ros2_ws/chapt6_ws/install/fishbot_navigation2
[0.117s] -- The C compiler identification is GNU 13.3.0
[0.141s] -- The CXX compiler identification is GNU 13.3.0
[0.147s] -- Detecting C compiler ABI info
[0.181s] -- Detecting C compiler ABI info - done
[0.186s] -- Check for working C compiler: /usr/bin/cc - skipped
[0.186s] -- Detecting C compile features
[0.186s] -- Detecting C compile features - done
[0.190s] -- Detecting CXX compiler ABI info
[0.229s] -- Detecting CXX compiler ABI info - done
[0.234s] -- Check for working CXX compiler: /usr/bin/c++ - skipped
[0.234s] -- Detecting CXX compile features
[0.234s] -- Detecting CXX compile features - done
[0.237s] -- Found ament_cmake: 2.5.6 (/opt/ros/jazzy/share/ament_cmake/cmake)
[0.308s] -- Found Python3: /usr/bin/python3 (found version "3.12.3") found components: Interpreter 
[0.372s] -- Found ament_lint_auto: 0.17.5 (/opt/ros/jazzy/share/ament_lint_auto/cmake)
[0.428s] -- Added test 'flake8' to check Python code syntax and style conventions
[0.428s] -- Configured 'flake8' exclude dirs and/or files: 
[0.428s] -- Added test 'lint_cmake' to check CMake code style
[0.429s] -- Added test 'pep257' to check Python code against some of the docstring style conventions in PEP 257
[0.429s] -- Added test 'xmllint' to check XML markup files
[0.430s] -- Configuring done (0.3s)
[0.431s] -- Generating done (0.0s)
[0.432s] -- Build files have been written to: /home/s-lin/LIN/ros2_ws/chapt6_ws/build/fishbot_navigation2
[0.434s] Invoked command in '/home/s-lin/LIN/ros2_ws/chapt6_ws/build/fishbot_navigation2' returned '0': CMAKE_PREFIX_PATH=${CMAKE_PREFIX_PATH}:/home/s-lin/LIN/ros2_ws/chapt6_ws/install/fishbot_application:/opt/ros/jazzy DEBUGINFOD_URLS=https://debuginfod.ubuntu.com /usr/bin/cmake /home/s-lin/LIN/ros2_ws/chapt6_ws/src/fishbot_navigation2 -DCMAKE_INSTALL_PREFIX=/home/s-lin/LIN/ros2_ws/chapt6_ws/install/fishbot_navigation2
[0.435s] Invoking command in '/home/s-lin/LIN/ros2_ws/chapt6_ws/build/fishbot_navigation2': CMAKE_PREFIX_PATH=${CMAKE_PREFIX_PATH}:/home/s-lin/LIN/ros2_ws/chapt6_ws/install/fishbot_application:/opt/ros/jazzy DEBUGINFOD_URLS=https://debuginfod.ubuntu.com /usr/bin/cmake --build /home/s-lin/LIN/ros2_ws/chapt6_ws/build/fishbot_navigation2 -- -j16 -l16
[0.451s] Invoked command in '/home/s-lin/LIN/ros2_ws/chapt6_ws/build/fishbot_navigation2' returned '0': CMAKE_PREFIX_PATH=${CMAKE_PREFIX_PATH}:/home/s-lin/LIN/ros2_ws/chapt6_ws/install/fishbot_application:/opt/ros/jazzy DEBUGINFOD_URLS=https://debuginfod.ubuntu.com /usr/bin/cmake --build /home/s-lin/LIN/ros2_ws/chapt6_ws/build/fishbot_navigation2 -- -j16 -l16
[0.454s] Invoking command in '/home/s-lin/LIN/ros2_ws/chapt6_ws/build/fishbot_navigation2': CMAKE_PREFIX_PATH=${CMAKE_PREFIX_PATH}:/home/s-lin/LIN/ros2_ws/chapt6_ws/install/fishbot_application:/opt/ros/jazzy DEBUGINFOD_URLS=https://debuginfod.ubuntu.com /usr/bin/cmake --install /home/s-lin/LIN/ros2_ws/chapt6_ws/build/fishbot_navigation2
[0.457s] -- Install configuration: ""
[0.457s] -- Installing: /home/s-lin/LIN/ros2_ws/chapt6_ws/install/fishbot_navigation2/share/fishbot_navigation2/launch
[0.458s] -- Installing: /home/s-lin/LIN/ros2_ws/chapt6_ws/install/fishbot_navigation2/share/fishbot_navigation2/launch/navigation2.launch.py
[0.458s] -- Installing: /home/s-lin/LIN/ros2_ws/chapt6_ws/install/fishbot_navigation2/share/fishbot_navigation2/config
[0.458s] -- Installing: /home/s-lin/LIN/ros2_ws/chapt6_ws/install/fishbot_navigation2/share/fishbot_navigation2/config/nav2_params.yaml
[0.458s] -- Installing: /home/s-lin/LIN/ros2_ws/chapt6_ws/install/fishbot_navigation2/share/fishbot_navigation2/maps
[0.458s] -- Installing: /home/s-lin/LIN/ros2_ws/chapt6_ws/install/fishbot_navigation2/share/fishbot_navigation2/maps/room.yaml
[0.458s] -- Installing: /home/s-lin/LIN/ros2_ws/chapt6_ws/install/fishbot_navigation2/share/fishbot_navigation2/maps/room.pgm
[0.458s] -- Installing: /home/s-lin/LIN/ros2_ws/chapt6_ws/install/fishbot_navigation2/share/ament_index/resource_index/package_run_dependencies/fishbot_navigation2
[0.458s] -- Installing: /home/s-lin/LIN/ros2_ws/chapt6_ws/install/fishbot_navigation2/share/ament_index/resource_index/parent_prefix_path/fishbot_navigation2
[0.458s] -- Installing: /home/s-lin/LIN/ros2_ws/chapt6_ws/install/fishbot_navigation2/share/fishbot_navigation2/environment/ament_prefix_path.sh
[0.458s] -- Installing: /home/s-lin/LIN/ros2_ws/chapt6_ws/install/fishbot_navigation2/share/fishbot_navigation2/environment/ament_prefix_path.dsv
[0.458s] -- Installing: /home/s-lin/LIN/ros2_ws/chapt6_ws/install/fishbot_navigation2/share/fishbot_navigation2/environment/path.sh
[0.458s] -- Installing: /home/s-lin/LIN/ros2_ws/chapt6_ws/install/fishbot_navigation2/share/fishbot_navigation2/environment/path.dsv
[0.458s] -- Installing: /home/s-lin/LIN/ros2_ws/chapt6_ws/install/fishbot_navigation2/share/fishbot_navigation2/local_setup.bash
[0.458s] -- Installing: /home/s-lin/LIN/ros2_ws/chapt6_ws/install/fishbot_navigation2/share/fishbot_navigation2/local_setup.sh
[0.458s] -- Installing: /home/s-lin/LIN/ros2_ws/chapt6_ws/install/fishbot_navigation2/share/fishbot_navigation2/local_setup.zsh
[0.458s] -- Installing: /home/s-lin/LIN/ros2_ws/chapt6_ws/install/fishbot_navigation2/share/fishbot_navigation2/local_setup.dsv
[0.458s] -- Installing: /home/s-lin/LIN/ros2_ws/chapt6_ws/install/fishbot_navigation2/share/fishbot_navigation2/package.dsv
[0.458s] -- Installing: /home/s-lin/LIN/ros2_ws/chapt6_ws/install/fishbot_navigation2/share/ament_index/resource_index/packages/fishbot_navigation2
[0.458s] -- Installing: /home/s-lin/LIN/ros2_ws/chapt6_ws/install/fishbot_navigation2/share/fishbot_navigation2/cmake/fishbot_navigation2Config.cmake
[0.458s] -- Installing: /home/s-lin/LIN/ros2_ws/chapt6_ws/install/fishbot_navigation2/share/fishbot_navigation2/cmake/fishbot_navigation2Config-version.cmake
[0.458s] -- Installing: /home/s-lin/LIN/ros2_ws/chapt6_ws/install/fishbot_navigation2/share/fishbot_navigation2/package.xml
[0.460s] Invoked command in '/home/s-lin/LIN/ros2_ws/chapt6_ws/build/fishbot_navigation2' returned '0': CMAKE_PREFIX_PATH=${CMAKE_PREFIX_PATH}:/home/s-lin/LIN/ros2_ws/chapt6_ws/install/fishbot_application:/opt/ros/jazzy DEBUGINFOD_URLS=https://debuginfod.ubuntu.com /usr/bin/cmake --install /home/s-lin/LIN/ros2_ws/chapt6_ws/build/fishbot_navigation2
