[0.043s] DEBUG:colcon:Command line arguments: ['/usr/bin/colcon', 'build']
[0.043s] DEBUG:colcon:Parsed command line arguments: Namespace(log_base=None, log_level=None, verb_name='build', build_base='build', install_base='install', merge_install=False, symlink_install=False, test_result_base=None, continue_on_error=False, executor='parallel', parallel_workers=16, event_handlers=None, ignore_user_meta=False, metas=['./colcon.meta'], base_paths=['.'], packages_ignore=None, packages_ignore_regex=None, paths=None, packages_up_to=None, packages_up_to_regex=None, packages_above=None, packages_above_and_dependencies=None, packages_above_depth=None, packages_select_by_dep=None, packages_skip_by_dep=None, packages_skip_up_to=None, packages_select_build_failed=False, packages_skip_build_finished=False, packages_select_test_failures=False, packages_skip_test_passed=False, packages_select=None, packages_skip=None, packages_select_regex=None, packages_skip_regex=None, packages_start=None, packages_end=None, allow_overriding=[], cmake_args=None, cmake_target=None, cmake_target_skip_unavailable=False, cmake_clean_cache=False, cmake_clean_first=False, cmake_force_configure=False, ament_cmake_args=None, catkin_cmake_args=None, catkin_skip_building_tests=False, verb_parser=<colcon_defaults.argument_parser.defaults.DefaultArgumentsDecorator object at 0x73b451c76660>, verb_extension=<colcon_core.verb.build.BuildVerb object at 0x73b451c763c0>, main=<bound method BuildVerb.main of <colcon_core.verb.build.BuildVerb object at 0x73b451c763c0>>)
[0.059s] Level 1:colcon.colcon_core.package_discovery:discover_packages(colcon_meta) check parameters
[0.059s] Level 1:colcon.colcon_core.package_discovery:discover_packages(recursive) check parameters
[0.059s] Level 1:colcon.colcon_core.package_discovery:discover_packages(ignore) check parameters
[0.059s] Level 1:colcon.colcon_core.package_discovery:discover_packages(path) check parameters
[0.059s] Level 1:colcon.colcon_core.package_discovery:discover_packages(colcon_meta) discover
[0.059s] Level 1:colcon.colcon_core.package_discovery:discover_packages(recursive) discover
[0.059s] INFO:colcon.colcon_core.package_discovery:Crawling recursively for packages in '/home/s-lin/LIN/ros2_ws/chapt6_ws'
[0.059s] Level 1:colcon.colcon_core.package_identification:_identify(.) by extensions ['ignore', 'ignore_ament_install']
[0.059s] Level 1:colcon.colcon_core.package_identification:_identify(.) by extension 'ignore'
[0.059s] Level 1:colcon.colcon_core.package_identification:_identify(.) by extension 'ignore_ament_install'
[0.059s] Level 1:colcon.colcon_core.package_identification:_identify(.) by extensions ['colcon_pkg']
[0.059s] Level 1:colcon.colcon_core.package_identification:_identify(.) by extension 'colcon_pkg'
[0.059s] Level 1:colcon.colcon_core.package_identification:_identify(.) by extensions ['colcon_meta']
[0.059s] Level 1:colcon.colcon_core.package_identification:_identify(.) by extension 'colcon_meta'
[0.059s] Level 1:colcon.colcon_core.package_identification:_identify(.) by extensions ['ros']
[0.059s] Level 1:colcon.colcon_core.package_identification:_identify(.) by extension 'ros'
[0.071s] Level 1:colcon.colcon_core.package_identification:_identify(.) by extensions ['cmake', 'python']
[0.071s] Level 1:colcon.colcon_core.package_identification:_identify(.) by extension 'cmake'
[0.071s] Level 1:colcon.colcon_core.package_identification:_identify(.) by extension 'python'
[0.071s] Level 1:colcon.colcon_core.package_identification:_identify(.) by extensions ['python_setup_py']
[0.071s] Level 1:colcon.colcon_core.package_identification:_identify(.) by extension 'python_setup_py'
[0.080s] Level 1:colcon.colcon_core.package_identification:_identify(build) by extensions ['ignore', 'ignore_ament_install']
[0.080s] Level 1:colcon.colcon_core.package_identification:_identify(build) by extension 'ignore'
[0.080s] Level 1:colcon.colcon_core.package_identification:_identify(build) ignored
[0.080s] Level 1:colcon.colcon_core.package_identification:_identify(install) by extensions ['ignore', 'ignore_ament_install']
[0.080s] Level 1:colcon.colcon_core.package_identification:_identify(install) by extension 'ignore'
[0.080s] Level 1:colcon.colcon_core.package_identification:_identify(install) ignored
[0.080s] Level 1:colcon.colcon_core.package_identification:_identify(log) by extensions ['ignore', 'ignore_ament_install']
[0.080s] Level 1:colcon.colcon_core.package_identification:_identify(log) by extension 'ignore'
[0.080s] Level 1:colcon.colcon_core.package_identification:_identify(log) ignored
[0.080s] Level 1:colcon.colcon_core.package_identification:_identify(src) by extensions ['ignore', 'ignore_ament_install']
[0.080s] Level 1:colcon.colcon_core.package_identification:_identify(src) by extension 'ignore'
[0.080s] Level 1:colcon.colcon_core.package_identification:_identify(src) by extension 'ignore_ament_install'
[0.080s] Level 1:colcon.colcon_core.package_identification:_identify(src) by extensions ['colcon_pkg']
[0.080s] Level 1:colcon.colcon_core.package_identification:_identify(src) by extension 'colcon_pkg'
[0.080s] Level 1:colcon.colcon_core.package_identification:_identify(src) by extensions ['colcon_meta']
[0.080s] Level 1:colcon.colcon_core.package_identification:_identify(src) by extension 'colcon_meta'
[0.080s] Level 1:colcon.colcon_core.package_identification:_identify(src) by extensions ['ros']
[0.080s] Level 1:colcon.colcon_core.package_identification:_identify(src) by extension 'ros'
[0.081s] Level 1:colcon.colcon_core.package_identification:_identify(src) by extensions ['cmake', 'python']
[0.081s] Level 1:colcon.colcon_core.package_identification:_identify(src) by extension 'cmake'
[0.081s] Level 1:colcon.colcon_core.package_identification:_identify(src) by extension 'python'
[0.081s] Level 1:colcon.colcon_core.package_identification:_identify(src) by extensions ['python_setup_py']
[0.081s] Level 1:colcon.colcon_core.package_identification:_identify(src) by extension 'python_setup_py'
[0.081s] Level 1:colcon.colcon_core.package_identification:_identify(src/fishbot_application) by extensions ['ignore', 'ignore_ament_install']
[0.081s] Level 1:colcon.colcon_core.package_identification:_identify(src/fishbot_application) by extension 'ignore'
[0.081s] Level 1:colcon.colcon_core.package_identification:_identify(src/fishbot_application) by extension 'ignore_ament_install'
[0.081s] Level 1:colcon.colcon_core.package_identification:_identify(src/fishbot_application) by extensions ['colcon_pkg']
[0.081s] Level 1:colcon.colcon_core.package_identification:_identify(src/fishbot_application) by extension 'colcon_pkg'
[0.081s] Level 1:colcon.colcon_core.package_identification:_identify(src/fishbot_application) by extensions ['colcon_meta']
[0.081s] Level 1:colcon.colcon_core.package_identification:_identify(src/fishbot_application) by extension 'colcon_meta'
[0.081s] Level 1:colcon.colcon_core.package_identification:_identify(src/fishbot_application) by extensions ['ros']
[0.081s] Level 1:colcon.colcon_core.package_identification:_identify(src/fishbot_application) by extension 'ros'
[0.082s] DEBUG:colcon.colcon_core.package_identification:Package 'src/fishbot_application' with type 'ros.ament_python' and name 'fishbot_application'
[0.082s] Level 1:colcon.colcon_core.package_identification:_identify(src/fishbot_description) by extensions ['ignore', 'ignore_ament_install']
[0.082s] Level 1:colcon.colcon_core.package_identification:_identify(src/fishbot_description) by extension 'ignore'
[0.082s] Level 1:colcon.colcon_core.package_identification:_identify(src/fishbot_description) by extension 'ignore_ament_install'
[0.082s] Level 1:colcon.colcon_core.package_identification:_identify(src/fishbot_description) by extensions ['colcon_pkg']
[0.082s] Level 1:colcon.colcon_core.package_identification:_identify(src/fishbot_description) by extension 'colcon_pkg'
[0.082s] Level 1:colcon.colcon_core.package_identification:_identify(src/fishbot_description) by extensions ['colcon_meta']
[0.082s] Level 1:colcon.colcon_core.package_identification:_identify(src/fishbot_description) by extension 'colcon_meta'
[0.082s] Level 1:colcon.colcon_core.package_identification:_identify(src/fishbot_description) by extensions ['ros']
[0.082s] Level 1:colcon.colcon_core.package_identification:_identify(src/fishbot_description) by extension 'ros'
[0.082s] DEBUG:colcon.colcon_core.package_identification:Package 'src/fishbot_description' with type 'ros.ament_cmake' and name 'fishbot_description'
[0.082s] Level 1:colcon.colcon_core.package_identification:_identify(src/fishbot_navigation2) by extensions ['ignore', 'ignore_ament_install']
[0.082s] Level 1:colcon.colcon_core.package_identification:_identify(src/fishbot_navigation2) by extension 'ignore'
[0.082s] Level 1:colcon.colcon_core.package_identification:_identify(src/fishbot_navigation2) by extension 'ignore_ament_install'
[0.082s] Level 1:colcon.colcon_core.package_identification:_identify(src/fishbot_navigation2) by extensions ['colcon_pkg']
[0.082s] Level 1:colcon.colcon_core.package_identification:_identify(src/fishbot_navigation2) by extension 'colcon_pkg'
[0.082s] Level 1:colcon.colcon_core.package_identification:_identify(src/fishbot_navigation2) by extensions ['colcon_meta']
[0.082s] Level 1:colcon.colcon_core.package_identification:_identify(src/fishbot_navigation2) by extension 'colcon_meta'
[0.082s] Level 1:colcon.colcon_core.package_identification:_identify(src/fishbot_navigation2) by extensions ['ros']
[0.082s] Level 1:colcon.colcon_core.package_identification:_identify(src/fishbot_navigation2) by extension 'ros'
[0.083s] DEBUG:colcon.colcon_core.package_identification:Package 'src/fishbot_navigation2' with type 'ros.ament_cmake' and name 'fishbot_navigation2'
[0.083s] Level 1:colcon.colcon_core.package_identification:_identify(src/log) by extensions ['ignore', 'ignore_ament_install']
[0.083s] Level 1:colcon.colcon_core.package_identification:_identify(src/log) by extension 'ignore'
[0.083s] Level 1:colcon.colcon_core.package_identification:_identify(src/log) ignored
[0.083s] Level 1:colcon.colcon_core.package_discovery:discover_packages(recursive) using defaults
[0.083s] Level 1:colcon.colcon_core.package_discovery:discover_packages(ignore) discover
[0.083s] Level 1:colcon.colcon_core.package_discovery:discover_packages(ignore) using defaults
[0.083s] Level 1:colcon.colcon_core.package_discovery:discover_packages(path) discover
[0.083s] Level 1:colcon.colcon_core.package_discovery:discover_packages(path) using defaults
[0.090s] Level 1:colcon.colcon_core.package_discovery:discover_packages(prefix_path) check parameters
[0.091s] Level 1:colcon.colcon_core.package_discovery:discover_packages(prefix_path) discover
[0.092s] DEBUG:colcon.colcon_installed_package_information.package_discovery:Found 407 installed packages in /opt/ros/jazzy
[0.092s] Level 1:colcon.colcon_core.package_discovery:discover_packages(prefix_path) using defaults
[0.112s] Level 5:colcon.colcon_core.verb:set package 'fishbot_application' build argument 'cmake_args' from command line to 'None'
[0.112s] Level 5:colcon.colcon_core.verb:set package 'fishbot_application' build argument 'cmake_target' from command line to 'None'
[0.112s] Level 5:colcon.colcon_core.verb:set package 'fishbot_application' build argument 'cmake_target_skip_unavailable' from command line to 'False'
[0.112s] Level 5:colcon.colcon_core.verb:set package 'fishbot_application' build argument 'cmake_clean_cache' from command line to 'False'
[0.112s] Level 5:colcon.colcon_core.verb:set package 'fishbot_application' build argument 'cmake_clean_first' from command line to 'False'
[0.112s] Level 5:colcon.colcon_core.verb:set package 'fishbot_application' build argument 'cmake_force_configure' from command line to 'False'
[0.112s] Level 5:colcon.colcon_core.verb:set package 'fishbot_application' build argument 'ament_cmake_args' from command line to 'None'
[0.112s] Level 5:colcon.colcon_core.verb:set package 'fishbot_application' build argument 'catkin_cmake_args' from command line to 'None'
[0.112s] Level 5:colcon.colcon_core.verb:set package 'fishbot_application' build argument 'catkin_skip_building_tests' from command line to 'False'
[0.112s] DEBUG:colcon.colcon_core.verb:Building package 'fishbot_application' with the following arguments: {'ament_cmake_args': None, 'build_base': '/home/s-lin/LIN/ros2_ws/chapt6_ws/build/fishbot_application', 'catkin_cmake_args': None, 'catkin_skip_building_tests': False, 'cmake_args': None, 'cmake_clean_cache': False, 'cmake_clean_first': False, 'cmake_force_configure': False, 'cmake_target': None, 'cmake_target_skip_unavailable': False, 'install_base': '/home/s-lin/LIN/ros2_ws/chapt6_ws/install/fishbot_application', 'merge_install': False, 'path': '/home/s-lin/LIN/ros2_ws/chapt6_ws/src/fishbot_application', 'symlink_install': False, 'test_result_base': None}
[0.112s] Level 5:colcon.colcon_core.verb:set package 'fishbot_description' build argument 'cmake_args' from command line to 'None'
[0.112s] Level 5:colcon.colcon_core.verb:set package 'fishbot_description' build argument 'cmake_target' from command line to 'None'
[0.112s] Level 5:colcon.colcon_core.verb:set package 'fishbot_description' build argument 'cmake_target_skip_unavailable' from command line to 'False'
[0.112s] Level 5:colcon.colcon_core.verb:set package 'fishbot_description' build argument 'cmake_clean_cache' from command line to 'False'
[0.112s] Level 5:colcon.colcon_core.verb:set package 'fishbot_description' build argument 'cmake_clean_first' from command line to 'False'
[0.112s] Level 5:colcon.colcon_core.verb:set package 'fishbot_description' build argument 'cmake_force_configure' from command line to 'False'
[0.112s] Level 5:colcon.colcon_core.verb:set package 'fishbot_description' build argument 'ament_cmake_args' from command line to 'None'
[0.112s] Level 5:colcon.colcon_core.verb:set package 'fishbot_description' build argument 'catkin_cmake_args' from command line to 'None'
[0.112s] Level 5:colcon.colcon_core.verb:set package 'fishbot_description' build argument 'catkin_skip_building_tests' from command line to 'False'
[0.112s] DEBUG:colcon.colcon_core.verb:Building package 'fishbot_description' with the following arguments: {'ament_cmake_args': None, 'build_base': '/home/s-lin/LIN/ros2_ws/chapt6_ws/build/fishbot_description', 'catkin_cmake_args': None, 'catkin_skip_building_tests': False, 'cmake_args': None, 'cmake_clean_cache': False, 'cmake_clean_first': False, 'cmake_force_configure': False, 'cmake_target': None, 'cmake_target_skip_unavailable': False, 'install_base': '/home/s-lin/LIN/ros2_ws/chapt6_ws/install/fishbot_description', 'merge_install': False, 'path': '/home/s-lin/LIN/ros2_ws/chapt6_ws/src/fishbot_description', 'symlink_install': False, 'test_result_base': None}
[0.113s] Level 5:colcon.colcon_core.verb:set package 'fishbot_navigation2' build argument 'cmake_args' from command line to 'None'
[0.113s] Level 5:colcon.colcon_core.verb:set package 'fishbot_navigation2' build argument 'cmake_target' from command line to 'None'
[0.113s] Level 5:colcon.colcon_core.verb:set package 'fishbot_navigation2' build argument 'cmake_target_skip_unavailable' from command line to 'False'
[0.113s] Level 5:colcon.colcon_core.verb:set package 'fishbot_navigation2' build argument 'cmake_clean_cache' from command line to 'False'
[0.113s] Level 5:colcon.colcon_core.verb:set package 'fishbot_navigation2' build argument 'cmake_clean_first' from command line to 'False'
[0.113s] Level 5:colcon.colcon_core.verb:set package 'fishbot_navigation2' build argument 'cmake_force_configure' from command line to 'False'
[0.113s] Level 5:colcon.colcon_core.verb:set package 'fishbot_navigation2' build argument 'ament_cmake_args' from command line to 'None'
[0.113s] Level 5:colcon.colcon_core.verb:set package 'fishbot_navigation2' build argument 'catkin_cmake_args' from command line to 'None'
[0.113s] Level 5:colcon.colcon_core.verb:set package 'fishbot_navigation2' build argument 'catkin_skip_building_tests' from command line to 'False'
[0.113s] DEBUG:colcon.colcon_core.verb:Building package 'fishbot_navigation2' with the following arguments: {'ament_cmake_args': None, 'build_base': '/home/s-lin/LIN/ros2_ws/chapt6_ws/build/fishbot_navigation2', 'catkin_cmake_args': None, 'catkin_skip_building_tests': False, 'cmake_args': None, 'cmake_clean_cache': False, 'cmake_clean_first': False, 'cmake_force_configure': False, 'cmake_target': None, 'cmake_target_skip_unavailable': False, 'install_base': '/home/s-lin/LIN/ros2_ws/chapt6_ws/install/fishbot_navigation2', 'merge_install': False, 'path': '/home/s-lin/LIN/ros2_ws/chapt6_ws/src/fishbot_navigation2', 'symlink_install': False, 'test_result_base': None}
[0.113s] INFO:colcon.colcon_core.executor:Executing jobs using 'parallel' executor
[0.113s] DEBUG:colcon.colcon_parallel_executor.executor.parallel:run_until_complete
[0.113s] INFO:colcon.colcon_ros.task.ament_python.build:Building ROS package in '/home/s-lin/LIN/ros2_ws/chapt6_ws/src/fishbot_application' with build type 'ament_python'
[0.113s] Level 1:colcon.colcon_core.shell:create_environment_hook('fishbot_application', 'ament_prefix_path')
[0.114s] INFO:colcon.colcon_core.plugin_system:Skipping extension 'colcon_core.shell.bat': Not used on non-Windows systems
[0.114s] INFO:colcon.colcon_core.shell:Creating environment hook '/home/s-lin/LIN/ros2_ws/chapt6_ws/install/fishbot_application/share/fishbot_application/hook/ament_prefix_path.ps1'
[0.115s] INFO:colcon.colcon_core.shell:Creating environment descriptor '/home/s-lin/LIN/ros2_ws/chapt6_ws/install/fishbot_application/share/fishbot_application/hook/ament_prefix_path.dsv'
[0.115s] INFO:colcon.colcon_core.shell:Creating environment hook '/home/s-lin/LIN/ros2_ws/chapt6_ws/install/fishbot_application/share/fishbot_application/hook/ament_prefix_path.sh'
[0.115s] INFO:colcon.colcon_core.shell:Skip shell extension 'powershell' for command environment: Not usable outside of PowerShell
[0.115s] DEBUG:colcon.colcon_core.shell:Skip shell extension 'dsv' for command environment
[0.117s] INFO:colcon.colcon_ros.task.ament_cmake.build:Building ROS package in '/home/s-lin/LIN/ros2_ws/chapt6_ws/src/fishbot_description' with build type 'ament_cmake'
[0.117s] INFO:colcon.colcon_cmake.task.cmake.build:Building CMake package in '/home/s-lin/LIN/ros2_ws/chapt6_ws/src/fishbot_description'
[0.117s] INFO:colcon.colcon_core.shell:Skip shell extension 'powershell' for command environment: Not usable outside of PowerShell
[0.117s] DEBUG:colcon.colcon_core.shell:Skip shell extension 'dsv' for command environment
[0.118s] INFO:colcon.colcon_ros.task.ament_cmake.build:Building ROS package in '/home/s-lin/LIN/ros2_ws/chapt6_ws/src/fishbot_navigation2' with build type 'ament_cmake'
[0.118s] INFO:colcon.colcon_cmake.task.cmake.build:Building CMake package in '/home/s-lin/LIN/ros2_ws/chapt6_ws/src/fishbot_navigation2'
[0.118s] INFO:colcon.colcon_core.shell:Skip shell extension 'powershell' for command environment: Not usable outside of PowerShell
[0.118s] DEBUG:colcon.colcon_core.shell:Skip shell extension 'dsv' for command environment
[0.212s] INFO:colcon.colcon_core.task.python.build:Building Python package in '/home/s-lin/LIN/ros2_ws/chapt6_ws/src/fishbot_application'
[0.212s] INFO:colcon.colcon_core.shell:Skip shell extension 'powershell' for command environment: Not usable outside of PowerShell
[0.213s] DEBUG:colcon.colcon_core.shell:Skip shell extension 'dsv' for command environment
[0.216s] DEBUG:colcon.colcon_core.event_handler.log_command:Invoking command in '/home/s-lin/LIN/ros2_ws/chapt6_ws/build/fishbot_description': CMAKE_PREFIX_PATH=${CMAKE_PREFIX_PATH}:/opt/ros/jazzy DEBUGINFOD_URLS=https://debuginfod.ubuntu.com /usr/bin/cmake --build /home/s-lin/LIN/ros2_ws/chapt6_ws/build/fishbot_description -- -j16 -l16
[0.217s] DEBUG:colcon.colcon_core.event_handler.log_command:Invoking command in '/home/s-lin/LIN/ros2_ws/chapt6_ws/build/fishbot_navigation2': CMAKE_PREFIX_PATH=${CMAKE_PREFIX_PATH}:/opt/ros/jazzy DEBUGINFOD_URLS=https://debuginfod.ubuntu.com /usr/bin/cmake --build /home/s-lin/LIN/ros2_ws/chapt6_ws/build/fishbot_navigation2 -- -j16 -l16
[0.231s] DEBUG:colcon.colcon_core.event_handler.log_command:Invoked command in '/home/s-lin/LIN/ros2_ws/chapt6_ws/build/fishbot_description' returned '0': CMAKE_PREFIX_PATH=${CMAKE_PREFIX_PATH}:/opt/ros/jazzy DEBUGINFOD_URLS=https://debuginfod.ubuntu.com /usr/bin/cmake --build /home/s-lin/LIN/ros2_ws/chapt6_ws/build/fishbot_description -- -j16 -l16
[0.235s] DEBUG:colcon.colcon_core.event_handler.log_command:Invoking command in '/home/s-lin/LIN/ros2_ws/chapt6_ws/build/fishbot_description': CMAKE_PREFIX_PATH=${CMAKE_PREFIX_PATH}:/opt/ros/jazzy DEBUGINFOD_URLS=https://debuginfod.ubuntu.com /usr/bin/cmake --install /home/s-lin/LIN/ros2_ws/chapt6_ws/build/fishbot_description
[0.235s] DEBUG:colcon.colcon_core.event_handler.log_command:Invoked command in '/home/s-lin/LIN/ros2_ws/chapt6_ws/build/fishbot_navigation2' returned '0': CMAKE_PREFIX_PATH=${CMAKE_PREFIX_PATH}:/opt/ros/jazzy DEBUGINFOD_URLS=https://debuginfod.ubuntu.com /usr/bin/cmake --build /home/s-lin/LIN/ros2_ws/chapt6_ws/build/fishbot_navigation2 -- -j16 -l16
[0.236s] DEBUG:colcon.colcon_core.event_handler.log_command:Invoking command in '/home/s-lin/LIN/ros2_ws/chapt6_ws/build/fishbot_navigation2': CMAKE_PREFIX_PATH=${CMAKE_PREFIX_PATH}:/opt/ros/jazzy DEBUGINFOD_URLS=https://debuginfod.ubuntu.com /usr/bin/cmake --install /home/s-lin/LIN/ros2_ws/chapt6_ws/build/fishbot_navigation2
[0.239s] Level 1:colcon.colcon_core.environment:create_environment_scripts_only(fishbot_description)
[0.242s] DEBUG:colcon.colcon_core.event_handler.log_command:Invoked command in '/home/s-lin/LIN/ros2_ws/chapt6_ws/build/fishbot_description' returned '0': CMAKE_PREFIX_PATH=${CMAKE_PREFIX_PATH}:/opt/ros/jazzy DEBUGINFOD_URLS=https://debuginfod.ubuntu.com /usr/bin/cmake --install /home/s-lin/LIN/ros2_ws/chapt6_ws/build/fishbot_description
[0.242s] Level 1:colcon.colcon_core.environment:checking '/home/s-lin/LIN/ros2_ws/chapt6_ws/install/fishbot_description' for CMake module files
[0.242s] Level 1:colcon.colcon_core.environment:checking '/home/s-lin/LIN/ros2_ws/chapt6_ws/install/fishbot_description' for CMake config files
[0.242s] Level 1:colcon.colcon_core.shell:create_environment_hook('fishbot_description', 'cmake_prefix_path')
[0.243s] INFO:colcon.colcon_core.shell:Creating environment hook '/home/s-lin/LIN/ros2_ws/chapt6_ws/install/fishbot_description/share/fishbot_description/hook/cmake_prefix_path.ps1'
[0.243s] INFO:colcon.colcon_core.shell:Creating environment descriptor '/home/s-lin/LIN/ros2_ws/chapt6_ws/install/fishbot_description/share/fishbot_description/hook/cmake_prefix_path.dsv'
[0.243s] INFO:colcon.colcon_core.shell:Creating environment hook '/home/s-lin/LIN/ros2_ws/chapt6_ws/install/fishbot_description/share/fishbot_description/hook/cmake_prefix_path.sh'
[0.243s] Level 1:colcon.colcon_core.environment:checking '/home/s-lin/LIN/ros2_ws/chapt6_ws/install/fishbot_description/bin'
[0.243s] Level 1:colcon.colcon_core.environment:checking '/home/s-lin/LIN/ros2_ws/chapt6_ws/install/fishbot_description/lib/pkgconfig/fishbot_description.pc'
[0.244s] Level 1:colcon.colcon_core.environment:checking '/home/s-lin/LIN/ros2_ws/chapt6_ws/install/fishbot_description/lib/python3.12/site-packages'
[0.244s] Level 1:colcon.colcon_core.environment:checking '/home/s-lin/LIN/ros2_ws/chapt6_ws/install/fishbot_description/bin'
[0.244s] INFO:colcon.colcon_core.shell:Creating package script '/home/s-lin/LIN/ros2_ws/chapt6_ws/install/fishbot_description/share/fishbot_description/package.ps1'
[0.245s] INFO:colcon.colcon_core.shell:Creating package descriptor '/home/s-lin/LIN/ros2_ws/chapt6_ws/install/fishbot_description/share/fishbot_description/package.dsv'
[0.245s] INFO:colcon.colcon_core.shell:Creating package script '/home/s-lin/LIN/ros2_ws/chapt6_ws/install/fishbot_description/share/fishbot_description/package.sh'
[0.245s] INFO:colcon.colcon_core.shell:Creating package script '/home/s-lin/LIN/ros2_ws/chapt6_ws/install/fishbot_description/share/fishbot_description/package.bash'
[0.245s] INFO:colcon.colcon_core.shell:Creating package script '/home/s-lin/LIN/ros2_ws/chapt6_ws/install/fishbot_description/share/fishbot_description/package.zsh'
[0.246s] Level 1:colcon.colcon_core.environment:create_file_with_runtime_dependencies(/home/s-lin/LIN/ros2_ws/chapt6_ws/install/fishbot_description/share/colcon-core/packages/fishbot_description)
[0.246s] Level 1:colcon.colcon_core.environment:create_environment_scripts_only(fishbot_description)
[0.246s] Level 1:colcon.colcon_core.environment:checking '/home/s-lin/LIN/ros2_ws/chapt6_ws/install/fishbot_description' for CMake module files
[0.246s] Level 1:colcon.colcon_core.environment:checking '/home/s-lin/LIN/ros2_ws/chapt6_ws/install/fishbot_description' for CMake config files
[0.246s] Level 1:colcon.colcon_core.shell:create_environment_hook('fishbot_description', 'cmake_prefix_path')
[0.246s] INFO:colcon.colcon_core.shell:Creating environment hook '/home/s-lin/LIN/ros2_ws/chapt6_ws/install/fishbot_description/share/fishbot_description/hook/cmake_prefix_path.ps1'
[0.247s] INFO:colcon.colcon_core.shell:Creating environment descriptor '/home/s-lin/LIN/ros2_ws/chapt6_ws/install/fishbot_description/share/fishbot_description/hook/cmake_prefix_path.dsv'
[0.247s] INFO:colcon.colcon_core.shell:Creating environment hook '/home/s-lin/LIN/ros2_ws/chapt6_ws/install/fishbot_description/share/fishbot_description/hook/cmake_prefix_path.sh'
[0.247s] Level 1:colcon.colcon_core.environment:checking '/home/s-lin/LIN/ros2_ws/chapt6_ws/install/fishbot_description/bin'
[0.247s] Level 1:colcon.colcon_core.environment:checking '/home/s-lin/LIN/ros2_ws/chapt6_ws/install/fishbot_description/lib/pkgconfig/fishbot_description.pc'
[0.247s] Level 1:colcon.colcon_core.environment:checking '/home/s-lin/LIN/ros2_ws/chapt6_ws/install/fishbot_description/lib/python3.12/site-packages'
[0.247s] Level 1:colcon.colcon_core.environment:checking '/home/s-lin/LIN/ros2_ws/chapt6_ws/install/fishbot_description/bin'
[0.247s] INFO:colcon.colcon_core.shell:Creating package script '/home/s-lin/LIN/ros2_ws/chapt6_ws/install/fishbot_description/share/fishbot_description/package.ps1'
[0.248s] INFO:colcon.colcon_core.shell:Creating package descriptor '/home/s-lin/LIN/ros2_ws/chapt6_ws/install/fishbot_description/share/fishbot_description/package.dsv'
[0.248s] INFO:colcon.colcon_core.shell:Creating package script '/home/s-lin/LIN/ros2_ws/chapt6_ws/install/fishbot_description/share/fishbot_description/package.sh'
[0.248s] INFO:colcon.colcon_core.shell:Creating package script '/home/s-lin/LIN/ros2_ws/chapt6_ws/install/fishbot_description/share/fishbot_description/package.bash'
[0.248s] INFO:colcon.colcon_core.shell:Creating package script '/home/s-lin/LIN/ros2_ws/chapt6_ws/install/fishbot_description/share/fishbot_description/package.zsh'
[0.248s] Level 1:colcon.colcon_core.environment:create_file_with_runtime_dependencies(/home/s-lin/LIN/ros2_ws/chapt6_ws/install/fishbot_description/share/colcon-core/packages/fishbot_description)
[0.248s] Level 1:colcon.colcon_core.environment:create_environment_scripts_only(fishbot_navigation2)
[0.248s] Level 1:colcon.colcon_core.environment:checking '/home/s-lin/LIN/ros2_ws/chapt6_ws/install/fishbot_navigation2' for CMake module files
[0.249s] DEBUG:colcon.colcon_core.event_handler.log_command:Invoked command in '/home/s-lin/LIN/ros2_ws/chapt6_ws/build/fishbot_navigation2' returned '0': CMAKE_PREFIX_PATH=${CMAKE_PREFIX_PATH}:/opt/ros/jazzy DEBUGINFOD_URLS=https://debuginfod.ubuntu.com /usr/bin/cmake --install /home/s-lin/LIN/ros2_ws/chapt6_ws/build/fishbot_navigation2
[0.249s] Level 1:colcon.colcon_core.environment:checking '/home/s-lin/LIN/ros2_ws/chapt6_ws/install/fishbot_navigation2' for CMake config files
[0.249s] Level 1:colcon.colcon_core.shell:create_environment_hook('fishbot_navigation2', 'cmake_prefix_path')
[0.249s] INFO:colcon.colcon_core.shell:Creating environment hook '/home/s-lin/LIN/ros2_ws/chapt6_ws/install/fishbot_navigation2/share/fishbot_navigation2/hook/cmake_prefix_path.ps1'
[0.249s] INFO:colcon.colcon_core.shell:Creating environment descriptor '/home/s-lin/LIN/ros2_ws/chapt6_ws/install/fishbot_navigation2/share/fishbot_navigation2/hook/cmake_prefix_path.dsv'
[0.250s] INFO:colcon.colcon_core.shell:Creating environment hook '/home/s-lin/LIN/ros2_ws/chapt6_ws/install/fishbot_navigation2/share/fishbot_navigation2/hook/cmake_prefix_path.sh'
[0.250s] Level 1:colcon.colcon_core.environment:checking '/home/s-lin/LIN/ros2_ws/chapt6_ws/install/fishbot_navigation2/bin'
[0.250s] Level 1:colcon.colcon_core.environment:checking '/home/s-lin/LIN/ros2_ws/chapt6_ws/install/fishbot_navigation2/lib/pkgconfig/fishbot_navigation2.pc'
[0.250s] Level 1:colcon.colcon_core.environment:checking '/home/s-lin/LIN/ros2_ws/chapt6_ws/install/fishbot_navigation2/lib/python3.12/site-packages'
[0.250s] Level 1:colcon.colcon_core.environment:checking '/home/s-lin/LIN/ros2_ws/chapt6_ws/install/fishbot_navigation2/bin'
[0.250s] INFO:colcon.colcon_core.shell:Creating package script '/home/s-lin/LIN/ros2_ws/chapt6_ws/install/fishbot_navigation2/share/fishbot_navigation2/package.ps1'
[0.250s] INFO:colcon.colcon_core.shell:Creating package descriptor '/home/s-lin/LIN/ros2_ws/chapt6_ws/install/fishbot_navigation2/share/fishbot_navigation2/package.dsv'
[0.251s] INFO:colcon.colcon_core.shell:Creating package script '/home/s-lin/LIN/ros2_ws/chapt6_ws/install/fishbot_navigation2/share/fishbot_navigation2/package.sh'
[0.251s] INFO:colcon.colcon_core.shell:Creating package script '/home/s-lin/LIN/ros2_ws/chapt6_ws/install/fishbot_navigation2/share/fishbot_navigation2/package.bash'
[0.251s] INFO:colcon.colcon_core.shell:Creating package script '/home/s-lin/LIN/ros2_ws/chapt6_ws/install/fishbot_navigation2/share/fishbot_navigation2/package.zsh'
[0.251s] Level 1:colcon.colcon_core.environment:create_file_with_runtime_dependencies(/home/s-lin/LIN/ros2_ws/chapt6_ws/install/fishbot_navigation2/share/colcon-core/packages/fishbot_navigation2)
[0.251s] Level 1:colcon.colcon_core.environment:create_environment_scripts_only(fishbot_navigation2)
[0.251s] Level 1:colcon.colcon_core.environment:checking '/home/s-lin/LIN/ros2_ws/chapt6_ws/install/fishbot_navigation2' for CMake module files
[0.251s] Level 1:colcon.colcon_core.environment:checking '/home/s-lin/LIN/ros2_ws/chapt6_ws/install/fishbot_navigation2' for CMake config files
[0.251s] Level 1:colcon.colcon_core.shell:create_environment_hook('fishbot_navigation2', 'cmake_prefix_path')
[0.251s] INFO:colcon.colcon_core.shell:Creating environment hook '/home/s-lin/LIN/ros2_ws/chapt6_ws/install/fishbot_navigation2/share/fishbot_navigation2/hook/cmake_prefix_path.ps1'
[0.252s] INFO:colcon.colcon_core.shell:Creating environment descriptor '/home/s-lin/LIN/ros2_ws/chapt6_ws/install/fishbot_navigation2/share/fishbot_navigation2/hook/cmake_prefix_path.dsv'
[0.252s] INFO:colcon.colcon_core.shell:Creating environment hook '/home/s-lin/LIN/ros2_ws/chapt6_ws/install/fishbot_navigation2/share/fishbot_navigation2/hook/cmake_prefix_path.sh'
[0.252s] Level 1:colcon.colcon_core.environment:checking '/home/s-lin/LIN/ros2_ws/chapt6_ws/install/fishbot_navigation2/bin'
[0.252s] Level 1:colcon.colcon_core.environment:checking '/home/s-lin/LIN/ros2_ws/chapt6_ws/install/fishbot_navigation2/lib/pkgconfig/fishbot_navigation2.pc'
[0.252s] Level 1:colcon.colcon_core.environment:checking '/home/s-lin/LIN/ros2_ws/chapt6_ws/install/fishbot_navigation2/lib/python3.12/site-packages'
[0.252s] Level 1:colcon.colcon_core.environment:checking '/home/s-lin/LIN/ros2_ws/chapt6_ws/install/fishbot_navigation2/bin'
[0.252s] INFO:colcon.colcon_core.shell:Creating package script '/home/s-lin/LIN/ros2_ws/chapt6_ws/install/fishbot_navigation2/share/fishbot_navigation2/package.ps1'
[0.252s] INFO:colcon.colcon_core.shell:Creating package descriptor '/home/s-lin/LIN/ros2_ws/chapt6_ws/install/fishbot_navigation2/share/fishbot_navigation2/package.dsv'
[0.253s] INFO:colcon.colcon_core.shell:Creating package script '/home/s-lin/LIN/ros2_ws/chapt6_ws/install/fishbot_navigation2/share/fishbot_navigation2/package.sh'
[0.253s] INFO:colcon.colcon_core.shell:Creating package script '/home/s-lin/LIN/ros2_ws/chapt6_ws/install/fishbot_navigation2/share/fishbot_navigation2/package.bash'
[0.253s] INFO:colcon.colcon_core.shell:Creating package script '/home/s-lin/LIN/ros2_ws/chapt6_ws/install/fishbot_navigation2/share/fishbot_navigation2/package.zsh'
[0.253s] Level 1:colcon.colcon_core.environment:create_file_with_runtime_dependencies(/home/s-lin/LIN/ros2_ws/chapt6_ws/install/fishbot_navigation2/share/colcon-core/packages/fishbot_navigation2)
[0.437s] DEBUG:colcon.colcon_core.event_handler.log_command:Invoking command in '/home/s-lin/LIN/ros2_ws/chapt6_ws/src/fishbot_application': DEBUGINFOD_URLS=https://debuginfod.ubuntu.com PYTHONPATH=/home/s-lin/LIN/ros2_ws/chapt6_ws/build/fishbot_application/prefix_override:/usr/lib/python3/dist-packages/colcon_core/task/python/colcon_distutils_commands:/home/s-lin/LIN/ros2_ws/chapt6_ws/install/fishbot_application/lib/python3.12/site-packages:${PYTHONPATH} /usr/bin/python3 -W ignore:setup.py install is deprecated -W ignore:easy_install command is deprecated setup.py egg_info --egg-base ../../build/fishbot_application build --build-base /home/s-lin/LIN/ros2_ws/chapt6_ws/build/fishbot_application/build install --record /home/s-lin/LIN/ros2_ws/chapt6_ws/build/fishbot_application/install.log --single-version-externally-managed install_data
[0.638s] Level 1:colcon.colcon_core.environment:checking '/home/s-lin/LIN/ros2_ws/chapt6_ws/install/fishbot_application' for CMake module files
[0.638s] DEBUG:colcon.colcon_core.event_handler.log_command:Invoked command in '/home/s-lin/LIN/ros2_ws/chapt6_ws/src/fishbot_application' returned '0': DEBUGINFOD_URLS=https://debuginfod.ubuntu.com PYTHONPATH=/home/s-lin/LIN/ros2_ws/chapt6_ws/build/fishbot_application/prefix_override:/usr/lib/python3/dist-packages/colcon_core/task/python/colcon_distutils_commands:/home/s-lin/LIN/ros2_ws/chapt6_ws/install/fishbot_application/lib/python3.12/site-packages:${PYTHONPATH} /usr/bin/python3 -W ignore:setup.py install is deprecated -W ignore:easy_install command is deprecated setup.py egg_info --egg-base ../../build/fishbot_application build --build-base /home/s-lin/LIN/ros2_ws/chapt6_ws/build/fishbot_application/build install --record /home/s-lin/LIN/ros2_ws/chapt6_ws/build/fishbot_application/install.log --single-version-externally-managed install_data
[0.638s] Level 1:colcon.colcon_core.environment:checking '/home/s-lin/LIN/ros2_ws/chapt6_ws/install/fishbot_application' for CMake config files
[0.639s] Level 1:colcon.colcon_core.environment:checking '/home/s-lin/LIN/ros2_ws/chapt6_ws/install/fishbot_application/lib'
[0.639s] Level 1:colcon.colcon_core.environment:checking '/home/s-lin/LIN/ros2_ws/chapt6_ws/install/fishbot_application/bin'
[0.639s] Level 1:colcon.colcon_core.environment:checking '/home/s-lin/LIN/ros2_ws/chapt6_ws/install/fishbot_application/lib/pkgconfig/fishbot_application.pc'
[0.639s] Level 1:colcon.colcon_core.environment:checking '/home/s-lin/LIN/ros2_ws/chapt6_ws/install/fishbot_application/lib/python3.12/site-packages'
[0.639s] Level 1:colcon.colcon_core.shell:create_environment_hook('fishbot_application', 'pythonpath')
[0.639s] INFO:colcon.colcon_core.shell:Creating environment hook '/home/s-lin/LIN/ros2_ws/chapt6_ws/install/fishbot_application/share/fishbot_application/hook/pythonpath.ps1'
[0.639s] INFO:colcon.colcon_core.shell:Creating environment descriptor '/home/s-lin/LIN/ros2_ws/chapt6_ws/install/fishbot_application/share/fishbot_application/hook/pythonpath.dsv'
[0.639s] INFO:colcon.colcon_core.shell:Creating environment hook '/home/s-lin/LIN/ros2_ws/chapt6_ws/install/fishbot_application/share/fishbot_application/hook/pythonpath.sh'
[0.640s] Level 1:colcon.colcon_core.environment:checking '/home/s-lin/LIN/ros2_ws/chapt6_ws/install/fishbot_application/bin'
[0.640s] Level 1:colcon.colcon_core.environment:create_environment_scripts_only(fishbot_application)
[0.640s] INFO:colcon.colcon_core.shell:Creating package script '/home/s-lin/LIN/ros2_ws/chapt6_ws/install/fishbot_application/share/fishbot_application/package.ps1'
[0.640s] INFO:colcon.colcon_core.shell:Creating package descriptor '/home/s-lin/LIN/ros2_ws/chapt6_ws/install/fishbot_application/share/fishbot_application/package.dsv'
[0.640s] INFO:colcon.colcon_core.shell:Creating package script '/home/s-lin/LIN/ros2_ws/chapt6_ws/install/fishbot_application/share/fishbot_application/package.sh'
[0.640s] INFO:colcon.colcon_core.shell:Creating package script '/home/s-lin/LIN/ros2_ws/chapt6_ws/install/fishbot_application/share/fishbot_application/package.bash'
[0.640s] INFO:colcon.colcon_core.shell:Creating package script '/home/s-lin/LIN/ros2_ws/chapt6_ws/install/fishbot_application/share/fishbot_application/package.zsh'
[0.641s] Level 1:colcon.colcon_core.environment:create_file_with_runtime_dependencies(/home/s-lin/LIN/ros2_ws/chapt6_ws/install/fishbot_application/share/colcon-core/packages/fishbot_application)
[0.641s] DEBUG:colcon.colcon_parallel_executor.executor.parallel:closing loop
[0.641s] DEBUG:colcon.colcon_parallel_executor.executor.parallel:loop closed
[0.641s] DEBUG:colcon.colcon_parallel_executor.executor.parallel:run_until_complete finished with '0'
[0.641s] DEBUG:colcon.colcon_core.event_reactor:joining thread
[0.644s] INFO:colcon.colcon_core.plugin_system:Skipping extension 'colcon_notification.desktop_notification.terminal_notifier': Not used on non-Darwin systems
[0.644s] INFO:colcon.colcon_core.plugin_system:Skipping extension 'colcon_notification.desktop_notification.win32': Not used on non-Windows systems
[0.644s] INFO:colcon.colcon_notification.desktop_notification:Sending desktop notification using 'notify2'
[0.661s] DEBUG:colcon.colcon_core.event_reactor:joined thread
[0.661s] INFO:colcon.colcon_core.shell:Creating prefix script '/home/s-lin/LIN/ros2_ws/chapt6_ws/install/local_setup.ps1'
[0.661s] INFO:colcon.colcon_core.shell:Creating prefix util module '/home/s-lin/LIN/ros2_ws/chapt6_ws/install/_local_setup_util_ps1.py'
[0.661s] INFO:colcon.colcon_core.shell:Creating prefix chain script '/home/s-lin/LIN/ros2_ws/chapt6_ws/install/setup.ps1'
[0.662s] INFO:colcon.colcon_core.shell:Creating prefix script '/home/s-lin/LIN/ros2_ws/chapt6_ws/install/local_setup.sh'
[0.662s] INFO:colcon.colcon_core.shell:Creating prefix util module '/home/s-lin/LIN/ros2_ws/chapt6_ws/install/_local_setup_util_sh.py'
[0.662s] INFO:colcon.colcon_core.shell:Creating prefix chain script '/home/s-lin/LIN/ros2_ws/chapt6_ws/install/setup.sh'
[0.663s] INFO:colcon.colcon_core.shell:Creating prefix script '/home/s-lin/LIN/ros2_ws/chapt6_ws/install/local_setup.bash'
[0.663s] INFO:colcon.colcon_core.shell:Creating prefix chain script '/home/s-lin/LIN/ros2_ws/chapt6_ws/install/setup.bash'
[0.663s] INFO:colcon.colcon_core.shell:Creating prefix script '/home/s-lin/LIN/ros2_ws/chapt6_ws/install/local_setup.zsh'
[0.663s] INFO:colcon.colcon_core.shell:Creating prefix chain script '/home/s-lin/LIN/ros2_ws/chapt6_ws/install/setup.zsh'
