-- Install configuration: ""
-- Up-to-date: /home/s-lin/LIN/ros2_ws/chapt6_ws/install/fishbot_description/share/fishbot_description/urdf
-- Up-to-date: /home/s-lin/LIN/ros2_ws/chapt6_ws/install/fishbot_description/share/fishbot_description/urdf/mini_diff_robot.pdf
-- Up-to-date: /home/s-lin/LIN/ros2_ws/chapt6_ws/install/fishbot_description/share/fishbot_description/urdf/mini_diff
-- Up-to-date: /home/s-lin/LIN/ros2_ws/chapt6_ws/install/fishbot_description/share/fishbot_description/urdf/mini_diff/base.urdf.xacro
-- Up-to-date: /home/s-lin/LIN/ros2_ws/chapt6_ws/install/fishbot_description/share/fishbot_description/urdf/mini_diff/controller.urdf.xacro
-- Up-to-date: /home/s-lin/LIN/ros2_ws/chapt6_ws/install/fishbot_description/share/fishbot_description/urdf/mini_diff/camera.urdf.xacro
-- Up-to-date: /home/s-lin/LIN/ros2_ws/chapt6_ws/install/fishbot_description/share/fishbot_description/urdf/mini_diff/right.urdf.xacro
-- Up-to-date: /home/s-lin/LIN/ros2_ws/chapt6_ws/install/fishbot_description/share/fishbot_description/urdf/mini_diff/fishbot.urdf.xacro
-- Up-to-date: /home/s-lin/LIN/ros2_ws/chapt6_ws/install/fishbot_description/share/fishbot_description/urdf/mini_diff/left.urdf.xacro
-- Up-to-date: /home/s-lin/LIN/ros2_ws/chapt6_ws/install/fishbot_description/share/fishbot_description/urdf/mini_diff/fishbot.ros2_control.xacro
-- Up-to-date: /home/s-lin/LIN/ros2_ws/chapt6_ws/install/fishbot_description/share/fishbot_description/urdf/mini_diff/laser.urdf.xacro
-- Up-to-date: /home/s-lin/LIN/ros2_ws/chapt6_ws/install/fishbot_description/share/fishbot_description/urdf/mini_diff/front.urdf.xacro
-- Up-to-date: /home/s-lin/LIN/ros2_ws/chapt6_ws/install/fishbot_description/share/fishbot_description/urdf/mini_diff_robot.urdf
-- Up-to-date: /home/s-lin/LIN/ros2_ws/chapt6_ws/install/fishbot_description/share/fishbot_description/urdf/mini_diff_robot.gv
-- Up-to-date: /home/s-lin/LIN/ros2_ws/chapt6_ws/install/fishbot_description/share/fishbot_description/urdf/mini_diff_robot.xacro
-- Up-to-date: /home/s-lin/LIN/ros2_ws/chapt6_ws/install/fishbot_description/share/fishbot_description/urdf/plugins
-- Up-to-date: /home/s-lin/LIN/ros2_ws/chapt6_ws/install/fishbot_description/share/fishbot_description/urdf/plugins/gazebo_control_plugin.xacro
-- Up-to-date: /home/s-lin/LIN/ros2_ws/chapt6_ws/install/fishbot_description/share/fishbot_description/urdf/plugins/gazebo_sensor_plugin.xacro
-- Up-to-date: /home/s-lin/LIN/ros2_ws/chapt6_ws/install/fishbot_description/share/fishbot_description/urdf/model.config
-- Up-to-date: /home/s-lin/LIN/ros2_ws/chapt6_ws/install/fishbot_description/share/fishbot_description/launch
-- Up-to-date: /home/s-lin/LIN/ros2_ws/chapt6_ws/install/fishbot_description/share/fishbot_description/launch/display_robot.launch.py
-- Up-to-date: /home/s-lin/LIN/ros2_ws/chapt6_ws/install/fishbot_description/share/fishbot_description/launch/__pycache__
-- Up-to-date: /home/s-lin/LIN/ros2_ws/chapt6_ws/install/fishbot_description/share/fishbot_description/launch/__pycache__/display_robot.launch.cpython-310.pyc
-- Up-to-date: /home/s-lin/LIN/ros2_ws/chapt6_ws/install/fishbot_description/share/fishbot_description/launch/gazebo_sim.launch.py
-- Up-to-date: /home/s-lin/LIN/ros2_ws/chapt6_ws/install/fishbot_description/share/fishbot_description/meshes
-- Up-to-date: /home/s-lin/LIN/ros2_ws/chapt6_ws/install/fishbot_description/share/fishbot_description/meshes/front_link.STL
-- Up-to-date: /home/s-lin/LIN/ros2_ws/chapt6_ws/install/fishbot_description/share/fishbot_description/meshes/right_link.STL
-- Up-to-date: /home/s-lin/LIN/ros2_ws/chapt6_ws/install/fishbot_description/share/fishbot_description/meshes/controller_link.STL
-- Up-to-date: /home/s-lin/LIN/ros2_ws/chapt6_ws/install/fishbot_description/share/fishbot_description/meshes/base_link.STL
-- Up-to-date: /home/s-lin/LIN/ros2_ws/chapt6_ws/install/fishbot_description/share/fishbot_description/meshes/laser.STL
-- Up-to-date: /home/s-lin/LIN/ros2_ws/chapt6_ws/install/fishbot_description/share/fishbot_description/meshes/camera_link.STL
-- Up-to-date: /home/s-lin/LIN/ros2_ws/chapt6_ws/install/fishbot_description/share/fishbot_description/meshes/left_link.STL
-- Up-to-date: /home/s-lin/LIN/ros2_ws/chapt6_ws/install/fishbot_description/share/fishbot_description/config
-- Up-to-date: /home/s-lin/LIN/ros2_ws/chapt6_ws/install/fishbot_description/share/fishbot_description/config/display_robot_model.rviz
-- Up-to-date: /home/s-lin/LIN/ros2_ws/chapt6_ws/install/fishbot_description/share/fishbot_description/config/fishbot_ros2_controller.yaml
-- Up-to-date: /home/s-lin/LIN/ros2_ws/chapt6_ws/install/fishbot_description/share/fishbot_description/world
-- Up-to-date: /home/s-lin/LIN/ros2_ws/chapt6_ws/install/fishbot_description/share/fishbot_description/world/robot_room.world
-- Up-to-date: /home/s-lin/LIN/ros2_ws/chapt6_ws/install/fishbot_description/share/fishbot_description/world/room
-- Up-to-date: /home/s-lin/LIN/ros2_ws/chapt6_ws/install/fishbot_description/share/fishbot_description/world/room/model.sdf
-- Up-to-date: /home/s-lin/LIN/ros2_ws/chapt6_ws/install/fishbot_description/share/fishbot_description/world/room/model.config
-- Up-to-date: /home/s-lin/LIN/ros2_ws/chapt6_ws/install/fishbot_description/share/fishbot_description/world1
-- Up-to-date: /home/s-lin/LIN/ros2_ws/chapt6_ws/install/fishbot_description/share/fishbot_description/world1/robot_room.world
-- Up-to-date: /home/s-lin/LIN/ros2_ws/chapt6_ws/install/fishbot_description/share/fishbot_description/world1/room
-- Up-to-date: /home/s-lin/LIN/ros2_ws/chapt6_ws/install/fishbot_description/share/fishbot_description/world1/room/model.sdf
-- Up-to-date: /home/s-lin/LIN/ros2_ws/chapt6_ws/install/fishbot_description/share/fishbot_description/world1/room/model.config
-- Up-to-date: /home/s-lin/LIN/ros2_ws/chapt6_ws/install/fishbot_description/share/fishbot_description/world2
-- Up-to-date: /home/s-lin/LIN/ros2_ws/chapt6_ws/install/fishbot_description/share/fishbot_description/world2/robot_room.world
-- Up-to-date: /home/s-lin/LIN/ros2_ws/chapt6_ws/install/fishbot_description/share/fishbot_description/world2/room
-- Up-to-date: /home/s-lin/LIN/ros2_ws/chapt6_ws/install/fishbot_description/share/fishbot_description/world2/room/model.sdf
-- Up-to-date: /home/s-lin/LIN/ros2_ws/chapt6_ws/install/fishbot_description/share/fishbot_description/world2/room/model.config
-- Up-to-date: /home/s-lin/LIN/ros2_ws/chapt6_ws/install/fishbot_description/share/fishbot_description/world3
-- Up-to-date: /home/s-lin/LIN/ros2_ws/chapt6_ws/install/fishbot_description/share/fishbot_description/world3/robot_room.world
-- Up-to-date: /home/s-lin/LIN/ros2_ws/chapt6_ws/install/fishbot_description/share/fishbot_description/world3/room
-- Up-to-date: /home/s-lin/LIN/ros2_ws/chapt6_ws/install/fishbot_description/share/fishbot_description/world3/room/model.sdf
-- Up-to-date: /home/s-lin/LIN/ros2_ws/chapt6_ws/install/fishbot_description/share/fishbot_description/world3/room/model.config
-- Up-to-date: /home/s-lin/LIN/ros2_ws/chapt6_ws/install/fishbot_description/share/fishbot_description/world4
-- Up-to-date: /home/s-lin/LIN/ros2_ws/chapt6_ws/install/fishbot_description/share/fishbot_description/world4/robot_room.world
-- Up-to-date: /home/s-lin/LIN/ros2_ws/chapt6_ws/install/fishbot_description/share/fishbot_description/world4/room
-- Up-to-date: /home/s-lin/LIN/ros2_ws/chapt6_ws/install/fishbot_description/share/fishbot_description/world4/room/model.sdf
-- Up-to-date: /home/s-lin/LIN/ros2_ws/chapt6_ws/install/fishbot_description/share/fishbot_description/world4/room/model.config
-- Up-to-date: /home/s-lin/LIN/ros2_ws/chapt6_ws/install/fishbot_description/share/fishbot_description/world5
-- Up-to-date: /home/s-lin/LIN/ros2_ws/chapt6_ws/install/fishbot_description/share/ament_index/resource_index/package_run_dependencies/fishbot_description
-- Up-to-date: /home/s-lin/LIN/ros2_ws/chapt6_ws/install/fishbot_description/share/ament_index/resource_index/parent_prefix_path/fishbot_description
-- Up-to-date: /home/s-lin/LIN/ros2_ws/chapt6_ws/install/fishbot_description/share/fishbot_description/environment/ament_prefix_path.sh
-- Up-to-date: /home/s-lin/LIN/ros2_ws/chapt6_ws/install/fishbot_description/share/fishbot_description/environment/ament_prefix_path.dsv
-- Up-to-date: /home/s-lin/LIN/ros2_ws/chapt6_ws/install/fishbot_description/share/fishbot_description/environment/path.sh
-- Up-to-date: /home/s-lin/LIN/ros2_ws/chapt6_ws/install/fishbot_description/share/fishbot_description/environment/path.dsv
-- Up-to-date: /home/s-lin/LIN/ros2_ws/chapt6_ws/install/fishbot_description/share/fishbot_description/local_setup.bash
-- Up-to-date: /home/s-lin/LIN/ros2_ws/chapt6_ws/install/fishbot_description/share/fishbot_description/local_setup.sh
-- Up-to-date: /home/s-lin/LIN/ros2_ws/chapt6_ws/install/fishbot_description/share/fishbot_description/local_setup.zsh
-- Up-to-date: /home/s-lin/LIN/ros2_ws/chapt6_ws/install/fishbot_description/share/fishbot_description/local_setup.dsv
-- Installing: /home/s-lin/LIN/ros2_ws/chapt6_ws/install/fishbot_description/share/fishbot_description/package.dsv
-- Up-to-date: /home/s-lin/LIN/ros2_ws/chapt6_ws/install/fishbot_description/share/ament_index/resource_index/packages/fishbot_description
-- Up-to-date: /home/s-lin/LIN/ros2_ws/chapt6_ws/install/fishbot_description/share/fishbot_description/cmake/fishbot_descriptionConfig.cmake
-- Up-to-date: /home/s-lin/LIN/ros2_ws/chapt6_ws/install/fishbot_description/share/fishbot_description/cmake/fishbot_descriptionConfig-version.cmake
-- Up-to-date: /home/s-lin/LIN/ros2_ws/chapt6_ws/install/fishbot_description/share/fishbot_description/package.xml
