[0.023s] Invoking command in '/home/wheeltec/gazebo2/chapt6_ws/src/build/fishbot_navigation2': /usr/bin/cmake /home/wheeltec/gazebo2/chapt6_ws/src/fishbot_navigation2 -DCMAKE_INSTALL_PREFIX=/home/wheeltec/gazebo2/chapt6_ws/src/install/fishbot_navigation2
[0.993s] -- The C compiler identification is GNU 11.4.0
[0.993s] -- The CXX compiler identification is GNU 11.4.0
[0.993s] -- Detecting C compiler ABI info
[0.993s] -- Detecting C compiler ABI info - done
[0.993s] -- Check for working C compiler: /usr/bin/cc - skipped
[0.993s] -- Detecting C compile features
[0.993s] -- Detecting C compile features - done
[0.993s] -- Detecting CXX compiler ABI info
[0.993s] -- Detecting CXX compiler ABI info - done
[1.027s] -- Check for working CXX compiler: /usr/bin/c++ - skipped
[1.027s] -- Detecting CXX compile features
[1.027s] -- Detecting CXX compile features - done
[1.046s] -- Found ament_cmake: 1.3.12 (/opt/ros/humble/share/ament_cmake/cmake)
[1.567s] -- Found Python3: /usr/bin/python3 (found version "3.10.12") found components: Interpreter 
[1.848s] -- Found ament_lint_auto: 0.12.14 (/opt/ros/humble/share/ament_lint_auto/cmake)
[2.078s] -- Added test 'flake8' to check Python code syntax and style conventions
[2.081s] -- Added test 'lint_cmake' to check CMake code style
[2.085s] -- Added test 'pep257' to check Python code against some of the docstring style conventions in PEP 257
[2.097s] -- Added test 'xmllint' to check XML markup files
[2.099s] -- Configuring done
[2.111s] -- Generating done
[2.115s] -- Build files have been written to: /home/wheeltec/gazebo2/chapt6_ws/src/build/fishbot_navigation2
[2.128s] Invoked command in '/home/wheeltec/gazebo2/chapt6_ws/src/build/fishbot_navigation2' returned '0': /usr/bin/cmake /home/wheeltec/gazebo2/chapt6_ws/src/fishbot_navigation2 -DCMAKE_INSTALL_PREFIX=/home/wheeltec/gazebo2/chapt6_ws/src/install/fishbot_navigation2
[2.129s] Invoking command in '/home/wheeltec/gazebo2/chapt6_ws/src/build/fishbot_navigation2': /usr/bin/cmake --build /home/wheeltec/gazebo2/chapt6_ws/src/build/fishbot_navigation2 -- -j4 -l4
[2.189s] Invoked command in '/home/wheeltec/gazebo2/chapt6_ws/src/build/fishbot_navigation2' returned '0': /usr/bin/cmake --build /home/wheeltec/gazebo2/chapt6_ws/src/build/fishbot_navigation2 -- -j4 -l4
[2.277s] Invoking command in '/home/wheeltec/gazebo2/chapt6_ws/src/build/fishbot_navigation2': /usr/bin/cmake --install /home/wheeltec/gazebo2/chapt6_ws/src/build/fishbot_navigation2
[2.310s] -- Install configuration: ""
[2.310s] -- Installing: /home/wheeltec/gazebo2/chapt6_ws/src/install/fishbot_navigation2/share/fishbot_navigation2/launch
[2.311s] -- Installing: /home/wheeltec/gazebo2/chapt6_ws/src/install/fishbot_navigation2/share/fishbot_navigation2/launch/navigation2.launch.py
[2.312s] -- Installing: /home/wheeltec/gazebo2/chapt6_ws/src/install/fishbot_navigation2/share/fishbot_navigation2/config
[2.312s] -- Installing: /home/wheeltec/gazebo2/chapt6_ws/src/install/fishbot_navigation2/share/fishbot_navigation2/config/nav2_params.yaml
[2.326s] -- Installing: /home/wheeltec/gazebo2/chapt6_ws/src/install/fishbot_navigation2/share/fishbot_navigation2/maps
[2.326s] -- Installing: /home/wheeltec/gazebo2/chapt6_ws/src/install/fishbot_navigation2/share/fishbot_navigation2/maps/room.pgm
[2.326s] -- Installing: /home/wheeltec/gazebo2/chapt6_ws/src/install/fishbot_navigation2/share/fishbot_navigation2/maps/room.yaml
[2.332s] -- Installing: /home/wheeltec/gazebo2/chapt6_ws/src/install/fishbot_navigation2/share/ament_index/resource_index/package_run_dependencies/fishbot_navigation2
[2.332s] -- Installing: /home/wheeltec/gazebo2/chapt6_ws/src/install/fishbot_navigation2/share/ament_index/resource_index/parent_prefix_path/fishbot_navigation2
[2.332s] -- Installing: /home/wheeltec/gazebo2/chapt6_ws/src/install/fishbot_navigation2/share/fishbot_navigation2/environment/ament_prefix_path.sh
[2.332s] -- Installing: /home/wheeltec/gazebo2/chapt6_ws/src/install/fishbot_navigation2/share/fishbot_navigation2/environment/ament_prefix_path.dsv
[2.337s] -- Installing: /home/wheeltec/gazebo2/chapt6_ws/src/install/fishbot_navigation2/share/fishbot_navigation2/environment/path.sh
[2.337s] -- Installing: /home/wheeltec/gazebo2/chapt6_ws/src/install/fishbot_navigation2/share/fishbot_navigation2/environment/path.dsv
[2.337s] -- Installing: /home/wheeltec/gazebo2/chapt6_ws/src/install/fishbot_navigation2/share/fishbot_navigation2/local_setup.bash
[2.337s] -- Installing: /home/wheeltec/gazebo2/chapt6_ws/src/install/fishbot_navigation2/share/fishbot_navigation2/local_setup.sh
[2.337s] -- Installing: /home/wheeltec/gazebo2/chapt6_ws/src/install/fishbot_navigation2/share/fishbot_navigation2/local_setup.zsh
[2.337s] -- Installing: /home/wheeltec/gazebo2/chapt6_ws/src/install/fishbot_navigation2/share/fishbot_navigation2/local_setup.dsv
[2.337s] -- Installing: /home/wheeltec/gazebo2/chapt6_ws/src/install/fishbot_navigation2/share/fishbot_navigation2/package.dsv
[2.337s] -- Installing: /home/wheeltec/gazebo2/chapt6_ws/src/install/fishbot_navigation2/share/ament_index/resource_index/packages/fishbot_navigation2
[2.337s] -- Installing: /home/wheeltec/gazebo2/chapt6_ws/src/install/fishbot_navigation2/share/fishbot_navigation2/cmake/fishbot_navigation2Config.cmake
[2.337s] -- Installing: /home/wheeltec/gazebo2/chapt6_ws/src/install/fishbot_navigation2/share/fishbot_navigation2/cmake/fishbot_navigation2Config-version.cmake
[2.337s] -- Installing: /home/wheeltec/gazebo2/chapt6_ws/src/install/fishbot_navigation2/share/fishbot_navigation2/package.xml
[2.343s] Invoked command in '/home/wheeltec/gazebo2/chapt6_ws/src/build/fishbot_navigation2' returned '0': /usr/bin/cmake --install /home/wheeltec/gazebo2/chapt6_ws/src/build/fishbot_navigation2
