[0.363s] Invoking command in '/home/s-lin/LIN/ros2_ws/chapt6_ws/src/fishbot_application': DEBUGINFOD_URLS=https://debuginfod.ubuntu.com PYTHONPATH=/home/s-lin/LIN/ros2_ws/chapt6_ws/build/fishbot_application/prefix_override:/usr/lib/python3/dist-packages/colcon_core/task/python/colcon_distutils_commands:/home/s-lin/LIN/ros2_ws/chapt6_ws/install/fishbot_application/lib/python3.12/site-packages:${PYTHONPATH} /usr/bin/python3 -W ignore:setup.py install is deprecated -W ignore:easy_install command is deprecated setup.py egg_info --egg-base ../../build/fishbot_application build --build-base /home/s-lin/LIN/ros2_ws/chapt6_ws/build/fishbot_application/build install --record /home/s-lin/LIN/ros2_ws/chapt6_ws/build/fishbot_application/install.log --single-version-externally-managed install_data
[0.475s] running egg_info
[0.476s] creating ../../build/fishbot_application/fishbot_application.egg-info
[0.483s] writing ../../build/fishbot_application/fishbot_application.egg-info/PKG-INFO
[0.483s] writing dependency_links to ../../build/fishbot_application/fishbot_application.egg-info/dependency_links.txt
[0.483s] writing entry points to ../../build/fishbot_application/fishbot_application.egg-info/entry_points.txt
[0.483s] writing requirements to ../../build/fishbot_application/fishbot_application.egg-info/requires.txt
[0.483s] writing top-level names to ../../build/fishbot_application/fishbot_application.egg-info/top_level.txt
[0.483s] writing manifest file '../../build/fishbot_application/fishbot_application.egg-info/SOURCES.txt'
[0.498s] reading manifest file '../../build/fishbot_application/fishbot_application.egg-info/SOURCES.txt'
[0.498s] writing manifest file '../../build/fishbot_application/fishbot_application.egg-info/SOURCES.txt'
[0.498s] running build
[0.498s] running build_py
[0.498s] creating /home/s-lin/LIN/ros2_ws/chapt6_ws/build/fishbot_application/build
[0.498s] creating /home/s-lin/LIN/ros2_ws/chapt6_ws/build/fishbot_application/build/lib
[0.498s] creating /home/s-lin/LIN/ros2_ws/chapt6_ws/build/fishbot_application/build/lib/fishbot_application
[0.498s] copying fishbot_application/__init__.py -> /home/s-lin/LIN/ros2_ws/chapt6_ws/build/fishbot_application/build/lib/fishbot_application
[0.498s] copying fishbot_application/train.py -> /home/s-lin/LIN/ros2_ws/chapt6_ws/build/fishbot_application/build/lib/fishbot_application
[0.498s] copying fishbot_application/predict.py -> /home/s-lin/LIN/ros2_ws/chapt6_ws/build/fishbot_application/build/lib/fishbot_application
[0.499s] copying fishbot_application/init_robot_pose.py -> /home/s-lin/LIN/ros2_ws/chapt6_ws/build/fishbot_application/build/lib/fishbot_application
[0.499s] copying fishbot_application/nav_to_pose.py -> /home/s-lin/LIN/ros2_ws/chapt6_ws/build/fishbot_application/build/lib/fishbot_application
[0.499s] copying fishbot_application/get_robot_pose.py -> /home/s-lin/LIN/ros2_ws/chapt6_ws/build/fishbot_application/build/lib/fishbot_application
[0.499s] copying fishbot_application/odom_tf_broadcaster.py -> /home/s-lin/LIN/ros2_ws/chapt6_ws/build/fishbot_application/build/lib/fishbot_application
[0.499s] copying fishbot_application/robot_env1.py -> /home/s-lin/LIN/ros2_ws/chapt6_ws/build/fishbot_application/build/lib/fishbot_application
[0.499s] copying fishbot_application/passive_joint_pub.py -> /home/s-lin/LIN/ros2_ws/chapt6_ws/build/fishbot_application/build/lib/fishbot_application
[0.499s] copying fishbot_application/robot_env.py -> /home/s-lin/LIN/ros2_ws/chapt6_ws/build/fishbot_application/build/lib/fishbot_application
[0.499s] running install
[0.502s] running install_lib
[0.510s] creating /home/s-lin/LIN/ros2_ws/chapt6_ws/install/fishbot_application/lib/python3.12/site-packages/fishbot_application
[0.510s] copying /home/s-lin/LIN/ros2_ws/chapt6_ws/build/fishbot_application/build/lib/fishbot_application/__init__.py -> /home/s-lin/LIN/ros2_ws/chapt6_ws/install/fishbot_application/lib/python3.12/site-packages/fishbot_application
[0.510s] copying /home/s-lin/LIN/ros2_ws/chapt6_ws/build/fishbot_application/build/lib/fishbot_application/train.py -> /home/s-lin/LIN/ros2_ws/chapt6_ws/install/fishbot_application/lib/python3.12/site-packages/fishbot_application
[0.510s] copying /home/s-lin/LIN/ros2_ws/chapt6_ws/build/fishbot_application/build/lib/fishbot_application/predict.py -> /home/s-lin/LIN/ros2_ws/chapt6_ws/install/fishbot_application/lib/python3.12/site-packages/fishbot_application
[0.510s] copying /home/s-lin/LIN/ros2_ws/chapt6_ws/build/fishbot_application/build/lib/fishbot_application/init_robot_pose.py -> /home/s-lin/LIN/ros2_ws/chapt6_ws/install/fishbot_application/lib/python3.12/site-packages/fishbot_application
[0.510s] copying /home/s-lin/LIN/ros2_ws/chapt6_ws/build/fishbot_application/build/lib/fishbot_application/nav_to_pose.py -> /home/s-lin/LIN/ros2_ws/chapt6_ws/install/fishbot_application/lib/python3.12/site-packages/fishbot_application
[0.510s] copying /home/s-lin/LIN/ros2_ws/chapt6_ws/build/fishbot_application/build/lib/fishbot_application/get_robot_pose.py -> /home/s-lin/LIN/ros2_ws/chapt6_ws/install/fishbot_application/lib/python3.12/site-packages/fishbot_application
[0.510s] copying /home/s-lin/LIN/ros2_ws/chapt6_ws/build/fishbot_application/build/lib/fishbot_application/odom_tf_broadcaster.py -> /home/s-lin/LIN/ros2_ws/chapt6_ws/install/fishbot_application/lib/python3.12/site-packages/fishbot_application
[0.510s] copying /home/s-lin/LIN/ros2_ws/chapt6_ws/build/fishbot_application/build/lib/fishbot_application/robot_env1.py -> /home/s-lin/LIN/ros2_ws/chapt6_ws/install/fishbot_application/lib/python3.12/site-packages/fishbot_application
[0.511s] copying /home/s-lin/LIN/ros2_ws/chapt6_ws/build/fishbot_application/build/lib/fishbot_application/passive_joint_pub.py -> /home/s-lin/LIN/ros2_ws/chapt6_ws/install/fishbot_application/lib/python3.12/site-packages/fishbot_application
[0.511s] copying /home/s-lin/LIN/ros2_ws/chapt6_ws/build/fishbot_application/build/lib/fishbot_application/robot_env.py -> /home/s-lin/LIN/ros2_ws/chapt6_ws/install/fishbot_application/lib/python3.12/site-packages/fishbot_application
[0.511s] byte-compiling /home/s-lin/LIN/ros2_ws/chapt6_ws/install/fishbot_application/lib/python3.12/site-packages/fishbot_application/__init__.py to __init__.cpython-312.pyc
[0.511s] byte-compiling /home/s-lin/LIN/ros2_ws/chapt6_ws/install/fishbot_application/lib/python3.12/site-packages/fishbot_application/train.py to train.cpython-312.pyc
[0.513s] byte-compiling /home/s-lin/LIN/ros2_ws/chapt6_ws/install/fishbot_application/lib/python3.12/site-packages/fishbot_application/predict.py to predict.cpython-312.pyc
[0.513s] byte-compiling /home/s-lin/LIN/ros2_ws/chapt6_ws/install/fishbot_application/lib/python3.12/site-packages/fishbot_application/init_robot_pose.py to init_robot_pose.cpython-312.pyc
[0.513s] byte-compiling /home/s-lin/LIN/ros2_ws/chapt6_ws/install/fishbot_application/lib/python3.12/site-packages/fishbot_application/nav_to_pose.py to nav_to_pose.cpython-312.pyc
[0.513s] byte-compiling /home/s-lin/LIN/ros2_ws/chapt6_ws/install/fishbot_application/lib/python3.12/site-packages/fishbot_application/get_robot_pose.py to get_robot_pose.cpython-312.pyc
[0.514s] byte-compiling /home/s-lin/LIN/ros2_ws/chapt6_ws/install/fishbot_application/lib/python3.12/site-packages/fishbot_application/odom_tf_broadcaster.py to odom_tf_broadcaster.cpython-312.pyc
[0.514s] byte-compiling /home/s-lin/LIN/ros2_ws/chapt6_ws/install/fishbot_application/lib/python3.12/site-packages/fishbot_application/robot_env1.py to robot_env1.cpython-312.pyc
[0.516s] byte-compiling /home/s-lin/LIN/ros2_ws/chapt6_ws/install/fishbot_application/lib/python3.12/site-packages/fishbot_application/passive_joint_pub.py to passive_joint_pub.cpython-312.pyc
[0.516s] byte-compiling /home/s-lin/LIN/ros2_ws/chapt6_ws/install/fishbot_application/lib/python3.12/site-packages/fishbot_application/robot_env.py to robot_env.cpython-312.pyc
[0.518s] running install_data
[0.519s] creating /home/s-lin/LIN/ros2_ws/chapt6_ws/install/fishbot_application/share/ament_index
[0.519s] creating /home/s-lin/LIN/ros2_ws/chapt6_ws/install/fishbot_application/share/ament_index/resource_index
[0.519s] creating /home/s-lin/LIN/ros2_ws/chapt6_ws/install/fishbot_application/share/ament_index/resource_index/packages
[0.519s] copying resource/fishbot_application -> /home/s-lin/LIN/ros2_ws/chapt6_ws/install/fishbot_application/share/ament_index/resource_index/packages
[0.519s] copying package.xml -> /home/s-lin/LIN/ros2_ws/chapt6_ws/install/fishbot_application/share/fishbot_application
[0.519s] running install_egg_info
[0.527s] Copying ../../build/fishbot_application/fishbot_application.egg-info to /home/s-lin/LIN/ros2_ws/chapt6_ws/install/fishbot_application/lib/python3.12/site-packages/fishbot_application-0.0.0-py3.12.egg-info
[0.527s] running install_scripts
[0.580s] Installing get_robot_pose script to /home/s-lin/LIN/ros2_ws/chapt6_ws/install/fishbot_application/lib/fishbot_application
[0.581s] Installing init_robot_pose script to /home/s-lin/LIN/ros2_ws/chapt6_ws/install/fishbot_application/lib/fishbot_application
[0.581s] Installing nav_to_pose script to /home/s-lin/LIN/ros2_ws/chapt6_ws/install/fishbot_application/lib/fishbot_application
[0.581s] Installing odom_tf_broadcaster script to /home/s-lin/LIN/ros2_ws/chapt6_ws/install/fishbot_application/lib/fishbot_application
[0.581s] Installing passive_joint_pub script to /home/s-lin/LIN/ros2_ws/chapt6_ws/install/fishbot_application/lib/fishbot_application
[0.581s] Installing predict script to /home/s-lin/LIN/ros2_ws/chapt6_ws/install/fishbot_application/lib/fishbot_application
[0.581s] Installing train script to /home/s-lin/LIN/ros2_ws/chapt6_ws/install/fishbot_application/lib/fishbot_application
[0.581s] writing list of installed files to '/home/s-lin/LIN/ros2_ws/chapt6_ws/build/fishbot_application/install.log'
[0.595s] Invoked command in '/home/s-lin/LIN/ros2_ws/chapt6_ws/src/fishbot_application' returned '0': DEBUGINFOD_URLS=https://debuginfod.ubuntu.com PYTHONPATH=/home/s-lin/LIN/ros2_ws/chapt6_ws/build/fishbot_application/prefix_override:/usr/lib/python3/dist-packages/colcon_core/task/python/colcon_distutils_commands:/home/s-lin/LIN/ros2_ws/chapt6_ws/install/fishbot_application/lib/python3.12/site-packages:${PYTHONPATH} /usr/bin/python3 -W ignore:setup.py install is deprecated -W ignore:easy_install command is deprecated setup.py egg_info --egg-base ../../build/fishbot_application build --build-base /home/s-lin/LIN/ros2_ws/chapt6_ws/build/fishbot_application/build install --record /home/s-lin/LIN/ros2_ws/chapt6_ws/build/fishbot_application/install.log --single-version-externally-managed install_data
