[0.344s] Invoking command in '/home/s-lin/LIN/ros2_ws/chapt6_ws/build/fishbot_application': DEBUGINFOD_URLS=https://debuginfod.ubuntu.com PYTHONPATH=/home/s-lin/LIN/ros2_ws/chapt6_ws/build/fishbot_application/prefix_override:/usr/lib/python3/dist-packages/colcon_core/task/python/colcon_distutils_commands:/home/s-lin/LIN/ros2_ws/chapt6_ws/install/fishbot_application/lib/python3.12/site-packages:${PYTHONPATH} /usr/bin/python3 -W ignore:setup.py install is deprecated -W ignore:easy_install command is deprecated setup.py develop --editable --build-directory /home/s-lin/LIN/ros2_ws/chapt6_ws/build/fishbot_application/build --no-deps symlink_data
[0.481s] running develop
[0.557s] running egg_info
[0.564s] writing fishbot_application.egg-info/PKG-INFO
[0.564s] writing dependency_links to fishbot_application.egg-info/dependency_links.txt
[0.565s] writing entry points to fishbot_application.egg-info/entry_points.txt
[0.565s] writing requirements to fishbot_application.egg-info/requires.txt
[0.565s] writing top-level names to fishbot_application.egg-info/top_level.txt
[0.579s] reading manifest file 'fishbot_application.egg-info/SOURCES.txt'
[0.580s] writing manifest file 'fishbot_application.egg-info/SOURCES.txt'
[0.588s] running build_ext
[0.588s] Creating /home/s-lin/LIN/ros2_ws/chapt6_ws/install/fishbot_application/lib/python3.12/site-packages/fishbot-application.egg-link (link to .)
[0.588s] Installing get_robot_pose script to /home/s-lin/LIN/ros2_ws/chapt6_ws/install/fishbot_application/lib/fishbot_application
[0.588s] Installing init_robot_pose script to /home/s-lin/LIN/ros2_ws/chapt6_ws/install/fishbot_application/lib/fishbot_application
[0.588s] Installing nav_to_pose script to /home/s-lin/LIN/ros2_ws/chapt6_ws/install/fishbot_application/lib/fishbot_application
[0.588s] Installing predict script to /home/s-lin/LIN/ros2_ws/chapt6_ws/install/fishbot_application/lib/fishbot_application
[0.588s] Installing train script to /home/s-lin/LIN/ros2_ws/chapt6_ws/install/fishbot_application/lib/fishbot_application
[0.588s] 
[0.588s] Installed /home/s-lin/LIN/ros2_ws/chapt6_ws/build/fishbot_application
[0.588s] running symlink_data
[0.604s] Invoked command in '/home/s-lin/LIN/ros2_ws/chapt6_ws/build/fishbot_application' returned '0': DEBUGINFOD_URLS=https://debuginfod.ubuntu.com PYTHONPATH=/home/s-lin/LIN/ros2_ws/chapt6_ws/build/fishbot_application/prefix_override:/usr/lib/python3/dist-packages/colcon_core/task/python/colcon_distutils_commands:/home/s-lin/LIN/ros2_ws/chapt6_ws/install/fishbot_application/lib/python3.12/site-packages:${PYTHONPATH} /usr/bin/python3 -W ignore:setup.py install is deprecated -W ignore:easy_install command is deprecated setup.py develop --editable --build-directory /home/s-lin/LIN/ros2_ws/chapt6_ws/build/fishbot_application/build --no-deps symlink_data
