[0.355s] Invoking command in '/home/s-lin/LIN/ros2_ws/chapt6_ws/src/fishbot_application': DEBUGINFOD_URLS=https://debuginfod.ubuntu.com PYTHONPATH=/home/s-lin/LIN/ros2_ws/chapt6_ws/build/fishbot_application/prefix_override:/usr/lib/python3/dist-packages/colcon_core/task/python/colcon_distutils_commands:/home/s-lin/LIN/ros2_ws/chapt6_ws/install/fishbot_application/lib/python3.12/site-packages:${PYTHONPATH} /usr/bin/python3 -W ignore:setup.py install is deprecated -W ignore:easy_install command is deprecated setup.py egg_info --egg-base ../../build/fishbot_application build --build-base /home/s-lin/LIN/ros2_ws/chapt6_ws/build/fishbot_application/build install --record /home/s-lin/LIN/ros2_ws/chapt6_ws/build/fishbot_application/install.log --single-version-externally-managed install_data
[0.465s] running egg_info
[0.472s] writing ../../build/fishbot_application/fishbot_application.egg-info/PKG-INFO
[0.472s] writing dependency_links to ../../build/fishbot_application/fishbot_application.egg-info/dependency_links.txt
[0.472s] writing entry points to ../../build/fishbot_application/fishbot_application.egg-info/entry_points.txt
[0.472s] writing requirements to ../../build/fishbot_application/fishbot_application.egg-info/requires.txt
[0.472s] writing top-level names to ../../build/fishbot_application/fishbot_application.egg-info/top_level.txt
[0.487s] reading manifest file '../../build/fishbot_application/fishbot_application.egg-info/SOURCES.txt'
[0.487s] writing manifest file '../../build/fishbot_application/fishbot_application.egg-info/SOURCES.txt'
[0.488s] running build
[0.488s] running build_py
[0.488s] copying fishbot_application/robot_env.py -> /home/s-lin/LIN/ros2_ws/chapt6_ws/build/fishbot_application/build/lib/fishbot_application
[0.488s] running install
[0.491s] running install_lib
[0.498s] copying /home/s-lin/LIN/ros2_ws/chapt6_ws/build/fishbot_application/build/lib/fishbot_application/robot_env.py -> /home/s-lin/LIN/ros2_ws/chapt6_ws/install/fishbot_application/lib/python3.12/site-packages/fishbot_application
[0.499s] byte-compiling /home/s-lin/LIN/ros2_ws/chapt6_ws/install/fishbot_application/lib/python3.12/site-packages/fishbot_application/robot_env.py to robot_env.cpython-312.pyc
[0.502s] running install_data
[0.502s] running install_egg_info
[0.510s] removing '/home/s-lin/LIN/ros2_ws/chapt6_ws/install/fishbot_application/lib/python3.12/site-packages/fishbot_application-0.0.0-py3.12.egg-info' (and everything under it)
[0.510s] Copying ../../build/fishbot_application/fishbot_application.egg-info to /home/s-lin/LIN/ros2_ws/chapt6_ws/install/fishbot_application/lib/python3.12/site-packages/fishbot_application-0.0.0-py3.12.egg-info
[0.510s] running install_scripts
[0.564s] Installing get_robot_pose script to /home/s-lin/LIN/ros2_ws/chapt6_ws/install/fishbot_application/lib/fishbot_application
[0.564s] Installing init_robot_pose script to /home/s-lin/LIN/ros2_ws/chapt6_ws/install/fishbot_application/lib/fishbot_application
[0.564s] Installing nav_to_pose script to /home/s-lin/LIN/ros2_ws/chapt6_ws/install/fishbot_application/lib/fishbot_application
[0.564s] Installing odom_tf_broadcaster script to /home/s-lin/LIN/ros2_ws/chapt6_ws/install/fishbot_application/lib/fishbot_application
[0.564s] Installing passive_joint_pub script to /home/s-lin/LIN/ros2_ws/chapt6_ws/install/fishbot_application/lib/fishbot_application
[0.564s] Installing predict script to /home/s-lin/LIN/ros2_ws/chapt6_ws/install/fishbot_application/lib/fishbot_application
[0.564s] Installing train script to /home/s-lin/LIN/ros2_ws/chapt6_ws/install/fishbot_application/lib/fishbot_application
[0.564s] writing list of installed files to '/home/s-lin/LIN/ros2_ws/chapt6_ws/build/fishbot_application/install.log'
[0.580s] Invoked command in '/home/s-lin/LIN/ros2_ws/chapt6_ws/src/fishbot_application' returned '0': DEBUGINFOD_URLS=https://debuginfod.ubuntu.com PYTHONPATH=/home/s-lin/LIN/ros2_ws/chapt6_ws/build/fishbot_application/prefix_override:/usr/lib/python3/dist-packages/colcon_core/task/python/colcon_distutils_commands:/home/s-lin/LIN/ros2_ws/chapt6_ws/install/fishbot_application/lib/python3.12/site-packages:${PYTHONPATH} /usr/bin/python3 -W ignore:setup.py install is deprecated -W ignore:easy_install command is deprecated setup.py egg_info --egg-base ../../build/fishbot_application build --build-base /home/s-lin/LIN/ros2_ws/chapt6_ws/build/fishbot_application/build install --record /home/s-lin/LIN/ros2_ws/chapt6_ws/build/fishbot_application/install.log --single-version-externally-managed install_data
