[0.005s] Invoking command in '/home/s-lin/LIN/ros2_ws/chapt6_ws/build/fishbot_description': CMAKE_PREFIX_PATH=${CMAKE_PREFIX_PATH}:/home/s-lin/LIN/ros2_ws/chapt6_ws/install/fishbot_application:/opt/ros/jazzy DEBUGINFOD_URLS=https://debuginfod.ubuntu.com /usr/bin/cmake /home/s-lin/LIN/ros2_ws/chapt6_ws/src/fishbot_description -DAMENT_CMAKE_SYMLINK_INSTALL=1 -DCMAKE_INSTALL_PREFIX=/home/s-lin/LIN/ros2_ws/chapt6_ws/install/fishbot_description
[0.011s] -- Found ament_cmake: 2.5.6 (/opt/ros/jazzy/share/ament_cmake/cmake)
[0.111s] -- Override CMake install command with custom implementation using symlinks instead of copying resources
[0.114s] -- Found ament_lint_auto: 0.17.5 (/opt/ros/jazzy/share/ament_lint_auto/cmake)
[0.163s] -- Added test 'flake8' to check Python code syntax and style conventions
[0.163s] -- Configured 'flake8' exclude dirs and/or files: 
[0.164s] -- Added test 'lint_cmake' to check CMake code style
[0.164s] -- Added test 'pep257' to check Python code against some of the docstring style conventions in PEP 257
[0.166s] -- Added test 'xmllint' to check XML markup files
[0.166s] -- Configuring done (0.2s)
[0.167s] -- Generating done (0.0s)
[0.168s] -- Build files have been written to: /home/s-lin/LIN/ros2_ws/chapt6_ws/build/fishbot_description
[0.170s] Invoked command in '/home/s-lin/LIN/ros2_ws/chapt6_ws/build/fishbot_description' returned '0': CMAKE_PREFIX_PATH=${CMAKE_PREFIX_PATH}:/home/s-lin/LIN/ros2_ws/chapt6_ws/install/fishbot_application:/opt/ros/jazzy DEBUGINFOD_URLS=https://debuginfod.ubuntu.com /usr/bin/cmake /home/s-lin/LIN/ros2_ws/chapt6_ws/src/fishbot_description -DAMENT_CMAKE_SYMLINK_INSTALL=1 -DCMAKE_INSTALL_PREFIX=/home/s-lin/LIN/ros2_ws/chapt6_ws/install/fishbot_description
[0.170s] Invoking command in '/home/s-lin/LIN/ros2_ws/chapt6_ws/build/fishbot_description': CMAKE_PREFIX_PATH=${CMAKE_PREFIX_PATH}:/home/s-lin/LIN/ros2_ws/chapt6_ws/install/fishbot_application:/opt/ros/jazzy DEBUGINFOD_URLS=https://debuginfod.ubuntu.com /usr/bin/cmake --build /home/s-lin/LIN/ros2_ws/chapt6_ws/build/fishbot_description -- -j16 -l16
[0.187s] Invoked command in '/home/s-lin/LIN/ros2_ws/chapt6_ws/build/fishbot_description' returned '0': CMAKE_PREFIX_PATH=${CMAKE_PREFIX_PATH}:/home/s-lin/LIN/ros2_ws/chapt6_ws/install/fishbot_application:/opt/ros/jazzy DEBUGINFOD_URLS=https://debuginfod.ubuntu.com /usr/bin/cmake --build /home/s-lin/LIN/ros2_ws/chapt6_ws/build/fishbot_description -- -j16 -l16
[0.192s] Invoking command in '/home/s-lin/LIN/ros2_ws/chapt6_ws/build/fishbot_description': CMAKE_PREFIX_PATH=${CMAKE_PREFIX_PATH}:/home/s-lin/LIN/ros2_ws/chapt6_ws/install/fishbot_application:/opt/ros/jazzy DEBUGINFOD_URLS=https://debuginfod.ubuntu.com /usr/bin/cmake --install /home/s-lin/LIN/ros2_ws/chapt6_ws/build/fishbot_description
[0.195s] -- Install configuration: ""
[0.195s] -- Execute custom install script
[0.195s] -- Up-to-date symlink: /home/s-lin/LIN/ros2_ws/chapt6_ws/install/fishbot_description/share/fishbot_description/urdf/mini_diff/base.urdf.xacro
[0.195s] -- Up-to-date symlink: /home/s-lin/LIN/ros2_ws/chapt6_ws/install/fishbot_description/share/fishbot_description/urdf/mini_diff/camera.urdf.xacro
[0.195s] -- Up-to-date symlink: /home/s-lin/LIN/ros2_ws/chapt6_ws/install/fishbot_description/share/fishbot_description/urdf/mini_diff/controller.urdf.xacro
[0.195s] -- Up-to-date symlink: /home/s-lin/LIN/ros2_ws/chapt6_ws/install/fishbot_description/share/fishbot_description/urdf/mini_diff/fishbot.ros2_control.xacro
[0.195s] -- Up-to-date symlink: /home/s-lin/LIN/ros2_ws/chapt6_ws/install/fishbot_description/share/fishbot_description/urdf/mini_diff/fishbot.urdf.xacro
[0.195s] -- Up-to-date symlink: /home/s-lin/LIN/ros2_ws/chapt6_ws/install/fishbot_description/share/fishbot_description/urdf/mini_diff/front.urdf.xacro
[0.195s] -- Up-to-date symlink: /home/s-lin/LIN/ros2_ws/chapt6_ws/install/fishbot_description/share/fishbot_description/urdf/mini_diff/laser.urdf.xacro
[0.195s] -- Up-to-date symlink: /home/s-lin/LIN/ros2_ws/chapt6_ws/install/fishbot_description/share/fishbot_description/urdf/mini_diff/left.urdf.xacro
[0.196s] -- Up-to-date symlink: /home/s-lin/LIN/ros2_ws/chapt6_ws/install/fishbot_description/share/fishbot_description/urdf/mini_diff/right.urdf.xacro
[0.196s] -- Up-to-date symlink: /home/s-lin/LIN/ros2_ws/chapt6_ws/install/fishbot_description/share/fishbot_description/urdf/mini_diff_robot.gv
[0.196s] -- Up-to-date symlink: /home/s-lin/LIN/ros2_ws/chapt6_ws/install/fishbot_description/share/fishbot_description/urdf/mini_diff_robot.pdf
[0.196s] -- Up-to-date symlink: /home/s-lin/LIN/ros2_ws/chapt6_ws/install/fishbot_description/share/fishbot_description/urdf/mini_diff_robot.urdf
[0.196s] -- Up-to-date symlink: /home/s-lin/LIN/ros2_ws/chapt6_ws/install/fishbot_description/share/fishbot_description/urdf/mini_diff_robot.xacro
[0.196s] -- Up-to-date symlink: /home/s-lin/LIN/ros2_ws/chapt6_ws/install/fishbot_description/share/fishbot_description/urdf/model.config
[0.196s] -- Up-to-date symlink: /home/s-lin/LIN/ros2_ws/chapt6_ws/install/fishbot_description/share/fishbot_description/urdf/plugins/gazebo_control_plugin.xacro
[0.196s] -- Up-to-date symlink: /home/s-lin/LIN/ros2_ws/chapt6_ws/install/fishbot_description/share/fishbot_description/urdf/plugins/gazebo_sensor_plugin.xacro
[0.196s] -- Up-to-date symlink: /home/s-lin/LIN/ros2_ws/chapt6_ws/install/fishbot_description/share/fishbot_description/launch/__pycache__/display_robot.launch.cpython-310.pyc
[0.196s] -- Up-to-date symlink: /home/s-lin/LIN/ros2_ws/chapt6_ws/install/fishbot_description/share/fishbot_description/launch/display_robot.launch.py
[0.196s] -- Up-to-date symlink: /home/s-lin/LIN/ros2_ws/chapt6_ws/install/fishbot_description/share/fishbot_description/launch/gazebo_sim.launch.py
[0.196s] -- Up-to-date symlink: /home/s-lin/LIN/ros2_ws/chapt6_ws/install/fishbot_description/share/fishbot_description/meshes/base_link.STL
[0.196s] -- Up-to-date symlink: /home/s-lin/LIN/ros2_ws/chapt6_ws/install/fishbot_description/share/fishbot_description/meshes/camera_link.STL
[0.196s] -- Up-to-date symlink: /home/s-lin/LIN/ros2_ws/chapt6_ws/install/fishbot_description/share/fishbot_description/meshes/controller_link.STL
[0.196s] -- Up-to-date symlink: /home/s-lin/LIN/ros2_ws/chapt6_ws/install/fishbot_description/share/fishbot_description/meshes/front_link.STL
[0.196s] -- Up-to-date symlink: /home/s-lin/LIN/ros2_ws/chapt6_ws/install/fishbot_description/share/fishbot_description/meshes/laser.STL
[0.196s] -- Up-to-date symlink: /home/s-lin/LIN/ros2_ws/chapt6_ws/install/fishbot_description/share/fishbot_description/meshes/left_link.STL
[0.196s] -- Up-to-date symlink: /home/s-lin/LIN/ros2_ws/chapt6_ws/install/fishbot_description/share/fishbot_description/meshes/right_link.STL
[0.196s] -- Up-to-date symlink: /home/s-lin/LIN/ros2_ws/chapt6_ws/install/fishbot_description/share/fishbot_description/config/display_robot_model.rviz
[0.196s] -- Up-to-date symlink: /home/s-lin/LIN/ros2_ws/chapt6_ws/install/fishbot_description/share/fishbot_description/config/fishbot_ros2_controller.yaml
[0.196s] -- Up-to-date symlink: /home/s-lin/LIN/ros2_ws/chapt6_ws/install/fishbot_description/share/fishbot_description/world/robot_room.world
[0.196s] -- Up-to-date symlink: /home/s-lin/LIN/ros2_ws/chapt6_ws/install/fishbot_description/share/fishbot_description/world/room/model.config
[0.196s] -- Up-to-date symlink: /home/s-lin/LIN/ros2_ws/chapt6_ws/install/fishbot_description/share/fishbot_description/world/room/model.sdf
[0.197s] -- Up-to-date symlink: /home/s-lin/LIN/ros2_ws/chapt6_ws/install/fishbot_description/share/fishbot_description/world1/robot_room.world
[0.197s] -- Up-to-date symlink: /home/s-lin/LIN/ros2_ws/chapt6_ws/install/fishbot_description/share/fishbot_description/world1/room/model.config
[0.197s] -- Up-to-date symlink: /home/s-lin/LIN/ros2_ws/chapt6_ws/install/fishbot_description/share/fishbot_description/world1/room/model.sdf
[0.197s] -- Up-to-date symlink: /home/s-lin/LIN/ros2_ws/chapt6_ws/install/fishbot_description/share/fishbot_description/world2/robot_room.world
[0.197s] -- Up-to-date symlink: /home/s-lin/LIN/ros2_ws/chapt6_ws/install/fishbot_description/share/fishbot_description/world2/room/model.config
[0.197s] -- Up-to-date symlink: /home/s-lin/LIN/ros2_ws/chapt6_ws/install/fishbot_description/share/fishbot_description/world2/room/model.sdf
[0.197s] -- Up-to-date symlink: /home/s-lin/LIN/ros2_ws/chapt6_ws/install/fishbot_description/share/fishbot_description/world3/robot_room.world
[0.197s] -- Up-to-date symlink: /home/s-lin/LIN/ros2_ws/chapt6_ws/install/fishbot_description/share/fishbot_description/world3/room/model.config
[0.197s] -- Up-to-date symlink: /home/s-lin/LIN/ros2_ws/chapt6_ws/install/fishbot_description/share/fishbot_description/world3/room/model.sdf
[0.197s] -- Up-to-date symlink: /home/s-lin/LIN/ros2_ws/chapt6_ws/install/fishbot_description/share/fishbot_description/world4/robot_room.world
[0.197s] -- Up-to-date symlink: /home/s-lin/LIN/ros2_ws/chapt6_ws/install/fishbot_description/share/fishbot_description/world4/room/model.config
[0.197s] -- Up-to-date symlink: /home/s-lin/LIN/ros2_ws/chapt6_ws/install/fishbot_description/share/fishbot_description/world4/room/model.sdf
[0.197s] -- Up-to-date symlink: /home/s-lin/LIN/ros2_ws/chapt6_ws/install/fishbot_description/share/ament_index/resource_index/package_run_dependencies/fishbot_description
[0.197s] -- Up-to-date symlink: /home/s-lin/LIN/ros2_ws/chapt6_ws/install/fishbot_description/share/ament_index/resource_index/parent_prefix_path/fishbot_description
[0.197s] -- Up-to-date symlink: /home/s-lin/LIN/ros2_ws/chapt6_ws/install/fishbot_description/share/fishbot_description/environment/ament_prefix_path.sh
[0.197s] -- Up-to-date symlink: /home/s-lin/LIN/ros2_ws/chapt6_ws/install/fishbot_description/share/fishbot_description/environment/ament_prefix_path.dsv
[0.197s] -- Up-to-date symlink: /home/s-lin/LIN/ros2_ws/chapt6_ws/install/fishbot_description/share/fishbot_description/environment/path.sh
[0.197s] -- Up-to-date symlink: /home/s-lin/LIN/ros2_ws/chapt6_ws/install/fishbot_description/share/fishbot_description/environment/path.dsv
[0.197s] -- Up-to-date symlink: /home/s-lin/LIN/ros2_ws/chapt6_ws/install/fishbot_description/share/fishbot_description/local_setup.bash
[0.198s] -- Up-to-date symlink: /home/s-lin/LIN/ros2_ws/chapt6_ws/install/fishbot_description/share/fishbot_description/local_setup.sh
[0.198s] -- Up-to-date symlink: /home/s-lin/LIN/ros2_ws/chapt6_ws/install/fishbot_description/share/fishbot_description/local_setup.zsh
[0.198s] -- Up-to-date symlink: /home/s-lin/LIN/ros2_ws/chapt6_ws/install/fishbot_description/share/fishbot_description/local_setup.dsv
[0.198s] -- Symlinking: /home/s-lin/LIN/ros2_ws/chapt6_ws/install/fishbot_description/share/fishbot_description/package.dsv
[0.201s] -- Up-to-date symlink: /home/s-lin/LIN/ros2_ws/chapt6_ws/install/fishbot_description/share/ament_index/resource_index/packages/fishbot_description
[0.201s] -- Up-to-date symlink: /home/s-lin/LIN/ros2_ws/chapt6_ws/install/fishbot_description/share/fishbot_description/cmake/fishbot_descriptionConfig.cmake
[0.201s] -- Up-to-date symlink: /home/s-lin/LIN/ros2_ws/chapt6_ws/install/fishbot_description/share/fishbot_description/cmake/fishbot_descriptionConfig-version.cmake
[0.201s] -- Up-to-date symlink: /home/s-lin/LIN/ros2_ws/chapt6_ws/install/fishbot_description/share/fishbot_description/package.xml
[0.202s] Invoked command in '/home/s-lin/LIN/ros2_ws/chapt6_ws/build/fishbot_description' returned '0': CMAKE_PREFIX_PATH=${CMAKE_PREFIX_PATH}:/home/s-lin/LIN/ros2_ws/chapt6_ws/install/fishbot_application:/opt/ros/jazzy DEBUGINFOD_URLS=https://debuginfod.ubuntu.com /usr/bin/cmake --install /home/s-lin/LIN/ros2_ws/chapt6_ws/build/fishbot_description
