[0.320s] Invoking command in '/home/s-lin/LIN/ros2_ws/chapt6_ws/src/fishbot_application': DEBUGINFOD_URLS=https://debuginfod.ubuntu.com PYTHONPATH=/home/s-lin/LIN/ros2_ws/chapt6_ws/build/fishbot_application/prefix_override:/usr/lib/python3/dist-packages/colcon_core/task/python/colcon_distutils_commands:/home/s-lin/LIN/ros2_ws/chapt6_ws/install/fishbot_application/lib/python3.12/site-packages:${PYTHONPATH} /usr/bin/python3 -W ignore:setup.py install is deprecated -W ignore:easy_install command is deprecated setup.py egg_info --egg-base ../../build/fishbot_application build --build-base /home/s-lin/LIN/ros2_ws/chapt6_ws/build/fishbot_application/build install --record /home/s-lin/LIN/ros2_ws/chapt6_ws/build/fishbot_application/install.log --single-version-externally-managed install_data
[0.424s] running egg_info
[0.424s] creating ../../build/fishbot_application/fishbot_application.egg-info
[0.434s] writing ../../build/fishbot_application/fishbot_application.egg-info/PKG-INFO
[0.434s] writing dependency_links to ../../build/fishbot_application/fishbot_application.egg-info/dependency_links.txt
[0.434s] writing entry points to ../../build/fishbot_application/fishbot_application.egg-info/entry_points.txt
[0.434s] writing requirements to ../../build/fishbot_application/fishbot_application.egg-info/requires.txt
[0.434s] writing top-level names to ../../build/fishbot_application/fishbot_application.egg-info/top_level.txt
[0.434s] writing manifest file '../../build/fishbot_application/fishbot_application.egg-info/SOURCES.txt'
[0.449s] reading manifest file '../../build/fishbot_application/fishbot_application.egg-info/SOURCES.txt'
[0.450s] writing manifest file '../../build/fishbot_application/fishbot_application.egg-info/SOURCES.txt'
[0.450s] running build
[0.450s] running build_py
[0.450s] creating /home/s-lin/LIN/ros2_ws/chapt6_ws/build/fishbot_application/build
[0.450s] creating /home/s-lin/LIN/ros2_ws/chapt6_ws/build/fishbot_application/build/lib
[0.450s] creating /home/s-lin/LIN/ros2_ws/chapt6_ws/build/fishbot_application/build/lib/fishbot_application
[0.450s] copying fishbot_application/__init__.py -> /home/s-lin/LIN/ros2_ws/chapt6_ws/build/fishbot_application/build/lib/fishbot_application
[0.450s] copying fishbot_application/train.py -> /home/s-lin/LIN/ros2_ws/chapt6_ws/build/fishbot_application/build/lib/fishbot_application
[0.450s] copying fishbot_application/predict.py -> /home/s-lin/LIN/ros2_ws/chapt6_ws/build/fishbot_application/build/lib/fishbot_application
[0.450s] copying fishbot_application/init_robot_pose.py -> /home/s-lin/LIN/ros2_ws/chapt6_ws/build/fishbot_application/build/lib/fishbot_application
[0.450s] copying fishbot_application/nav_to_pose.py -> /home/s-lin/LIN/ros2_ws/chapt6_ws/build/fishbot_application/build/lib/fishbot_application
[0.450s] copying fishbot_application/get_robot_pose.py -> /home/s-lin/LIN/ros2_ws/chapt6_ws/build/fishbot_application/build/lib/fishbot_application
[0.450s] copying fishbot_application/robot_env1.py -> /home/s-lin/LIN/ros2_ws/chapt6_ws/build/fishbot_application/build/lib/fishbot_application
[0.450s] copying fishbot_application/robot_env.py -> /home/s-lin/LIN/ros2_ws/chapt6_ws/build/fishbot_application/build/lib/fishbot_application
[0.450s] running install
[0.453s] running install_lib
[0.460s] creating /home/s-lin/LIN/ros2_ws/chapt6_ws/install/fishbot_application/lib/python3.12/site-packages/fishbot_application
[0.460s] copying /home/s-lin/LIN/ros2_ws/chapt6_ws/build/fishbot_application/build/lib/fishbot_application/__init__.py -> /home/s-lin/LIN/ros2_ws/chapt6_ws/install/fishbot_application/lib/python3.12/site-packages/fishbot_application
[0.460s] copying /home/s-lin/LIN/ros2_ws/chapt6_ws/build/fishbot_application/build/lib/fishbot_application/train.py -> /home/s-lin/LIN/ros2_ws/chapt6_ws/install/fishbot_application/lib/python3.12/site-packages/fishbot_application
[0.460s] copying /home/s-lin/LIN/ros2_ws/chapt6_ws/build/fishbot_application/build/lib/fishbot_application/predict.py -> /home/s-lin/LIN/ros2_ws/chapt6_ws/install/fishbot_application/lib/python3.12/site-packages/fishbot_application
[0.460s] copying /home/s-lin/LIN/ros2_ws/chapt6_ws/build/fishbot_application/build/lib/fishbot_application/init_robot_pose.py -> /home/s-lin/LIN/ros2_ws/chapt6_ws/install/fishbot_application/lib/python3.12/site-packages/fishbot_application
[0.460s] copying /home/s-lin/LIN/ros2_ws/chapt6_ws/build/fishbot_application/build/lib/fishbot_application/nav_to_pose.py -> /home/s-lin/LIN/ros2_ws/chapt6_ws/install/fishbot_application/lib/python3.12/site-packages/fishbot_application
[0.460s] copying /home/s-lin/LIN/ros2_ws/chapt6_ws/build/fishbot_application/build/lib/fishbot_application/get_robot_pose.py -> /home/s-lin/LIN/ros2_ws/chapt6_ws/install/fishbot_application/lib/python3.12/site-packages/fishbot_application
[0.460s] copying /home/s-lin/LIN/ros2_ws/chapt6_ws/build/fishbot_application/build/lib/fishbot_application/robot_env1.py -> /home/s-lin/LIN/ros2_ws/chapt6_ws/install/fishbot_application/lib/python3.12/site-packages/fishbot_application
[0.460s] copying /home/s-lin/LIN/ros2_ws/chapt6_ws/build/fishbot_application/build/lib/fishbot_application/robot_env.py -> /home/s-lin/LIN/ros2_ws/chapt6_ws/install/fishbot_application/lib/python3.12/site-packages/fishbot_application
[0.461s] byte-compiling /home/s-lin/LIN/ros2_ws/chapt6_ws/install/fishbot_application/lib/python3.12/site-packages/fishbot_application/__init__.py to __init__.cpython-312.pyc
[0.461s] byte-compiling /home/s-lin/LIN/ros2_ws/chapt6_ws/install/fishbot_application/lib/python3.12/site-packages/fishbot_application/train.py to train.cpython-312.pyc
[0.463s] byte-compiling /home/s-lin/LIN/ros2_ws/chapt6_ws/install/fishbot_application/lib/python3.12/site-packages/fishbot_application/predict.py to predict.cpython-312.pyc
[0.463s] byte-compiling /home/s-lin/LIN/ros2_ws/chapt6_ws/install/fishbot_application/lib/python3.12/site-packages/fishbot_application/init_robot_pose.py to init_robot_pose.cpython-312.pyc
[0.463s] byte-compiling /home/s-lin/LIN/ros2_ws/chapt6_ws/install/fishbot_application/lib/python3.12/site-packages/fishbot_application/nav_to_pose.py to nav_to_pose.cpython-312.pyc
[0.463s] byte-compiling /home/s-lin/LIN/ros2_ws/chapt6_ws/install/fishbot_application/lib/python3.12/site-packages/fishbot_application/get_robot_pose.py to get_robot_pose.cpython-312.pyc
[0.464s] byte-compiling /home/s-lin/LIN/ros2_ws/chapt6_ws/install/fishbot_application/lib/python3.12/site-packages/fishbot_application/robot_env1.py to robot_env1.cpython-312.pyc
[0.465s] byte-compiling /home/s-lin/LIN/ros2_ws/chapt6_ws/install/fishbot_application/lib/python3.12/site-packages/fishbot_application/robot_env.py to robot_env.cpython-312.pyc
[0.467s] running install_data
[0.467s] creating /home/s-lin/LIN/ros2_ws/chapt6_ws/install/fishbot_application/share/ament_index
[0.467s] creating /home/s-lin/LIN/ros2_ws/chapt6_ws/install/fishbot_application/share/ament_index/resource_index
[0.467s] creating /home/s-lin/LIN/ros2_ws/chapt6_ws/install/fishbot_application/share/ament_index/resource_index/packages
[0.467s] copying resource/fishbot_application -> /home/s-lin/LIN/ros2_ws/chapt6_ws/install/fishbot_application/share/ament_index/resource_index/packages
[0.467s] copying package.xml -> /home/s-lin/LIN/ros2_ws/chapt6_ws/install/fishbot_application/share/fishbot_application
[0.467s] running install_egg_info
[0.474s] Copying ../../build/fishbot_application/fishbot_application.egg-info to /home/s-lin/LIN/ros2_ws/chapt6_ws/install/fishbot_application/lib/python3.12/site-packages/fishbot_application-0.0.0-py3.12.egg-info
[0.474s] running install_scripts
[0.523s] Installing get_robot_pose script to /home/s-lin/LIN/ros2_ws/chapt6_ws/install/fishbot_application/lib/fishbot_application
[0.523s] Installing init_robot_pose script to /home/s-lin/LIN/ros2_ws/chapt6_ws/install/fishbot_application/lib/fishbot_application
[0.523s] Installing nav_to_pose script to /home/s-lin/LIN/ros2_ws/chapt6_ws/install/fishbot_application/lib/fishbot_application
[0.523s] Installing predict script to /home/s-lin/LIN/ros2_ws/chapt6_ws/install/fishbot_application/lib/fishbot_application
[0.523s] Installing train script to /home/s-lin/LIN/ros2_ws/chapt6_ws/install/fishbot_application/lib/fishbot_application
[0.523s] writing list of installed files to '/home/s-lin/LIN/ros2_ws/chapt6_ws/build/fishbot_application/install.log'
[0.536s] Invoked command in '/home/s-lin/LIN/ros2_ws/chapt6_ws/src/fishbot_application' returned '0': DEBUGINFOD_URLS=https://debuginfod.ubuntu.com PYTHONPATH=/home/s-lin/LIN/ros2_ws/chapt6_ws/build/fishbot_application/prefix_override:/usr/lib/python3/dist-packages/colcon_core/task/python/colcon_distutils_commands:/home/s-lin/LIN/ros2_ws/chapt6_ws/install/fishbot_application/lib/python3.12/site-packages:${PYTHONPATH} /usr/bin/python3 -W ignore:setup.py install is deprecated -W ignore:easy_install command is deprecated setup.py egg_info --egg-base ../../build/fishbot_application build --build-base /home/s-lin/LIN/ros2_ws/chapt6_ws/build/fishbot_application/build install --record /home/s-lin/LIN/ros2_ws/chapt6_ws/build/fishbot_application/install.log --single-version-externally-managed install_data
