/home/asus/ros2_ws/chapt6_ws/install/fishbot_application/lib/python3.12/site-packages/fishbot_application/robot_env1.py
/home/asus/ros2_ws/chapt6_ws/install/fishbot_application/lib/python3.12/site-packages/fishbot_application/odom_tf_broadcaster.py
/home/asus/ros2_ws/chapt6_ws/install/fishbot_application/lib/python3.12/site-packages/fishbot_application/get_robot_pose.py
/home/asus/ros2_ws/chapt6_ws/install/fishbot_application/lib/python3.12/site-packages/fishbot_application/predict.py
/home/asus/ros2_ws/chapt6_ws/install/fishbot_application/lib/python3.12/site-packages/fishbot_application/__init__.py
/home/asus/ros2_ws/chapt6_ws/install/fishbot_application/lib/python3.12/site-packages/fishbot_application/nav_to_pose.py
/home/asus/ros2_ws/chapt6_ws/install/fishbot_application/lib/python3.12/site-packages/fishbot_application/train1.py
/home/asus/ros2_ws/chapt6_ws/install/fishbot_application/lib/python3.12/site-packages/fishbot_application/train2.py
/home/asus/ros2_ws/chapt6_ws/install/fishbot_application/lib/python3.12/site-packages/fishbot_application/robot_env.py
/home/asus/ros2_ws/chapt6_ws/install/fishbot_application/lib/python3.12/site-packages/fishbot_application/passive_joint_pub.py
/home/asus/ros2_ws/chapt6_ws/install/fishbot_application/lib/python3.12/site-packages/fishbot_application/train.py
/home/asus/ros2_ws/chapt6_ws/install/fishbot_application/lib/python3.12/site-packages/fishbot_application/init_robot_pose.py
/home/asus/ros2_ws/chapt6_ws/install/fishbot_application/lib/python3.12/site-packages/fishbot_application/__pycache__/robot_env1.cpython-312.pyc
/home/asus/ros2_ws/chapt6_ws/install/fishbot_application/lib/python3.12/site-packages/fishbot_application/__pycache__/odom_tf_broadcaster.cpython-312.pyc
/home/asus/ros2_ws/chapt6_ws/install/fishbot_application/lib/python3.12/site-packages/fishbot_application/__pycache__/get_robot_pose.cpython-312.pyc
/home/asus/ros2_ws/chapt6_ws/install/fishbot_application/lib/python3.12/site-packages/fishbot_application/__pycache__/predict.cpython-312.pyc
/home/asus/ros2_ws/chapt6_ws/install/fishbot_application/lib/python3.12/site-packages/fishbot_application/__pycache__/__init__.cpython-312.pyc
/home/asus/ros2_ws/chapt6_ws/install/fishbot_application/lib/python3.12/site-packages/fishbot_application/__pycache__/nav_to_pose.cpython-312.pyc
/home/asus/ros2_ws/chapt6_ws/install/fishbot_application/lib/python3.12/site-packages/fishbot_application/__pycache__/train1.cpython-312.pyc
/home/asus/ros2_ws/chapt6_ws/install/fishbot_application/lib/python3.12/site-packages/fishbot_application/__pycache__/train2.cpython-312.pyc
/home/asus/ros2_ws/chapt6_ws/install/fishbot_application/lib/python3.12/site-packages/fishbot_application/__pycache__/robot_env.cpython-312.pyc
/home/asus/ros2_ws/chapt6_ws/install/fishbot_application/lib/python3.12/site-packages/fishbot_application/__pycache__/passive_joint_pub.cpython-312.pyc
/home/asus/ros2_ws/chapt6_ws/install/fishbot_application/lib/python3.12/site-packages/fishbot_application/__pycache__/train.cpython-312.pyc
/home/asus/ros2_ws/chapt6_ws/install/fishbot_application/lib/python3.12/site-packages/fishbot_application/__pycache__/init_robot_pose.cpython-312.pyc
/home/asus/ros2_ws/chapt6_ws/install/fishbot_application/share/ament_index/resource_index/packages/fishbot_application
/home/asus/ros2_ws/chapt6_ws/install/fishbot_application/share/fishbot_application/package.xml
/home/asus/ros2_ws/chapt6_ws/install/fishbot_application/lib/python3.12/site-packages/fishbot_application-0.0.0-py3.12.egg-info/top_level.txt
/home/asus/ros2_ws/chapt6_ws/install/fishbot_application/lib/python3.12/site-packages/fishbot_application-0.0.0-py3.12.egg-info/SOURCES.txt
/home/asus/ros2_ws/chapt6_ws/install/fishbot_application/lib/python3.12/site-packages/fishbot_application-0.0.0-py3.12.egg-info/entry_points.txt
/home/asus/ros2_ws/chapt6_ws/install/fishbot_application/lib/python3.12/site-packages/fishbot_application-0.0.0-py3.12.egg-info/PKG-INFO
/home/asus/ros2_ws/chapt6_ws/install/fishbot_application/lib/python3.12/site-packages/fishbot_application-0.0.0-py3.12.egg-info/dependency_links.txt
/home/asus/ros2_ws/chapt6_ws/install/fishbot_application/lib/python3.12/site-packages/fishbot_application-0.0.0-py3.12.egg-info/zip-safe
/home/asus/ros2_ws/chapt6_ws/install/fishbot_application/lib/python3.12/site-packages/fishbot_application-0.0.0-py3.12.egg-info/requires.txt
/home/asus/ros2_ws/chapt6_ws/install/fishbot_application/lib/fishbot_application/bilstm_train
/home/asus/ros2_ws/chapt6_ws/install/fishbot_application/lib/fishbot_application/get_robot_pose
/home/asus/ros2_ws/chapt6_ws/install/fishbot_application/lib/fishbot_application/init_robot_pose
/home/asus/ros2_ws/chapt6_ws/install/fishbot_application/lib/fishbot_application/lstm_train
/home/asus/ros2_ws/chapt6_ws/install/fishbot_application/lib/fishbot_application/lstm_train1
/home/asus/ros2_ws/chapt6_ws/install/fishbot_application/lib/fishbot_application/lstm_train2
/home/asus/ros2_ws/chapt6_ws/install/fishbot_application/lib/fishbot_application/nav_to_pose
/home/asus/ros2_ws/chapt6_ws/install/fishbot_application/lib/fishbot_application/odom_tf_broadcaster
/home/asus/ros2_ws/chapt6_ws/install/fishbot_application/lib/fishbot_application/passive_joint_pub
/home/asus/ros2_ws/chapt6_ws/install/fishbot_application/lib/fishbot_application/ppo_train
/home/asus/ros2_ws/chapt6_ws/install/fishbot_application/lib/fishbot_application/predict
/home/asus/ros2_ws/chapt6_ws/install/fishbot_application/lib/fishbot_application/predict_all
/home/asus/ros2_ws/chapt6_ws/install/fishbot_application/lib/fishbot_application/train_all
