[0.136s] DEBUG:colcon:Command line arguments: ['/usr/bin/colcon', 'build']
[0.136s] DEBUG:colcon:Parsed command line arguments: Namespace(log_base=None, log_level=None, verb_name='build', build_base='build', install_base='install', merge_install=False, symlink_install=False, test_result_base=None, continue_on_error=False, executor='parallel', parallel_workers=4, event_handlers=None, ignore_user_meta=False, metas=['./colcon.meta'], base_paths=['.'], packages_ignore=None, packages_ignore_regex=None, paths=None, packages_up_to=None, packages_up_to_regex=None, packages_above=None, packages_above_and_dependencies=None, packages_above_depth=None, packages_select_by_dep=None, packages_skip_by_dep=None, packages_skip_up_to=None, packages_select_build_failed=False, packages_skip_build_finished=False, packages_select_test_failures=False, packages_skip_test_passed=False, packages_select=None, packages_skip=None, packages_select_regex=None, packages_skip_regex=None, packages_start=None, packages_end=None, allow_overriding=[], cmake_args=None, cmake_target=None, cmake_target_skip_unavailable=False, cmake_clean_cache=False, cmake_clean_first=False, cmake_force_configure=False, mixin_files=None, mixin=None, verb_parser=<colcon_mixin.mixin.mixin_argument.MixinArgumentDecorator object at 0x7c26bb974af0>, verb_extension=<colcon_core.verb.build.BuildVerb object at 0x7c26bb974520>, main=<bound method BuildVerb.main of <colcon_core.verb.build.BuildVerb object at 0x7c26bb974520>>, mixin_verb=('build',))
[0.326s] Level 1:colcon.colcon_core.package_discovery:discover_packages(colcon_meta) check parameters
[0.326s] Level 1:colcon.colcon_core.package_discovery:discover_packages(recursive) check parameters
[0.326s] Level 1:colcon.colcon_core.package_discovery:discover_packages(ignore) check parameters
[0.326s] Level 1:colcon.colcon_core.package_discovery:discover_packages(path) check parameters
[0.326s] Level 1:colcon.colcon_core.package_discovery:discover_packages(colcon_meta) discover
[0.326s] Level 1:colcon.colcon_core.package_discovery:discover_packages(recursive) discover
[0.326s] INFO:colcon.colcon_core.package_discovery:Crawling recursively for packages in '/home/wheeltec/gazebo2/chapt6_ws/src'
[0.327s] Level 1:colcon.colcon_core.package_identification:_identify(.) by extensions ['ignore']
[0.327s] Level 1:colcon.colcon_core.package_identification:_identify(.) by extension 'ignore'
[0.327s] Level 1:colcon.colcon_core.package_identification:_identify(.) by extensions ['colcon_pkg']
[0.327s] Level 1:colcon.colcon_core.package_identification:_identify(.) by extension 'colcon_pkg'
[0.327s] Level 1:colcon.colcon_core.package_identification:_identify(.) by extensions ['colcon_meta']
[0.327s] Level 1:colcon.colcon_core.package_identification:_identify(.) by extension 'colcon_meta'
[0.327s] Level 1:colcon.colcon_core.package_identification:_identify(.) by extensions ['cmake', 'python']
[0.327s] Level 1:colcon.colcon_core.package_identification:_identify(.) by extension 'cmake'
[0.327s] Level 1:colcon.colcon_core.package_identification:_identify(.) by extension 'python'
[0.327s] Level 1:colcon.colcon_core.package_identification:_identify(.) by extensions ['python_setup_py']
[0.327s] Level 1:colcon.colcon_core.package_identification:_identify(.) by extension 'python_setup_py'
[0.327s] Level 1:colcon.colcon_core.package_identification:_identify(build) by extensions ['ignore']
[0.328s] Level 1:colcon.colcon_core.package_identification:_identify(build) by extension 'ignore'
[0.328s] Level 1:colcon.colcon_core.package_identification:_identify(build) ignored
[0.328s] Level 1:colcon.colcon_core.package_identification:_identify(fishbot_application) by extensions ['ignore']
[0.328s] Level 1:colcon.colcon_core.package_identification:_identify(fishbot_application) by extension 'ignore'
[0.328s] Level 1:colcon.colcon_core.package_identification:_identify(fishbot_application) by extensions ['colcon_pkg']
[0.328s] Level 1:colcon.colcon_core.package_identification:_identify(fishbot_application) by extension 'colcon_pkg'
[0.328s] Level 1:colcon.colcon_core.package_identification:_identify(fishbot_application) by extensions ['colcon_meta']
[0.328s] Level 1:colcon.colcon_core.package_identification:_identify(fishbot_application) by extension 'colcon_meta'
[0.328s] Level 1:colcon.colcon_core.package_identification:_identify(fishbot_application) by extensions ['cmake', 'python']
[0.329s] Level 1:colcon.colcon_core.package_identification:_identify(fishbot_application) by extension 'cmake'
[0.329s] Level 1:colcon.colcon_core.package_identification:_identify(fishbot_application) by extension 'python'
[0.329s] DEBUG:colcon.colcon_core.package_identification:Python package in 'fishbot_application' passes arguments to the setup() function which requires a different identification extension than 'python'
[0.329s] Level 1:colcon.colcon_core.package_identification:_identify(fishbot_application) by extensions ['python_setup_py']
[0.329s] Level 1:colcon.colcon_core.package_identification:_identify(fishbot_application) by extension 'python_setup_py'
[0.617s] DEBUG:colcon.colcon_core.package_identification:Package 'fishbot_application' with type 'python' and name 'fishbot_application'
[0.617s] Level 1:colcon.colcon_core.package_identification:_identify(fishbot_description) by extensions ['ignore']
[0.617s] Level 1:colcon.colcon_core.package_identification:_identify(fishbot_description) by extension 'ignore'
[0.617s] Level 1:colcon.colcon_core.package_identification:_identify(fishbot_description) by extensions ['colcon_pkg']
[0.617s] Level 1:colcon.colcon_core.package_identification:_identify(fishbot_description) by extension 'colcon_pkg'
[0.617s] Level 1:colcon.colcon_core.package_identification:_identify(fishbot_description) by extensions ['colcon_meta']
[0.617s] Level 1:colcon.colcon_core.package_identification:_identify(fishbot_description) by extension 'colcon_meta'
[0.617s] Level 1:colcon.colcon_core.package_identification:_identify(fishbot_description) by extensions ['cmake', 'python']
[0.617s] Level 1:colcon.colcon_core.package_identification:_identify(fishbot_description) by extension 'cmake'
[0.620s] Level 1:colcon.colcon_core.package_identification:_identify(fishbot_description) by extension 'python'
[0.620s] DEBUG:colcon.colcon_core.package_identification:Package 'fishbot_description' with type 'cmake' and name 'fishbot_description'
[0.620s] Level 1:colcon.colcon_core.package_identification:_identify(fishbot_navigation2) by extensions ['ignore']
[0.620s] Level 1:colcon.colcon_core.package_identification:_identify(fishbot_navigation2) by extension 'ignore'
[0.620s] Level 1:colcon.colcon_core.package_identification:_identify(fishbot_navigation2) by extensions ['colcon_pkg']
[0.620s] Level 1:colcon.colcon_core.package_identification:_identify(fishbot_navigation2) by extension 'colcon_pkg'
[0.620s] Level 1:colcon.colcon_core.package_identification:_identify(fishbot_navigation2) by extensions ['colcon_meta']
[0.620s] Level 1:colcon.colcon_core.package_identification:_identify(fishbot_navigation2) by extension 'colcon_meta'
[0.620s] Level 1:colcon.colcon_core.package_identification:_identify(fishbot_navigation2) by extensions ['cmake', 'python']
[0.620s] Level 1:colcon.colcon_core.package_identification:_identify(fishbot_navigation2) by extension 'cmake'
[0.621s] Level 1:colcon.colcon_core.package_identification:_identify(fishbot_navigation2) by extension 'python'
[0.621s] DEBUG:colcon.colcon_core.package_identification:Package 'fishbot_navigation2' with type 'cmake' and name 'fishbot_navigation2'
[0.621s] Level 1:colcon.colcon_core.package_identification:_identify(install) by extensions ['ignore']
[0.621s] Level 1:colcon.colcon_core.package_identification:_identify(install) by extension 'ignore'
[0.621s] Level 1:colcon.colcon_core.package_identification:_identify(install) ignored
[0.621s] Level 1:colcon.colcon_core.package_identification:_identify(log) by extensions ['ignore']
[0.621s] Level 1:colcon.colcon_core.package_identification:_identify(log) by extension 'ignore'
[0.621s] Level 1:colcon.colcon_core.package_identification:_identify(log) ignored
[0.621s] Level 1:colcon.colcon_core.package_discovery:discover_packages(recursive) using defaults
[0.621s] Level 1:colcon.colcon_core.package_discovery:discover_packages(ignore) discover
[0.621s] Level 1:colcon.colcon_core.package_discovery:discover_packages(ignore) using defaults
[0.621s] Level 1:colcon.colcon_core.package_discovery:discover_packages(path) discover
[0.621s] Level 1:colcon.colcon_core.package_discovery:discover_packages(path) using defaults
[0.644s] Level 1:colcon.colcon_core.package_discovery:discover_packages(prefix_path) check parameters
[0.644s] Level 1:colcon.colcon_core.package_discovery:discover_packages(prefix_path) discover
[0.645s] DEBUG:colcon.colcon_installed_package_information.package_discovery:Found 3 installed packages in /home/wheeltec/gazebo2/chapt6_ws/install
[0.645s] DEBUG:colcon.colcon_installed_package_information.package_discovery:Found 1 installed packages in /home/wheeltec/gazebo2/install
[0.646s] DEBUG:colcon.colcon_installed_package_information.package_discovery:Found 1 installed packages in /home/wheeltec/gazebo1/install
[0.646s] Level 1:colcon.colcon_core.package_discovery:discover_packages(prefix_path) using defaults
[0.647s] Level 5:colcon.colcon_core.verb:set package 'fishbot_application' build argument 'cmake_args' from command line to 'None'
[0.647s] Level 5:colcon.colcon_core.verb:set package 'fishbot_application' build argument 'cmake_target' from command line to 'None'
[0.647s] Level 5:colcon.colcon_core.verb:set package 'fishbot_application' build argument 'cmake_target_skip_unavailable' from command line to 'False'
[0.647s] Level 5:colcon.colcon_core.verb:set package 'fishbot_application' build argument 'cmake_clean_cache' from command line to 'False'
[0.647s] Level 5:colcon.colcon_core.verb:set package 'fishbot_application' build argument 'cmake_clean_first' from command line to 'False'
[0.647s] Level 5:colcon.colcon_core.verb:set package 'fishbot_application' build argument 'cmake_force_configure' from command line to 'False'
[0.647s] DEBUG:colcon.colcon_core.verb:Building package 'fishbot_application' with the following arguments: {'build_base': '/home/wheeltec/gazebo2/chapt6_ws/src/build/fishbot_application', 'cmake_args': None, 'cmake_clean_cache': False, 'cmake_clean_first': False, 'cmake_force_configure': False, 'cmake_target': None, 'cmake_target_skip_unavailable': False, 'install_base': '/home/wheeltec/gazebo2/chapt6_ws/src/install/fishbot_application', 'merge_install': False, 'path': '/home/wheeltec/gazebo2/chapt6_ws/src/fishbot_application', 'symlink_install': False, 'test_result_base': None}
[0.647s] Level 5:colcon.colcon_core.verb:set package 'fishbot_description' build argument 'cmake_args' from command line to 'None'
[0.647s] Level 5:colcon.colcon_core.verb:set package 'fishbot_description' build argument 'cmake_target' from command line to 'None'
[0.647s] Level 5:colcon.colcon_core.verb:set package 'fishbot_description' build argument 'cmake_target_skip_unavailable' from command line to 'False'
[0.647s] Level 5:colcon.colcon_core.verb:set package 'fishbot_description' build argument 'cmake_clean_cache' from command line to 'False'
[0.647s] Level 5:colcon.colcon_core.verb:set package 'fishbot_description' build argument 'cmake_clean_first' from command line to 'False'
[0.647s] Level 5:colcon.colcon_core.verb:set package 'fishbot_description' build argument 'cmake_force_configure' from command line to 'False'
[0.647s] DEBUG:colcon.colcon_core.verb:Building package 'fishbot_description' with the following arguments: {'build_base': '/home/wheeltec/gazebo2/chapt6_ws/src/build/fishbot_description', 'cmake_args': None, 'cmake_clean_cache': False, 'cmake_clean_first': False, 'cmake_force_configure': False, 'cmake_target': None, 'cmake_target_skip_unavailable': False, 'install_base': '/home/wheeltec/gazebo2/chapt6_ws/src/install/fishbot_description', 'merge_install': False, 'path': '/home/wheeltec/gazebo2/chapt6_ws/src/fishbot_description', 'symlink_install': False, 'test_result_base': None}
[0.647s] Level 5:colcon.colcon_core.verb:set package 'fishbot_navigation2' build argument 'cmake_args' from command line to 'None'
[0.647s] Level 5:colcon.colcon_core.verb:set package 'fishbot_navigation2' build argument 'cmake_target' from command line to 'None'
[0.647s] Level 5:colcon.colcon_core.verb:set package 'fishbot_navigation2' build argument 'cmake_target_skip_unavailable' from command line to 'False'
[0.648s] Level 5:colcon.colcon_core.verb:set package 'fishbot_navigation2' build argument 'cmake_clean_cache' from command line to 'False'
[0.648s] Level 5:colcon.colcon_core.verb:set package 'fishbot_navigation2' build argument 'cmake_clean_first' from command line to 'False'
[0.648s] Level 5:colcon.colcon_core.verb:set package 'fishbot_navigation2' build argument 'cmake_force_configure' from command line to 'False'
[0.648s] DEBUG:colcon.colcon_core.verb:Building package 'fishbot_navigation2' with the following arguments: {'build_base': '/home/wheeltec/gazebo2/chapt6_ws/src/build/fishbot_navigation2', 'cmake_args': None, 'cmake_clean_cache': False, 'cmake_clean_first': False, 'cmake_force_configure': False, 'cmake_target': None, 'cmake_target_skip_unavailable': False, 'install_base': '/home/wheeltec/gazebo2/chapt6_ws/src/install/fishbot_navigation2', 'merge_install': False, 'path': '/home/wheeltec/gazebo2/chapt6_ws/src/fishbot_navigation2', 'symlink_install': False, 'test_result_base': None}
[0.648s] INFO:colcon.colcon_core.executor:Executing jobs using 'parallel' executor
[0.649s] DEBUG:colcon.colcon_parallel_executor.executor.parallel:run_until_complete
[0.649s] INFO:colcon.colcon_core.task.python.build:Building Python package in '/home/wheeltec/gazebo2/chapt6_ws/src/fishbot_application'
[0.651s] INFO:colcon.colcon_core.plugin_system:Skipping extension 'colcon_core.shell.bat': Not used on non-Windows systems
[0.651s] INFO:colcon.colcon_core.shell:Skip shell extension 'powershell' for command environment: Not usable outside of PowerShell
[0.652s] DEBUG:colcon.colcon_core.shell:Skip shell extension 'dsv' for command environment
[0.656s] INFO:colcon.colcon_cmake.task.cmake.build:Building CMake package in '/home/wheeltec/gazebo2/chapt6_ws/src/fishbot_description'
[0.656s] INFO:colcon.colcon_core.shell:Skip shell extension 'powershell' for command environment: Not usable outside of PowerShell
[0.656s] DEBUG:colcon.colcon_core.shell:Skip shell extension 'dsv' for command environment
[0.659s] INFO:colcon.colcon_cmake.task.cmake.build:Building CMake package in '/home/wheeltec/gazebo2/chapt6_ws/src/fishbot_navigation2'
[0.660s] INFO:colcon.colcon_core.shell:Skip shell extension 'powershell' for command environment: Not usable outside of PowerShell
[0.660s] DEBUG:colcon.colcon_core.shell:Skip shell extension 'dsv' for command environment
[0.672s] DEBUG:colcon.colcon_core.event_handler.log_command:Invoking command in '/home/wheeltec/gazebo2/chapt6_ws/src/build/fishbot_description': /usr/bin/cmake /home/wheeltec/gazebo2/chapt6_ws/src/fishbot_description -DCMAKE_INSTALL_PREFIX=/home/wheeltec/gazebo2/chapt6_ws/src/install/fishbot_description
[0.682s] DEBUG:colcon.colcon_core.event_handler.log_command:Invoking command in '/home/wheeltec/gazebo2/chapt6_ws/src/build/fishbot_navigation2': /usr/bin/cmake /home/wheeltec/gazebo2/chapt6_ws/src/fishbot_navigation2 -DCMAKE_INSTALL_PREFIX=/home/wheeltec/gazebo2/chapt6_ws/src/install/fishbot_navigation2
[2.716s] DEBUG:colcon.colcon_core.event_handler.log_command:Invoking command in '/home/wheeltec/gazebo2/chapt6_ws/src/fishbot_application': PYTHONPATH=/home/wheeltec/gazebo2/chapt6_ws/src/build/fishbot_application/prefix_override:/home/wheeltec/gazebo2/chapt6_ws/src/install/fishbot_application/lib/python3.10/site-packages:${PYTHONPATH} /usr/bin/python3 -W ignore:setup.py install is deprecated setup.py egg_info --egg-base ../build/fishbot_application build --build-base /home/wheeltec/gazebo2/chapt6_ws/src/build/fishbot_application/build install --record /home/wheeltec/gazebo2/chapt6_ws/src/build/fishbot_application/install.log --single-version-externally-managed install_data
[2.788s] DEBUG:colcon.colcon_core.event_handler.log_command:Invoked command in '/home/wheeltec/gazebo2/chapt6_ws/src/build/fishbot_navigation2' returned '0': /usr/bin/cmake /home/wheeltec/gazebo2/chapt6_ws/src/fishbot_navigation2 -DCMAKE_INSTALL_PREFIX=/home/wheeltec/gazebo2/chapt6_ws/src/install/fishbot_navigation2
[2.789s] DEBUG:colcon.colcon_core.event_handler.log_command:Invoking command in '/home/wheeltec/gazebo2/chapt6_ws/src/build/fishbot_navigation2': /usr/bin/cmake --build /home/wheeltec/gazebo2/chapt6_ws/src/build/fishbot_navigation2 -- -j4 -l4
[2.827s] DEBUG:colcon.colcon_core.event_handler.log_command:Invoked command in '/home/wheeltec/gazebo2/chapt6_ws/src/build/fishbot_description' returned '0': /usr/bin/cmake /home/wheeltec/gazebo2/chapt6_ws/src/fishbot_description -DCMAKE_INSTALL_PREFIX=/home/wheeltec/gazebo2/chapt6_ws/src/install/fishbot_description
[2.828s] DEBUG:colcon.colcon_core.event_handler.log_command:Invoking command in '/home/wheeltec/gazebo2/chapt6_ws/src/build/fishbot_description': /usr/bin/cmake --build /home/wheeltec/gazebo2/chapt6_ws/src/build/fishbot_description -- -j4 -l4
[2.848s] DEBUG:colcon.colcon_core.event_handler.log_command:Invoked command in '/home/wheeltec/gazebo2/chapt6_ws/src/build/fishbot_navigation2' returned '0': /usr/bin/cmake --build /home/wheeltec/gazebo2/chapt6_ws/src/build/fishbot_navigation2 -- -j4 -l4
[2.936s] DEBUG:colcon.colcon_core.event_handler.log_command:Invoking command in '/home/wheeltec/gazebo2/chapt6_ws/src/build/fishbot_navigation2': /usr/bin/cmake --install /home/wheeltec/gazebo2/chapt6_ws/src/build/fishbot_navigation2
[2.962s] DEBUG:colcon.colcon_core.event_handler.log_command:Invoked command in '/home/wheeltec/gazebo2/chapt6_ws/src/build/fishbot_description' returned '0': /usr/bin/cmake --build /home/wheeltec/gazebo2/chapt6_ws/src/build/fishbot_description -- -j4 -l4
[2.999s] Level 1:colcon.colcon_core.environment:create_environment_scripts_only(fishbot_navigation2)
[3.002s] DEBUG:colcon.colcon_core.event_handler.log_command:Invoked command in '/home/wheeltec/gazebo2/chapt6_ws/src/build/fishbot_navigation2' returned '0': /usr/bin/cmake --install /home/wheeltec/gazebo2/chapt6_ws/src/build/fishbot_navigation2
[3.009s] Level 1:colcon.colcon_core.environment:checking '/home/wheeltec/gazebo2/chapt6_ws/src/install/fishbot_navigation2' for CMake module files
[3.010s] Level 1:colcon.colcon_core.environment:checking '/home/wheeltec/gazebo2/chapt6_ws/src/install/fishbot_navigation2' for CMake config files
[3.010s] Level 1:colcon.colcon_core.shell:create_environment_hook('fishbot_navigation2', 'cmake_prefix_path')
[3.010s] INFO:colcon.colcon_core.shell:Creating environment hook '/home/wheeltec/gazebo2/chapt6_ws/src/install/fishbot_navigation2/share/fishbot_navigation2/hook/cmake_prefix_path.ps1'
[3.021s] INFO:colcon.colcon_core.shell:Creating environment descriptor '/home/wheeltec/gazebo2/chapt6_ws/src/install/fishbot_navigation2/share/fishbot_navigation2/hook/cmake_prefix_path.dsv'
[3.025s] INFO:colcon.colcon_core.shell:Creating environment hook '/home/wheeltec/gazebo2/chapt6_ws/src/install/fishbot_navigation2/share/fishbot_navigation2/hook/cmake_prefix_path.sh'
[3.032s] Level 1:colcon.colcon_core.environment:checking '/home/wheeltec/gazebo2/chapt6_ws/src/install/fishbot_navigation2/bin'
[3.032s] Level 1:colcon.colcon_core.environment:checking '/home/wheeltec/gazebo2/chapt6_ws/src/install/fishbot_navigation2/lib/pkgconfig/fishbot_navigation2.pc'
[3.032s] Level 1:colcon.colcon_core.environment:checking '/home/wheeltec/gazebo2/chapt6_ws/src/install/fishbot_navigation2/lib/python3.10/site-packages'
[3.032s] Level 1:colcon.colcon_core.environment:checking '/home/wheeltec/gazebo2/chapt6_ws/src/install/fishbot_navigation2/bin'
[3.033s] INFO:colcon.colcon_core.shell:Creating package script '/home/wheeltec/gazebo2/chapt6_ws/src/install/fishbot_navigation2/share/fishbot_navigation2/package.ps1'
[3.035s] INFO:colcon.colcon_core.shell:Creating package descriptor '/home/wheeltec/gazebo2/chapt6_ws/src/install/fishbot_navigation2/share/fishbot_navigation2/package.dsv'
[3.037s] INFO:colcon.colcon_core.shell:Creating package script '/home/wheeltec/gazebo2/chapt6_ws/src/install/fishbot_navigation2/share/fishbot_navigation2/package.sh'
[3.038s] INFO:colcon.colcon_core.shell:Creating package script '/home/wheeltec/gazebo2/chapt6_ws/src/install/fishbot_navigation2/share/fishbot_navigation2/package.bash'
[3.039s] INFO:colcon.colcon_core.shell:Creating package script '/home/wheeltec/gazebo2/chapt6_ws/src/install/fishbot_navigation2/share/fishbot_navigation2/package.zsh'
[3.040s] Level 1:colcon.colcon_core.environment:create_file_with_runtime_dependencies(/home/wheeltec/gazebo2/chapt6_ws/src/install/fishbot_navigation2/share/colcon-core/packages/fishbot_navigation2)
[3.043s] DEBUG:colcon.colcon_core.event_handler.log_command:Invoking command in '/home/wheeltec/gazebo2/chapt6_ws/src/build/fishbot_description': /usr/bin/cmake --install /home/wheeltec/gazebo2/chapt6_ws/src/build/fishbot_description
[3.114s] Level 1:colcon.colcon_core.environment:create_environment_scripts_only(fishbot_description)
[3.114s] Level 1:colcon.colcon_core.environment:checking '/home/wheeltec/gazebo2/chapt6_ws/src/install/fishbot_description' for CMake module files
[3.115s] Level 1:colcon.colcon_core.environment:checking '/home/wheeltec/gazebo2/chapt6_ws/src/install/fishbot_description' for CMake config files
[3.115s] Level 1:colcon.colcon_core.shell:create_environment_hook('fishbot_description', 'cmake_prefix_path')
[3.116s] INFO:colcon.colcon_core.shell:Creating environment hook '/home/wheeltec/gazebo2/chapt6_ws/src/install/fishbot_description/share/fishbot_description/hook/cmake_prefix_path.ps1'
[3.116s] INFO:colcon.colcon_core.shell:Creating environment descriptor '/home/wheeltec/gazebo2/chapt6_ws/src/install/fishbot_description/share/fishbot_description/hook/cmake_prefix_path.dsv'
[3.116s] INFO:colcon.colcon_core.shell:Creating environment hook '/home/wheeltec/gazebo2/chapt6_ws/src/install/fishbot_description/share/fishbot_description/hook/cmake_prefix_path.sh'
[3.117s] DEBUG:colcon.colcon_core.event_handler.log_command:Invoked command in '/home/wheeltec/gazebo2/chapt6_ws/src/build/fishbot_description' returned '0': /usr/bin/cmake --install /home/wheeltec/gazebo2/chapt6_ws/src/build/fishbot_description
[3.117s] Level 1:colcon.colcon_core.environment:checking '/home/wheeltec/gazebo2/chapt6_ws/src/install/fishbot_description/bin'
[3.117s] Level 1:colcon.colcon_core.environment:checking '/home/wheeltec/gazebo2/chapt6_ws/src/install/fishbot_description/lib/pkgconfig/fishbot_description.pc'
[3.118s] Level 1:colcon.colcon_core.environment:checking '/home/wheeltec/gazebo2/chapt6_ws/src/install/fishbot_description/lib/python3.10/site-packages'
[3.118s] Level 1:colcon.colcon_core.environment:checking '/home/wheeltec/gazebo2/chapt6_ws/src/install/fishbot_description/bin'
[3.118s] INFO:colcon.colcon_core.shell:Creating package script '/home/wheeltec/gazebo2/chapt6_ws/src/install/fishbot_description/share/fishbot_description/package.ps1'
[3.119s] INFO:colcon.colcon_core.shell:Creating package descriptor '/home/wheeltec/gazebo2/chapt6_ws/src/install/fishbot_description/share/fishbot_description/package.dsv'
[3.119s] INFO:colcon.colcon_core.shell:Creating package script '/home/wheeltec/gazebo2/chapt6_ws/src/install/fishbot_description/share/fishbot_description/package.sh'
[3.120s] INFO:colcon.colcon_core.shell:Creating package script '/home/wheeltec/gazebo2/chapt6_ws/src/install/fishbot_description/share/fishbot_description/package.bash'
[3.121s] INFO:colcon.colcon_core.shell:Creating package script '/home/wheeltec/gazebo2/chapt6_ws/src/install/fishbot_description/share/fishbot_description/package.zsh'
[3.121s] Level 1:colcon.colcon_core.environment:create_file_with_runtime_dependencies(/home/wheeltec/gazebo2/chapt6_ws/src/install/fishbot_description/share/colcon-core/packages/fishbot_description)
[3.317s] Level 1:colcon.colcon_core.environment:checking '/home/wheeltec/gazebo2/chapt6_ws/src/install/fishbot_application' for CMake module files
[3.317s] Level 1:colcon.colcon_core.environment:checking '/home/wheeltec/gazebo2/chapt6_ws/src/install/fishbot_application' for CMake config files
[3.318s] Level 1:colcon.colcon_core.environment:checking '/home/wheeltec/gazebo2/chapt6_ws/src/install/fishbot_application/lib'
[3.318s] DEBUG:colcon.colcon_core.event_handler.log_command:Invoked command in '/home/wheeltec/gazebo2/chapt6_ws/src/fishbot_application' returned '0': PYTHONPATH=/home/wheeltec/gazebo2/chapt6_ws/src/build/fishbot_application/prefix_override:/home/wheeltec/gazebo2/chapt6_ws/src/install/fishbot_application/lib/python3.10/site-packages:${PYTHONPATH} /usr/bin/python3 -W ignore:setup.py install is deprecated setup.py egg_info --egg-base ../build/fishbot_application build --build-base /home/wheeltec/gazebo2/chapt6_ws/src/build/fishbot_application/build install --record /home/wheeltec/gazebo2/chapt6_ws/src/build/fishbot_application/install.log --single-version-externally-managed install_data
[3.318s] Level 1:colcon.colcon_core.environment:checking '/home/wheeltec/gazebo2/chapt6_ws/src/install/fishbot_application/bin'
[3.319s] Level 1:colcon.colcon_core.environment:checking '/home/wheeltec/gazebo2/chapt6_ws/src/install/fishbot_application/lib/pkgconfig/fishbot_application.pc'
[3.319s] Level 1:colcon.colcon_core.environment:checking '/home/wheeltec/gazebo2/chapt6_ws/src/install/fishbot_application/lib/python3.10/site-packages'
[3.319s] Level 1:colcon.colcon_core.shell:create_environment_hook('fishbot_application', 'pythonpath')
[3.319s] INFO:colcon.colcon_core.shell:Creating environment hook '/home/wheeltec/gazebo2/chapt6_ws/src/install/fishbot_application/share/fishbot_application/hook/pythonpath.ps1'
[3.320s] INFO:colcon.colcon_core.shell:Creating environment descriptor '/home/wheeltec/gazebo2/chapt6_ws/src/install/fishbot_application/share/fishbot_application/hook/pythonpath.dsv'
[3.320s] INFO:colcon.colcon_core.shell:Creating environment hook '/home/wheeltec/gazebo2/chapt6_ws/src/install/fishbot_application/share/fishbot_application/hook/pythonpath.sh'
[3.320s] Level 1:colcon.colcon_core.environment:checking '/home/wheeltec/gazebo2/chapt6_ws/src/install/fishbot_application/bin'
[3.321s] Level 1:colcon.colcon_core.environment:create_environment_scripts_only(fishbot_application)
[3.321s] INFO:colcon.colcon_core.shell:Creating package script '/home/wheeltec/gazebo2/chapt6_ws/src/install/fishbot_application/share/fishbot_application/package.ps1'
[3.321s] INFO:colcon.colcon_core.shell:Creating package descriptor '/home/wheeltec/gazebo2/chapt6_ws/src/install/fishbot_application/share/fishbot_application/package.dsv'
[3.322s] INFO:colcon.colcon_core.shell:Creating package script '/home/wheeltec/gazebo2/chapt6_ws/src/install/fishbot_application/share/fishbot_application/package.sh'
[3.323s] INFO:colcon.colcon_core.shell:Creating package script '/home/wheeltec/gazebo2/chapt6_ws/src/install/fishbot_application/share/fishbot_application/package.bash'
[3.323s] INFO:colcon.colcon_core.shell:Creating package script '/home/wheeltec/gazebo2/chapt6_ws/src/install/fishbot_application/share/fishbot_application/package.zsh'
[3.323s] Level 1:colcon.colcon_core.environment:create_file_with_runtime_dependencies(/home/wheeltec/gazebo2/chapt6_ws/src/install/fishbot_application/share/colcon-core/packages/fishbot_application)
[3.324s] DEBUG:colcon.colcon_parallel_executor.executor.parallel:closing loop
[3.325s] DEBUG:colcon.colcon_parallel_executor.executor.parallel:loop closed
[3.325s] DEBUG:colcon.colcon_parallel_executor.executor.parallel:run_until_complete finished with '0'
[3.326s] DEBUG:colcon.colcon_core.event_reactor:joining thread
[3.368s] INFO:colcon.colcon_core.plugin_system:Skipping extension 'colcon_notification.desktop_notification.terminal_notifier': Not used on non-Darwin systems
[3.368s] INFO:colcon.colcon_core.plugin_system:Skipping extension 'colcon_notification.desktop_notification.win32': Not used on non-Windows systems
[3.368s] INFO:colcon.colcon_notification.desktop_notification:Sending desktop notification using 'notify2'
[3.396s] DEBUG:colcon.colcon_core.event_reactor:joined thread
[3.396s] INFO:colcon.colcon_core.shell:Creating prefix script '/home/wheeltec/gazebo2/chapt6_ws/src/install/local_setup.ps1'
[3.399s] INFO:colcon.colcon_core.shell:Creating prefix util module '/home/wheeltec/gazebo2/chapt6_ws/src/install/_local_setup_util_ps1.py'
[3.400s] INFO:colcon.colcon_core.shell:Creating prefix chain script '/home/wheeltec/gazebo2/chapt6_ws/src/install/setup.ps1'
[3.402s] INFO:colcon.colcon_core.shell:Creating prefix script '/home/wheeltec/gazebo2/chapt6_ws/src/install/local_setup.sh'
[3.403s] INFO:colcon.colcon_core.shell:Creating prefix util module '/home/wheeltec/gazebo2/chapt6_ws/src/install/_local_setup_util_sh.py'
[3.404s] INFO:colcon.colcon_core.shell:Creating prefix chain script '/home/wheeltec/gazebo2/chapt6_ws/src/install/setup.sh'
[3.405s] INFO:colcon.colcon_core.shell:Creating prefix script '/home/wheeltec/gazebo2/chapt6_ws/src/install/local_setup.bash'
[3.406s] INFO:colcon.colcon_core.shell:Creating prefix chain script '/home/wheeltec/gazebo2/chapt6_ws/src/install/setup.bash'
[3.409s] INFO:colcon.colcon_core.shell:Creating prefix script '/home/wheeltec/gazebo2/chapt6_ws/src/install/local_setup.zsh'
[3.410s] INFO:colcon.colcon_core.shell:Creating prefix chain script '/home/wheeltec/gazebo2/chapt6_ws/src/install/setup.zsh'
