[0.101s] Invoking command in '/home/s-lin/LIN/ros2_ws/chapt6_ws/build/fishbot_navigation2': CMAKE_PREFIX_PATH=${CMAKE_PREFIX_PATH}:/home/s-lin/LIN/ros2_ws/chapt6_ws/install/fishbot_application:/opt/ros/jazzy DEBUGINFOD_URLS=https://debuginfod.ubuntu.com /usr/bin/cmake --build /home/s-lin/LIN/ros2_ws/chapt6_ws/build/fishbot_navigation2 -- -j16 -l16
[0.121s] Invoked command in '/home/s-lin/LIN/ros2_ws/chapt6_ws/build/fishbot_navigation2' returned '0': CMAKE_PREFIX_PATH=${CMAKE_PREFIX_PATH}:/home/s-lin/LIN/ros2_ws/chapt6_ws/install/fishbot_application:/opt/ros/jazzy DEBUGINFOD_URLS=https://debuginfod.ubuntu.com /usr/bin/cmake --build /home/s-lin/LIN/ros2_ws/chapt6_ws/build/fishbot_navigation2 -- -j16 -l16
[0.122s] Invoking command in '/home/s-lin/LIN/ros2_ws/chapt6_ws/build/fishbot_navigation2': CMAKE_PREFIX_PATH=${CMAKE_PREFIX_PATH}:/home/s-lin/LIN/ros2_ws/chapt6_ws/install/fishbot_application:/opt/ros/jazzy DEBUGINFOD_URLS=https://debuginfod.ubuntu.com /usr/bin/cmake --install /home/s-lin/LIN/ros2_ws/chapt6_ws/build/fishbot_navigation2
[0.127s] -- Install configuration: ""
[0.127s] -- Up-to-date: /home/s-lin/LIN/ros2_ws/chapt6_ws/install/fishbot_navigation2/share/fishbot_navigation2/launch
[0.128s] -- Up-to-date: /home/s-lin/LIN/ros2_ws/chapt6_ws/install/fishbot_navigation2/share/fishbot_navigation2/launch/navigation2.launch.py
[0.128s] -- Up-to-date: /home/s-lin/LIN/ros2_ws/chapt6_ws/install/fishbot_navigation2/share/fishbot_navigation2/config
[0.128s] -- Up-to-date: /home/s-lin/LIN/ros2_ws/chapt6_ws/install/fishbot_navigation2/share/fishbot_navigation2/config/nav2_params.yaml
[0.128s] -- Up-to-date: /home/s-lin/LIN/ros2_ws/chapt6_ws/install/fishbot_navigation2/share/fishbot_navigation2/maps
[0.128s] -- Up-to-date: /home/s-lin/LIN/ros2_ws/chapt6_ws/install/fishbot_navigation2/share/fishbot_navigation2/maps/room.yaml
[0.128s] -- Up-to-date: /home/s-lin/LIN/ros2_ws/chapt6_ws/install/fishbot_navigation2/share/fishbot_navigation2/maps/room.pgm
[0.129s] -- Up-to-date: /home/s-lin/LIN/ros2_ws/chapt6_ws/install/fishbot_navigation2/share/ament_index/resource_index/package_run_dependencies/fishbot_navigation2
[0.129s] -- Up-to-date: /home/s-lin/LIN/ros2_ws/chapt6_ws/install/fishbot_navigation2/share/ament_index/resource_index/parent_prefix_path/fishbot_navigation2
[0.129s] -- Up-to-date: /home/s-lin/LIN/ros2_ws/chapt6_ws/install/fishbot_navigation2/share/fishbot_navigation2/environment/ament_prefix_path.sh
[0.129s] -- Up-to-date: /home/s-lin/LIN/ros2_ws/chapt6_ws/install/fishbot_navigation2/share/fishbot_navigation2/environment/ament_prefix_path.dsv
[0.129s] -- Up-to-date: /home/s-lin/LIN/ros2_ws/chapt6_ws/install/fishbot_navigation2/share/fishbot_navigation2/environment/path.sh
[0.129s] -- Up-to-date: /home/s-lin/LIN/ros2_ws/chapt6_ws/install/fishbot_navigation2/share/fishbot_navigation2/environment/path.dsv
[0.129s] -- Up-to-date: /home/s-lin/LIN/ros2_ws/chapt6_ws/install/fishbot_navigation2/share/fishbot_navigation2/local_setup.bash
[0.129s] -- Up-to-date: /home/s-lin/LIN/ros2_ws/chapt6_ws/install/fishbot_navigation2/share/fishbot_navigation2/local_setup.sh
[0.129s] -- Up-to-date: /home/s-lin/LIN/ros2_ws/chapt6_ws/install/fishbot_navigation2/share/fishbot_navigation2/local_setup.zsh
[0.129s] -- Up-to-date: /home/s-lin/LIN/ros2_ws/chapt6_ws/install/fishbot_navigation2/share/fishbot_navigation2/local_setup.dsv
[0.129s] -- Installing: /home/s-lin/LIN/ros2_ws/chapt6_ws/install/fishbot_navigation2/share/fishbot_navigation2/package.dsv
[0.129s] -- Up-to-date: /home/s-lin/LIN/ros2_ws/chapt6_ws/install/fishbot_navigation2/share/ament_index/resource_index/packages/fishbot_navigation2
[0.129s] -- Up-to-date: /home/s-lin/LIN/ros2_ws/chapt6_ws/install/fishbot_navigation2/share/fishbot_navigation2/cmake/fishbot_navigation2Config.cmake
[0.129s] -- Up-to-date: /home/s-lin/LIN/ros2_ws/chapt6_ws/install/fishbot_navigation2/share/fishbot_navigation2/cmake/fishbot_navigation2Config-version.cmake
[0.129s] -- Up-to-date: /home/s-lin/LIN/ros2_ws/chapt6_ws/install/fishbot_navigation2/share/fishbot_navigation2/package.xml
[0.135s] Invoked command in '/home/s-lin/LIN/ros2_ws/chapt6_ws/build/fishbot_navigation2' returned '0': CMAKE_PREFIX_PATH=${CMAKE_PREFIX_PATH}:/home/s-lin/LIN/ros2_ws/chapt6_ws/install/fishbot_application:/opt/ros/jazzy DEBUGINFOD_URLS=https://debuginfod.ubuntu.com /usr/bin/cmake --install /home/s-lin/LIN/ros2_ws/chapt6_ws/build/fishbot_navigation2
