[0.353s] Invoking command in '/home/s-lin/LIN/ros2_ws/chapt6_ws/build/fishbot_application': DEBUGINFOD_URLS=https://debuginfod.ubuntu.com PYTHONPATH=/home/s-lin/LIN/ros2_ws/chapt6_ws/build/fishbot_application/prefix_override:/usr/lib/python3/dist-packages/colcon_core/task/python/colcon_distutils_commands:/home/s-lin/LIN/ros2_ws/chapt6_ws/install/fishbot_application/lib/python3.12/site-packages:${PYTHONPATH} /usr/bin/python3 -W ignore:setup.py install is deprecated -W ignore:easy_install command is deprecated setup.py develop --editable --build-directory /home/s-lin/LIN/ros2_ws/chapt6_ws/build/fishbot_application/build --no-deps symlink_data
[0.495s] running develop
[0.573s] running egg_info
[0.581s] writing fishbot_application.egg-info/PKG-INFO
[0.581s] writing dependency_links to fishbot_application.egg-info/dependency_links.txt
[0.581s] writing entry points to fishbot_application.egg-info/entry_points.txt
[0.581s] writing requirements to fishbot_application.egg-info/requires.txt
[0.581s] writing top-level names to fishbot_application.egg-info/top_level.txt
[0.597s] reading manifest file 'fishbot_application.egg-info/SOURCES.txt'
[0.597s] writing manifest file 'fishbot_application.egg-info/SOURCES.txt'
[0.605s] running build_ext
[0.605s] Creating /home/s-lin/LIN/ros2_ws/chapt6_ws/install/fishbot_application/lib/python3.12/site-packages/fishbot-application.egg-link (link to .)
[0.606s] Installing get_robot_pose script to /home/s-lin/LIN/ros2_ws/chapt6_ws/install/fishbot_application/lib/fishbot_application
[0.606s] Installing init_robot_pose script to /home/s-lin/LIN/ros2_ws/chapt6_ws/install/fishbot_application/lib/fishbot_application
[0.606s] Installing nav_to_pose script to /home/s-lin/LIN/ros2_ws/chapt6_ws/install/fishbot_application/lib/fishbot_application
[0.606s] Installing odom_tf_broadcaster script to /home/s-lin/LIN/ros2_ws/chapt6_ws/install/fishbot_application/lib/fishbot_application
[0.606s] Installing passive_joint_pub script to /home/s-lin/LIN/ros2_ws/chapt6_ws/install/fishbot_application/lib/fishbot_application
[0.606s] Installing predict script to /home/s-lin/LIN/ros2_ws/chapt6_ws/install/fishbot_application/lib/fishbot_application
[0.606s] Installing train script to /home/s-lin/LIN/ros2_ws/chapt6_ws/install/fishbot_application/lib/fishbot_application
[0.606s] 
[0.606s] Installed /home/s-lin/LIN/ros2_ws/chapt6_ws/build/fishbot_application
[0.606s] running symlink_data
[0.624s] Invoked command in '/home/s-lin/LIN/ros2_ws/chapt6_ws/build/fishbot_application' returned '0': DEBUGINFOD_URLS=https://debuginfod.ubuntu.com PYTHONPATH=/home/s-lin/LIN/ros2_ws/chapt6_ws/build/fishbot_application/prefix_override:/usr/lib/python3/dist-packages/colcon_core/task/python/colcon_distutils_commands:/home/s-lin/LIN/ros2_ws/chapt6_ws/install/fishbot_application/lib/python3.12/site-packages:${PYTHONPATH} /usr/bin/python3 -W ignore:setup.py install is deprecated -W ignore:easy_install command is deprecated setup.py develop --editable --build-directory /home/s-lin/LIN/ros2_ws/chapt6_ws/build/fishbot_application/build --no-deps symlink_data
