[0.107s] Invoking command in '/home/s-lin/LIN/ros2_ws/chapt6_ws/build/fishbot_description': CMAKE_PREFIX_PATH=${CMAKE_PREFIX_PATH}:/home/s-lin/LIN/ros2_ws/chapt6_ws/install/fishbot_application:/opt/ros/jazzy DEBUGINFOD_URLS=https://debuginfod.ubuntu.com /usr/bin/cmake --build /home/s-lin/LIN/ros2_ws/chapt6_ws/build/fishbot_description -- -j16 -l16
[0.120s] -- Found ament_cmake: 2.5.6 (/opt/ros/jazzy/share/ament_cmake/cmake)
[0.226s] -- Found ament_lint_auto: 0.17.5 (/opt/ros/jazzy/share/ament_lint_auto/cmake)
[0.274s] -- Added test 'flake8' to check Python code syntax and style conventions
[0.274s] -- Configured 'flake8' exclude dirs and/or files: 
[0.274s] -- Added test 'lint_cmake' to check CMake code style
[0.275s] -- Added test 'pep257' to check Python code against some of the docstring style conventions in PEP 257
[0.277s] -- Added test 'xmllint' to check XML markup files
[0.277s] -- Configuring done (0.2s)
[0.281s] -- Generating done (0.0s)
[0.282s] -- Build files have been written to: /home/s-lin/LIN/ros2_ws/chapt6_ws/build/fishbot_description
[0.292s] Invoked command in '/home/s-lin/LIN/ros2_ws/chapt6_ws/build/fishbot_description' returned '0': CMAKE_PREFIX_PATH=${CMAKE_PREFIX_PATH}:/home/s-lin/LIN/ros2_ws/chapt6_ws/install/fishbot_application:/opt/ros/jazzy DEBUGINFOD_URLS=https://debuginfod.ubuntu.com /usr/bin/cmake --build /home/s-lin/LIN/ros2_ws/chapt6_ws/build/fishbot_description -- -j16 -l16
[0.293s] Invoking command in '/home/s-lin/LIN/ros2_ws/chapt6_ws/build/fishbot_description': CMAKE_PREFIX_PATH=${CMAKE_PREFIX_PATH}:/home/s-lin/LIN/ros2_ws/chapt6_ws/install/fishbot_application:/opt/ros/jazzy DEBUGINFOD_URLS=https://debuginfod.ubuntu.com /usr/bin/cmake --install /home/s-lin/LIN/ros2_ws/chapt6_ws/build/fishbot_description
[0.295s] -- Install configuration: ""
[0.296s] -- Up-to-date: /home/s-lin/LIN/ros2_ws/chapt6_ws/install/fishbot_description/share/fishbot_description/urdf
[0.296s] -- Installing: /home/s-lin/LIN/ros2_ws/chapt6_ws/install/fishbot_description/share/fishbot_description/urdf/mini_diff_robot.pdf
[0.296s] -- Up-to-date: /home/s-lin/LIN/ros2_ws/chapt6_ws/install/fishbot_description/share/fishbot_description/urdf/mini_diff
[0.296s] -- Installing: /home/s-lin/LIN/ros2_ws/chapt6_ws/install/fishbot_description/share/fishbot_description/urdf/mini_diff/base.urdf.xacro
[0.296s] -- Installing: /home/s-lin/LIN/ros2_ws/chapt6_ws/install/fishbot_description/share/fishbot_description/urdf/mini_diff/controller.urdf.xacro
[0.296s] -- Installing: /home/s-lin/LIN/ros2_ws/chapt6_ws/install/fishbot_description/share/fishbot_description/urdf/mini_diff/camera.urdf.xacro
[0.296s] -- Installing: /home/s-lin/LIN/ros2_ws/chapt6_ws/install/fishbot_description/share/fishbot_description/urdf/mini_diff/right.urdf.xacro
[0.296s] -- Installing: /home/s-lin/LIN/ros2_ws/chapt6_ws/install/fishbot_description/share/fishbot_description/urdf/mini_diff/fishbot.urdf.xacro
[0.296s] -- Installing: /home/s-lin/LIN/ros2_ws/chapt6_ws/install/fishbot_description/share/fishbot_description/urdf/mini_diff/left.urdf.xacro
[0.296s] -- Installing: /home/s-lin/LIN/ros2_ws/chapt6_ws/install/fishbot_description/share/fishbot_description/urdf/mini_diff/fishbot.ros2_control.xacro
[0.296s] -- Installing: /home/s-lin/LIN/ros2_ws/chapt6_ws/install/fishbot_description/share/fishbot_description/urdf/mini_diff/laser.urdf.xacro
[0.296s] -- Installing: /home/s-lin/LIN/ros2_ws/chapt6_ws/install/fishbot_description/share/fishbot_description/urdf/mini_diff/front.urdf.xacro
[0.296s] -- Installing: /home/s-lin/LIN/ros2_ws/chapt6_ws/install/fishbot_description/share/fishbot_description/urdf/mini_diff_robot.urdf
[0.296s] -- Installing: /home/s-lin/LIN/ros2_ws/chapt6_ws/install/fishbot_description/share/fishbot_description/urdf/mini_diff_robot.gv
[0.296s] -- Installing: /home/s-lin/LIN/ros2_ws/chapt6_ws/install/fishbot_description/share/fishbot_description/urdf/mini_diff_robot.xacro
[0.296s] -- Up-to-date: /home/s-lin/LIN/ros2_ws/chapt6_ws/install/fishbot_description/share/fishbot_description/urdf/plugins
[0.296s] -- Installing: /home/s-lin/LIN/ros2_ws/chapt6_ws/install/fishbot_description/share/fishbot_description/urdf/plugins/gazebo_control_plugin.xacro
[0.296s] -- Installing: /home/s-lin/LIN/ros2_ws/chapt6_ws/install/fishbot_description/share/fishbot_description/urdf/plugins/gazebo_sensor_plugin.xacro
[0.296s] -- Installing: /home/s-lin/LIN/ros2_ws/chapt6_ws/install/fishbot_description/share/fishbot_description/urdf/model.config
[0.296s] -- Up-to-date: /home/s-lin/LIN/ros2_ws/chapt6_ws/install/fishbot_description/share/fishbot_description/launch
[0.296s] -- Installing: /home/s-lin/LIN/ros2_ws/chapt6_ws/install/fishbot_description/share/fishbot_description/launch/display_robot.launch.py
[0.296s] -- Up-to-date: /home/s-lin/LIN/ros2_ws/chapt6_ws/install/fishbot_description/share/fishbot_description/launch/__pycache__
[0.296s] -- Installing: /home/s-lin/LIN/ros2_ws/chapt6_ws/install/fishbot_description/share/fishbot_description/launch/__pycache__/display_robot.launch.cpython-310.pyc
[0.297s] -- Installing: /home/s-lin/LIN/ros2_ws/chapt6_ws/install/fishbot_description/share/fishbot_description/launch/gazebo_sim.launch.py
[0.297s] -- Up-to-date: /home/s-lin/LIN/ros2_ws/chapt6_ws/install/fishbot_description/share/fishbot_description/meshes
[0.297s] -- Installing: /home/s-lin/LIN/ros2_ws/chapt6_ws/install/fishbot_description/share/fishbot_description/meshes/front_link.STL
[0.297s] -- Installing: /home/s-lin/LIN/ros2_ws/chapt6_ws/install/fishbot_description/share/fishbot_description/meshes/right_link.STL
[0.297s] -- Installing: /home/s-lin/LIN/ros2_ws/chapt6_ws/install/fishbot_description/share/fishbot_description/meshes/controller_link.STL
[0.298s] -- Installing: /home/s-lin/LIN/ros2_ws/chapt6_ws/install/fishbot_description/share/fishbot_description/meshes/base_link.STL
[0.299s] -- Installing: /home/s-lin/LIN/ros2_ws/chapt6_ws/install/fishbot_description/share/fishbot_description/meshes/laser.STL
[0.299s] -- Installing: /home/s-lin/LIN/ros2_ws/chapt6_ws/install/fishbot_description/share/fishbot_description/meshes/camera_link.STL
[0.299s] -- Installing: /home/s-lin/LIN/ros2_ws/chapt6_ws/install/fishbot_description/share/fishbot_description/meshes/left_link.STL
[0.300s] -- Up-to-date: /home/s-lin/LIN/ros2_ws/chapt6_ws/install/fishbot_description/share/fishbot_description/config
[0.300s] -- Installing: /home/s-lin/LIN/ros2_ws/chapt6_ws/install/fishbot_description/share/fishbot_description/config/display_robot_model.rviz
[0.300s] -- Installing: /home/s-lin/LIN/ros2_ws/chapt6_ws/install/fishbot_description/share/fishbot_description/config/fishbot_ros2_controller.yaml
[0.300s] -- Up-to-date: /home/s-lin/LIN/ros2_ws/chapt6_ws/install/fishbot_description/share/fishbot_description/world
[0.300s] -- Installing: /home/s-lin/LIN/ros2_ws/chapt6_ws/install/fishbot_description/share/fishbot_description/world/robot_room.world
[0.300s] -- Up-to-date: /home/s-lin/LIN/ros2_ws/chapt6_ws/install/fishbot_description/share/fishbot_description/world/room
[0.300s] -- Installing: /home/s-lin/LIN/ros2_ws/chapt6_ws/install/fishbot_description/share/fishbot_description/world/room/model.sdf
[0.300s] -- Installing: /home/s-lin/LIN/ros2_ws/chapt6_ws/install/fishbot_description/share/fishbot_description/world/room/model.config
[0.300s] -- Up-to-date: /home/s-lin/LIN/ros2_ws/chapt6_ws/install/fishbot_description/share/fishbot_description/world1
[0.300s] -- Installing: /home/s-lin/LIN/ros2_ws/chapt6_ws/install/fishbot_description/share/fishbot_description/world1/robot_room.world
[0.300s] -- Up-to-date: /home/s-lin/LIN/ros2_ws/chapt6_ws/install/fishbot_description/share/fishbot_description/world1/room
[0.300s] -- Installing: /home/s-lin/LIN/ros2_ws/chapt6_ws/install/fishbot_description/share/fishbot_description/world1/room/model.sdf
[0.300s] -- Installing: /home/s-lin/LIN/ros2_ws/chapt6_ws/install/fishbot_description/share/fishbot_description/world1/room/model.config
[0.300s] -- Up-to-date: /home/s-lin/LIN/ros2_ws/chapt6_ws/install/fishbot_description/share/fishbot_description/world2
[0.300s] -- Installing: /home/s-lin/LIN/ros2_ws/chapt6_ws/install/fishbot_description/share/fishbot_description/world2/robot_room.world
[0.300s] -- Up-to-date: /home/s-lin/LIN/ros2_ws/chapt6_ws/install/fishbot_description/share/fishbot_description/world2/room
[0.301s] -- Installing: /home/s-lin/LIN/ros2_ws/chapt6_ws/install/fishbot_description/share/fishbot_description/world2/room/model.sdf
[0.301s] -- Installing: /home/s-lin/LIN/ros2_ws/chapt6_ws/install/fishbot_description/share/fishbot_description/world2/room/model.config
[0.301s] -- Up-to-date: /home/s-lin/LIN/ros2_ws/chapt6_ws/install/fishbot_description/share/fishbot_description/world3
[0.301s] -- Installing: /home/s-lin/LIN/ros2_ws/chapt6_ws/install/fishbot_description/share/fishbot_description/world3/robot_room.world
[0.301s] -- Up-to-date: /home/s-lin/LIN/ros2_ws/chapt6_ws/install/fishbot_description/share/fishbot_description/world3/room
[0.301s] -- Installing: /home/s-lin/LIN/ros2_ws/chapt6_ws/install/fishbot_description/share/fishbot_description/world3/room/model.sdf
[0.301s] -- Installing: /home/s-lin/LIN/ros2_ws/chapt6_ws/install/fishbot_description/share/fishbot_description/world3/room/model.config
[0.301s] -- Up-to-date: /home/s-lin/LIN/ros2_ws/chapt6_ws/install/fishbot_description/share/fishbot_description/world4
[0.301s] -- Installing: /home/s-lin/LIN/ros2_ws/chapt6_ws/install/fishbot_description/share/fishbot_description/world4/robot_room.world
[0.301s] -- Up-to-date: /home/s-lin/LIN/ros2_ws/chapt6_ws/install/fishbot_description/share/fishbot_description/world4/room
[0.301s] -- Installing: /home/s-lin/LIN/ros2_ws/chapt6_ws/install/fishbot_description/share/fishbot_description/world4/room/model.sdf
[0.301s] -- Installing: /home/s-lin/LIN/ros2_ws/chapt6_ws/install/fishbot_description/share/fishbot_description/world4/room/model.config
[0.301s] -- Up-to-date: /home/s-lin/LIN/ros2_ws/chapt6_ws/install/fishbot_description/share/fishbot_description/world5
[0.301s] -- Up-to-date: /home/s-lin/LIN/ros2_ws/chapt6_ws/install/fishbot_description/share/ament_index/resource_index/package_run_dependencies/fishbot_description
[0.301s] -- Up-to-date: /home/s-lin/LIN/ros2_ws/chapt6_ws/install/fishbot_description/share/ament_index/resource_index/parent_prefix_path/fishbot_description
[0.301s] -- Up-to-date: /home/s-lin/LIN/ros2_ws/chapt6_ws/install/fishbot_description/share/fishbot_description/environment/ament_prefix_path.sh
[0.301s] -- Up-to-date: /home/s-lin/LIN/ros2_ws/chapt6_ws/install/fishbot_description/share/fishbot_description/environment/ament_prefix_path.dsv
[0.301s] -- Up-to-date: /home/s-lin/LIN/ros2_ws/chapt6_ws/install/fishbot_description/share/fishbot_description/environment/path.sh
[0.301s] -- Up-to-date: /home/s-lin/LIN/ros2_ws/chapt6_ws/install/fishbot_description/share/fishbot_description/environment/path.dsv
[0.301s] -- Up-to-date: /home/s-lin/LIN/ros2_ws/chapt6_ws/install/fishbot_description/share/fishbot_description/local_setup.bash
[0.301s] -- Up-to-date: /home/s-lin/LIN/ros2_ws/chapt6_ws/install/fishbot_description/share/fishbot_description/local_setup.sh
[0.301s] -- Up-to-date: /home/s-lin/LIN/ros2_ws/chapt6_ws/install/fishbot_description/share/fishbot_description/local_setup.zsh
[0.301s] -- Up-to-date: /home/s-lin/LIN/ros2_ws/chapt6_ws/install/fishbot_description/share/fishbot_description/local_setup.dsv
[0.302s] -- Installing: /home/s-lin/LIN/ros2_ws/chapt6_ws/install/fishbot_description/share/fishbot_description/package.dsv
[0.302s] -- Up-to-date: /home/s-lin/LIN/ros2_ws/chapt6_ws/install/fishbot_description/share/ament_index/resource_index/packages/fishbot_description
[0.302s] -- Up-to-date: /home/s-lin/LIN/ros2_ws/chapt6_ws/install/fishbot_description/share/fishbot_description/cmake/fishbot_descriptionConfig.cmake
[0.302s] -- Up-to-date: /home/s-lin/LIN/ros2_ws/chapt6_ws/install/fishbot_description/share/fishbot_description/cmake/fishbot_descriptionConfig-version.cmake
[0.302s] -- Installing: /home/s-lin/LIN/ros2_ws/chapt6_ws/install/fishbot_description/share/fishbot_description/package.xml
[0.302s] Invoked command in '/home/s-lin/LIN/ros2_ws/chapt6_ws/build/fishbot_description' returned '0': CMAKE_PREFIX_PATH=${CMAKE_PREFIX_PATH}:/home/s-lin/LIN/ros2_ws/chapt6_ws/install/fishbot_application:/opt/ros/jazzy DEBUGINFOD_URLS=https://debuginfod.ubuntu.com /usr/bin/cmake --install /home/s-lin/LIN/ros2_ws/chapt6_ws/build/fishbot_description
