[0.045s] DEBUG:colcon:Command line arguments: ['/usr/bin/colcon', 'build', '--packages-select', 'fishbot_description', 'fishbot_application', '--symlink-install']
[0.045s] DEBUG:colcon:Parsed command line arguments: Namespace(log_base=None, log_level=None, verb_name='build', build_base='build', install_base='install', merge_install=False, symlink_install=True, test_result_base=None, continue_on_error=False, executor='parallel', parallel_workers=16, event_handlers=None, ignore_user_meta=False, metas=['./colcon.meta'], base_paths=['.'], packages_ignore=None, packages_ignore_regex=None, paths=None, packages_up_to=None, packages_up_to_regex=None, packages_above=None, packages_above_and_dependencies=None, packages_above_depth=None, packages_select_by_dep=None, packages_skip_by_dep=None, packages_skip_up_to=None, packages_select_build_failed=False, packages_skip_build_finished=False, packages_select_test_failures=False, packages_skip_test_passed=False, packages_select=['fishbot_description', 'fishbot_application'], packages_skip=None, packages_select_regex=None, packages_skip_regex=None, packages_start=None, packages_end=None, allow_overriding=[], cmake_args=None, cmake_target=None, cmake_target_skip_unavailable=False, cmake_clean_cache=False, cmake_clean_first=False, cmake_force_configure=False, ament_cmake_args=None, catkin_cmake_args=None, catkin_skip_building_tests=False, verb_parser=<colcon_defaults.argument_parser.defaults.DefaultArgumentsDecorator object at 0x7b87228b4920>, verb_extension=<colcon_core.verb.build.BuildVerb object at 0x7b87228b46b0>, main=<bound method BuildVerb.main of <colcon_core.verb.build.BuildVerb object at 0x7b87228b46b0>>)
[0.063s] Level 1:colcon.colcon_core.package_discovery:discover_packages(colcon_meta) check parameters
[0.063s] Level 1:colcon.colcon_core.package_discovery:discover_packages(recursive) check parameters
[0.063s] Level 1:colcon.colcon_core.package_discovery:discover_packages(ignore) check parameters
[0.063s] Level 1:colcon.colcon_core.package_discovery:discover_packages(path) check parameters
[0.063s] Level 1:colcon.colcon_core.package_discovery:discover_packages(colcon_meta) discover
[0.063s] Level 1:colcon.colcon_core.package_discovery:discover_packages(recursive) discover
[0.063s] INFO:colcon.colcon_core.package_discovery:Crawling recursively for packages in '/home/s-lin/LIN/ros2_ws/chapt6_ws'
[0.063s] Level 1:colcon.colcon_core.package_identification:_identify(.) by extensions ['ignore', 'ignore_ament_install']
[0.063s] Level 1:colcon.colcon_core.package_identification:_identify(.) by extension 'ignore'
[0.063s] Level 1:colcon.colcon_core.package_identification:_identify(.) by extension 'ignore_ament_install'
[0.063s] Level 1:colcon.colcon_core.package_identification:_identify(.) by extensions ['colcon_pkg']
[0.063s] Level 1:colcon.colcon_core.package_identification:_identify(.) by extension 'colcon_pkg'
[0.063s] Level 1:colcon.colcon_core.package_identification:_identify(.) by extensions ['colcon_meta']
[0.063s] Level 1:colcon.colcon_core.package_identification:_identify(.) by extension 'colcon_meta'
[0.063s] Level 1:colcon.colcon_core.package_identification:_identify(.) by extensions ['ros']
[0.063s] Level 1:colcon.colcon_core.package_identification:_identify(.) by extension 'ros'
[0.075s] Level 1:colcon.colcon_core.package_identification:_identify(.) by extensions ['cmake', 'python']
[0.075s] Level 1:colcon.colcon_core.package_identification:_identify(.) by extension 'cmake'
[0.075s] Level 1:colcon.colcon_core.package_identification:_identify(.) by extension 'python'
[0.075s] Level 1:colcon.colcon_core.package_identification:_identify(.) by extensions ['python_setup_py']
[0.075s] Level 1:colcon.colcon_core.package_identification:_identify(.) by extension 'python_setup_py'
[0.075s] Level 1:colcon.colcon_core.package_identification:_identify(build) by extensions ['ignore', 'ignore_ament_install']
[0.075s] Level 1:colcon.colcon_core.package_identification:_identify(build) by extension 'ignore'
[0.076s] Level 1:colcon.colcon_core.package_identification:_identify(build) ignored
[0.076s] Level 1:colcon.colcon_core.package_identification:_identify(install) by extensions ['ignore', 'ignore_ament_install']
[0.076s] Level 1:colcon.colcon_core.package_identification:_identify(install) by extension 'ignore'
[0.076s] Level 1:colcon.colcon_core.package_identification:_identify(install) ignored
[0.076s] Level 1:colcon.colcon_core.package_identification:_identify(log) by extensions ['ignore', 'ignore_ament_install']
[0.076s] Level 1:colcon.colcon_core.package_identification:_identify(log) by extension 'ignore'
[0.076s] Level 1:colcon.colcon_core.package_identification:_identify(log) ignored
[0.076s] Level 1:colcon.colcon_core.package_identification:_identify(logs) by extensions ['ignore', 'ignore_ament_install']
[0.076s] Level 1:colcon.colcon_core.package_identification:_identify(logs) by extension 'ignore'
[0.076s] Level 1:colcon.colcon_core.package_identification:_identify(logs) by extension 'ignore_ament_install'
[0.076s] Level 1:colcon.colcon_core.package_identification:_identify(logs) by extensions ['colcon_pkg']
[0.076s] Level 1:colcon.colcon_core.package_identification:_identify(logs) by extension 'colcon_pkg'
[0.076s] Level 1:colcon.colcon_core.package_identification:_identify(logs) by extensions ['colcon_meta']
[0.076s] Level 1:colcon.colcon_core.package_identification:_identify(logs) by extension 'colcon_meta'
[0.076s] Level 1:colcon.colcon_core.package_identification:_identify(logs) by extensions ['ros']
[0.076s] Level 1:colcon.colcon_core.package_identification:_identify(logs) by extension 'ros'
[0.076s] Level 1:colcon.colcon_core.package_identification:_identify(logs) by extensions ['cmake', 'python']
[0.076s] Level 1:colcon.colcon_core.package_identification:_identify(logs) by extension 'cmake'
[0.076s] Level 1:colcon.colcon_core.package_identification:_identify(logs) by extension 'python'
[0.076s] Level 1:colcon.colcon_core.package_identification:_identify(logs) by extensions ['python_setup_py']
[0.076s] Level 1:colcon.colcon_core.package_identification:_identify(logs) by extension 'python_setup_py'
[0.076s] Level 1:colcon.colcon_core.package_identification:_identify(logs/tensorboard) by extensions ['ignore', 'ignore_ament_install']
[0.076s] Level 1:colcon.colcon_core.package_identification:_identify(logs/tensorboard) by extension 'ignore'
[0.076s] Level 1:colcon.colcon_core.package_identification:_identify(logs/tensorboard) by extension 'ignore_ament_install'
[0.076s] Level 1:colcon.colcon_core.package_identification:_identify(logs/tensorboard) by extensions ['colcon_pkg']
[0.076s] Level 1:colcon.colcon_core.package_identification:_identify(logs/tensorboard) by extension 'colcon_pkg'
[0.076s] Level 1:colcon.colcon_core.package_identification:_identify(logs/tensorboard) by extensions ['colcon_meta']
[0.076s] Level 1:colcon.colcon_core.package_identification:_identify(logs/tensorboard) by extension 'colcon_meta'
[0.076s] Level 1:colcon.colcon_core.package_identification:_identify(logs/tensorboard) by extensions ['ros']
[0.076s] Level 1:colcon.colcon_core.package_identification:_identify(logs/tensorboard) by extension 'ros'
[0.076s] Level 1:colcon.colcon_core.package_identification:_identify(logs/tensorboard) by extensions ['cmake', 'python']
[0.076s] Level 1:colcon.colcon_core.package_identification:_identify(logs/tensorboard) by extension 'cmake'
[0.076s] Level 1:colcon.colcon_core.package_identification:_identify(logs/tensorboard) by extension 'python'
[0.076s] Level 1:colcon.colcon_core.package_identification:_identify(logs/tensorboard) by extensions ['python_setup_py']
[0.076s] Level 1:colcon.colcon_core.package_identification:_identify(logs/tensorboard) by extension 'python_setup_py'
[0.076s] Level 1:colcon.colcon_core.package_identification:_identify(logs/tensorboard/ppo_tensorboard) by extensions ['ignore', 'ignore_ament_install']
[0.076s] Level 1:colcon.colcon_core.package_identification:_identify(logs/tensorboard/ppo_tensorboard) by extension 'ignore'
[0.076s] Level 1:colcon.colcon_core.package_identification:_identify(logs/tensorboard/ppo_tensorboard) by extension 'ignore_ament_install'
[0.076s] Level 1:colcon.colcon_core.package_identification:_identify(logs/tensorboard/ppo_tensorboard) by extensions ['colcon_pkg']
[0.076s] Level 1:colcon.colcon_core.package_identification:_identify(logs/tensorboard/ppo_tensorboard) by extension 'colcon_pkg'
[0.076s] Level 1:colcon.colcon_core.package_identification:_identify(logs/tensorboard/ppo_tensorboard) by extensions ['colcon_meta']
[0.076s] Level 1:colcon.colcon_core.package_identification:_identify(logs/tensorboard/ppo_tensorboard) by extension 'colcon_meta'
[0.076s] Level 1:colcon.colcon_core.package_identification:_identify(logs/tensorboard/ppo_tensorboard) by extensions ['ros']
[0.076s] Level 1:colcon.colcon_core.package_identification:_identify(logs/tensorboard/ppo_tensorboard) by extension 'ros'
[0.076s] Level 1:colcon.colcon_core.package_identification:_identify(logs/tensorboard/ppo_tensorboard) by extensions ['cmake', 'python']
[0.076s] Level 1:colcon.colcon_core.package_identification:_identify(logs/tensorboard/ppo_tensorboard) by extension 'cmake'
[0.076s] Level 1:colcon.colcon_core.package_identification:_identify(logs/tensorboard/ppo_tensorboard) by extension 'python'
[0.076s] Level 1:colcon.colcon_core.package_identification:_identify(logs/tensorboard/ppo_tensorboard) by extensions ['python_setup_py']
[0.076s] Level 1:colcon.colcon_core.package_identification:_identify(logs/tensorboard/ppo_tensorboard) by extension 'python_setup_py'
[0.076s] Level 1:colcon.colcon_core.package_identification:_identify(logs/tensorboard/ppo_tensorboard/Move_robot30_1) by extensions ['ignore', 'ignore_ament_install']
[0.076s] Level 1:colcon.colcon_core.package_identification:_identify(logs/tensorboard/ppo_tensorboard/Move_robot30_1) by extension 'ignore'
[0.076s] Level 1:colcon.colcon_core.package_identification:_identify(logs/tensorboard/ppo_tensorboard/Move_robot30_1) by extension 'ignore_ament_install'
[0.077s] Level 1:colcon.colcon_core.package_identification:_identify(logs/tensorboard/ppo_tensorboard/Move_robot30_1) by extensions ['colcon_pkg']
[0.077s] Level 1:colcon.colcon_core.package_identification:_identify(logs/tensorboard/ppo_tensorboard/Move_robot30_1) by extension 'colcon_pkg'
[0.077s] Level 1:colcon.colcon_core.package_identification:_identify(logs/tensorboard/ppo_tensorboard/Move_robot30_1) by extensions ['colcon_meta']
[0.077s] Level 1:colcon.colcon_core.package_identification:_identify(logs/tensorboard/ppo_tensorboard/Move_robot30_1) by extension 'colcon_meta'
[0.077s] Level 1:colcon.colcon_core.package_identification:_identify(logs/tensorboard/ppo_tensorboard/Move_robot30_1) by extensions ['ros']
[0.077s] Level 1:colcon.colcon_core.package_identification:_identify(logs/tensorboard/ppo_tensorboard/Move_robot30_1) by extension 'ros'
[0.077s] Level 1:colcon.colcon_core.package_identification:_identify(logs/tensorboard/ppo_tensorboard/Move_robot30_1) by extensions ['cmake', 'python']
[0.077s] Level 1:colcon.colcon_core.package_identification:_identify(logs/tensorboard/ppo_tensorboard/Move_robot30_1) by extension 'cmake'
[0.077s] Level 1:colcon.colcon_core.package_identification:_identify(logs/tensorboard/ppo_tensorboard/Move_robot30_1) by extension 'python'
[0.077s] Level 1:colcon.colcon_core.package_identification:_identify(logs/tensorboard/ppo_tensorboard/Move_robot30_1) by extensions ['python_setup_py']
[0.077s] Level 1:colcon.colcon_core.package_identification:_identify(logs/tensorboard/ppo_tensorboard/Move_robot30_1) by extension 'python_setup_py'
[0.077s] Level 1:colcon.colcon_core.package_identification:_identify(logs/tensorboard/ppo_tensorboard/Move_robot30_10) by extensions ['ignore', 'ignore_ament_install']
[0.077s] Level 1:colcon.colcon_core.package_identification:_identify(logs/tensorboard/ppo_tensorboard/Move_robot30_10) by extension 'ignore'
[0.077s] Level 1:colcon.colcon_core.package_identification:_identify(logs/tensorboard/ppo_tensorboard/Move_robot30_10) by extension 'ignore_ament_install'
[0.077s] Level 1:colcon.colcon_core.package_identification:_identify(logs/tensorboard/ppo_tensorboard/Move_robot30_10) by extensions ['colcon_pkg']
[0.077s] Level 1:colcon.colcon_core.package_identification:_identify(logs/tensorboard/ppo_tensorboard/Move_robot30_10) by extension 'colcon_pkg'
[0.077s] Level 1:colcon.colcon_core.package_identification:_identify(logs/tensorboard/ppo_tensorboard/Move_robot30_10) by extensions ['colcon_meta']
[0.077s] Level 1:colcon.colcon_core.package_identification:_identify(logs/tensorboard/ppo_tensorboard/Move_robot30_10) by extension 'colcon_meta'
[0.077s] Level 1:colcon.colcon_core.package_identification:_identify(logs/tensorboard/ppo_tensorboard/Move_robot30_10) by extensions ['ros']
[0.077s] Level 1:colcon.colcon_core.package_identification:_identify(logs/tensorboard/ppo_tensorboard/Move_robot30_10) by extension 'ros'
[0.077s] Level 1:colcon.colcon_core.package_identification:_identify(logs/tensorboard/ppo_tensorboard/Move_robot30_10) by extensions ['cmake', 'python']
[0.077s] Level 1:colcon.colcon_core.package_identification:_identify(logs/tensorboard/ppo_tensorboard/Move_robot30_10) by extension 'cmake'
[0.077s] Level 1:colcon.colcon_core.package_identification:_identify(logs/tensorboard/ppo_tensorboard/Move_robot30_10) by extension 'python'
[0.077s] Level 1:colcon.colcon_core.package_identification:_identify(logs/tensorboard/ppo_tensorboard/Move_robot30_10) by extensions ['python_setup_py']
[0.077s] Level 1:colcon.colcon_core.package_identification:_identify(logs/tensorboard/ppo_tensorboard/Move_robot30_10) by extension 'python_setup_py'
[0.077s] Level 1:colcon.colcon_core.package_identification:_identify(logs/tensorboard/ppo_tensorboard/Move_robot30_11) by extensions ['ignore', 'ignore_ament_install']
[0.077s] Level 1:colcon.colcon_core.package_identification:_identify(logs/tensorboard/ppo_tensorboard/Move_robot30_11) by extension 'ignore'
[0.077s] Level 1:colcon.colcon_core.package_identification:_identify(logs/tensorboard/ppo_tensorboard/Move_robot30_11) by extension 'ignore_ament_install'
[0.077s] Level 1:colcon.colcon_core.package_identification:_identify(logs/tensorboard/ppo_tensorboard/Move_robot30_11) by extensions ['colcon_pkg']
[0.077s] Level 1:colcon.colcon_core.package_identification:_identify(logs/tensorboard/ppo_tensorboard/Move_robot30_11) by extension 'colcon_pkg'
[0.077s] Level 1:colcon.colcon_core.package_identification:_identify(logs/tensorboard/ppo_tensorboard/Move_robot30_11) by extensions ['colcon_meta']
[0.077s] Level 1:colcon.colcon_core.package_identification:_identify(logs/tensorboard/ppo_tensorboard/Move_robot30_11) by extension 'colcon_meta'
[0.077s] Level 1:colcon.colcon_core.package_identification:_identify(logs/tensorboard/ppo_tensorboard/Move_robot30_11) by extensions ['ros']
[0.077s] Level 1:colcon.colcon_core.package_identification:_identify(logs/tensorboard/ppo_tensorboard/Move_robot30_11) by extension 'ros'
[0.077s] Level 1:colcon.colcon_core.package_identification:_identify(logs/tensorboard/ppo_tensorboard/Move_robot30_11) by extensions ['cmake', 'python']
[0.077s] Level 1:colcon.colcon_core.package_identification:_identify(logs/tensorboard/ppo_tensorboard/Move_robot30_11) by extension 'cmake'
[0.077s] Level 1:colcon.colcon_core.package_identification:_identify(logs/tensorboard/ppo_tensorboard/Move_robot30_11) by extension 'python'
[0.077s] Level 1:colcon.colcon_core.package_identification:_identify(logs/tensorboard/ppo_tensorboard/Move_robot30_11) by extensions ['python_setup_py']
[0.077s] Level 1:colcon.colcon_core.package_identification:_identify(logs/tensorboard/ppo_tensorboard/Move_robot30_11) by extension 'python_setup_py'
[0.077s] Level 1:colcon.colcon_core.package_identification:_identify(logs/tensorboard/ppo_tensorboard/Move_robot30_2) by extensions ['ignore', 'ignore_ament_install']
[0.077s] Level 1:colcon.colcon_core.package_identification:_identify(logs/tensorboard/ppo_tensorboard/Move_robot30_2) by extension 'ignore'
[0.077s] Level 1:colcon.colcon_core.package_identification:_identify(logs/tensorboard/ppo_tensorboard/Move_robot30_2) by extension 'ignore_ament_install'
[0.077s] Level 1:colcon.colcon_core.package_identification:_identify(logs/tensorboard/ppo_tensorboard/Move_robot30_2) by extensions ['colcon_pkg']
[0.077s] Level 1:colcon.colcon_core.package_identification:_identify(logs/tensorboard/ppo_tensorboard/Move_robot30_2) by extension 'colcon_pkg'
[0.077s] Level 1:colcon.colcon_core.package_identification:_identify(logs/tensorboard/ppo_tensorboard/Move_robot30_2) by extensions ['colcon_meta']
[0.077s] Level 1:colcon.colcon_core.package_identification:_identify(logs/tensorboard/ppo_tensorboard/Move_robot30_2) by extension 'colcon_meta'
[0.077s] Level 1:colcon.colcon_core.package_identification:_identify(logs/tensorboard/ppo_tensorboard/Move_robot30_2) by extensions ['ros']
[0.077s] Level 1:colcon.colcon_core.package_identification:_identify(logs/tensorboard/ppo_tensorboard/Move_robot30_2) by extension 'ros'
[0.077s] Level 1:colcon.colcon_core.package_identification:_identify(logs/tensorboard/ppo_tensorboard/Move_robot30_2) by extensions ['cmake', 'python']
[0.077s] Level 1:colcon.colcon_core.package_identification:_identify(logs/tensorboard/ppo_tensorboard/Move_robot30_2) by extension 'cmake'
[0.077s] Level 1:colcon.colcon_core.package_identification:_identify(logs/tensorboard/ppo_tensorboard/Move_robot30_2) by extension 'python'
[0.077s] Level 1:colcon.colcon_core.package_identification:_identify(logs/tensorboard/ppo_tensorboard/Move_robot30_2) by extensions ['python_setup_py']
[0.077s] Level 1:colcon.colcon_core.package_identification:_identify(logs/tensorboard/ppo_tensorboard/Move_robot30_2) by extension 'python_setup_py'
[0.077s] Level 1:colcon.colcon_core.package_identification:_identify(logs/tensorboard/ppo_tensorboard/Move_robot30_3) by extensions ['ignore', 'ignore_ament_install']
[0.077s] Level 1:colcon.colcon_core.package_identification:_identify(logs/tensorboard/ppo_tensorboard/Move_robot30_3) by extension 'ignore'
[0.077s] Level 1:colcon.colcon_core.package_identification:_identify(logs/tensorboard/ppo_tensorboard/Move_robot30_3) by extension 'ignore_ament_install'
[0.077s] Level 1:colcon.colcon_core.package_identification:_identify(logs/tensorboard/ppo_tensorboard/Move_robot30_3) by extensions ['colcon_pkg']
[0.077s] Level 1:colcon.colcon_core.package_identification:_identify(logs/tensorboard/ppo_tensorboard/Move_robot30_3) by extension 'colcon_pkg'
[0.077s] Level 1:colcon.colcon_core.package_identification:_identify(logs/tensorboard/ppo_tensorboard/Move_robot30_3) by extensions ['colcon_meta']
[0.077s] Level 1:colcon.colcon_core.package_identification:_identify(logs/tensorboard/ppo_tensorboard/Move_robot30_3) by extension 'colcon_meta'
[0.077s] Level 1:colcon.colcon_core.package_identification:_identify(logs/tensorboard/ppo_tensorboard/Move_robot30_3) by extensions ['ros']
[0.077s] Level 1:colcon.colcon_core.package_identification:_identify(logs/tensorboard/ppo_tensorboard/Move_robot30_3) by extension 'ros'
[0.077s] Level 1:colcon.colcon_core.package_identification:_identify(logs/tensorboard/ppo_tensorboard/Move_robot30_3) by extensions ['cmake', 'python']
[0.077s] Level 1:colcon.colcon_core.package_identification:_identify(logs/tensorboard/ppo_tensorboard/Move_robot30_3) by extension 'cmake'
[0.077s] Level 1:colcon.colcon_core.package_identification:_identify(logs/tensorboard/ppo_tensorboard/Move_robot30_3) by extension 'python'
[0.077s] Level 1:colcon.colcon_core.package_identification:_identify(logs/tensorboard/ppo_tensorboard/Move_robot30_3) by extensions ['python_setup_py']
[0.078s] Level 1:colcon.colcon_core.package_identification:_identify(logs/tensorboard/ppo_tensorboard/Move_robot30_3) by extension 'python_setup_py'
[0.078s] Level 1:colcon.colcon_core.package_identification:_identify(logs/tensorboard/ppo_tensorboard/Move_robot30_4) by extensions ['ignore', 'ignore_ament_install']
[0.078s] Level 1:colcon.colcon_core.package_identification:_identify(logs/tensorboard/ppo_tensorboard/Move_robot30_4) by extension 'ignore'
[0.078s] Level 1:colcon.colcon_core.package_identification:_identify(logs/tensorboard/ppo_tensorboard/Move_robot30_4) by extension 'ignore_ament_install'
[0.078s] Level 1:colcon.colcon_core.package_identification:_identify(logs/tensorboard/ppo_tensorboard/Move_robot30_4) by extensions ['colcon_pkg']
[0.078s] Level 1:colcon.colcon_core.package_identification:_identify(logs/tensorboard/ppo_tensorboard/Move_robot30_4) by extension 'colcon_pkg'
[0.078s] Level 1:colcon.colcon_core.package_identification:_identify(logs/tensorboard/ppo_tensorboard/Move_robot30_4) by extensions ['colcon_meta']
[0.078s] Level 1:colcon.colcon_core.package_identification:_identify(logs/tensorboard/ppo_tensorboard/Move_robot30_4) by extension 'colcon_meta'
[0.078s] Level 1:colcon.colcon_core.package_identification:_identify(logs/tensorboard/ppo_tensorboard/Move_robot30_4) by extensions ['ros']
[0.078s] Level 1:colcon.colcon_core.package_identification:_identify(logs/tensorboard/ppo_tensorboard/Move_robot30_4) by extension 'ros'
[0.078s] Level 1:colcon.colcon_core.package_identification:_identify(logs/tensorboard/ppo_tensorboard/Move_robot30_4) by extensions ['cmake', 'python']
[0.078s] Level 1:colcon.colcon_core.package_identification:_identify(logs/tensorboard/ppo_tensorboard/Move_robot30_4) by extension 'cmake'
[0.078s] Level 1:colcon.colcon_core.package_identification:_identify(logs/tensorboard/ppo_tensorboard/Move_robot30_4) by extension 'python'
[0.078s] Level 1:colcon.colcon_core.package_identification:_identify(logs/tensorboard/ppo_tensorboard/Move_robot30_4) by extensions ['python_setup_py']
[0.078s] Level 1:colcon.colcon_core.package_identification:_identify(logs/tensorboard/ppo_tensorboard/Move_robot30_4) by extension 'python_setup_py'
[0.078s] Level 1:colcon.colcon_core.package_identification:_identify(logs/tensorboard/ppo_tensorboard/Move_robot30_5) by extensions ['ignore', 'ignore_ament_install']
[0.078s] Level 1:colcon.colcon_core.package_identification:_identify(logs/tensorboard/ppo_tensorboard/Move_robot30_5) by extension 'ignore'
[0.078s] Level 1:colcon.colcon_core.package_identification:_identify(logs/tensorboard/ppo_tensorboard/Move_robot30_5) by extension 'ignore_ament_install'
[0.078s] Level 1:colcon.colcon_core.package_identification:_identify(logs/tensorboard/ppo_tensorboard/Move_robot30_5) by extensions ['colcon_pkg']
[0.078s] Level 1:colcon.colcon_core.package_identification:_identify(logs/tensorboard/ppo_tensorboard/Move_robot30_5) by extension 'colcon_pkg'
[0.078s] Level 1:colcon.colcon_core.package_identification:_identify(logs/tensorboard/ppo_tensorboard/Move_robot30_5) by extensions ['colcon_meta']
[0.078s] Level 1:colcon.colcon_core.package_identification:_identify(logs/tensorboard/ppo_tensorboard/Move_robot30_5) by extension 'colcon_meta'
[0.078s] Level 1:colcon.colcon_core.package_identification:_identify(logs/tensorboard/ppo_tensorboard/Move_robot30_5) by extensions ['ros']
[0.078s] Level 1:colcon.colcon_core.package_identification:_identify(logs/tensorboard/ppo_tensorboard/Move_robot30_5) by extension 'ros'
[0.078s] Level 1:colcon.colcon_core.package_identification:_identify(logs/tensorboard/ppo_tensorboard/Move_robot30_5) by extensions ['cmake', 'python']
[0.078s] Level 1:colcon.colcon_core.package_identification:_identify(logs/tensorboard/ppo_tensorboard/Move_robot30_5) by extension 'cmake'
[0.078s] Level 1:colcon.colcon_core.package_identification:_identify(logs/tensorboard/ppo_tensorboard/Move_robot30_5) by extension 'python'
[0.078s] Level 1:colcon.colcon_core.package_identification:_identify(logs/tensorboard/ppo_tensorboard/Move_robot30_5) by extensions ['python_setup_py']
[0.078s] Level 1:colcon.colcon_core.package_identification:_identify(logs/tensorboard/ppo_tensorboard/Move_robot30_5) by extension 'python_setup_py'
[0.078s] Level 1:colcon.colcon_core.package_identification:_identify(logs/tensorboard/ppo_tensorboard/Move_robot30_6) by extensions ['ignore', 'ignore_ament_install']
[0.078s] Level 1:colcon.colcon_core.package_identification:_identify(logs/tensorboard/ppo_tensorboard/Move_robot30_6) by extension 'ignore'
[0.078s] Level 1:colcon.colcon_core.package_identification:_identify(logs/tensorboard/ppo_tensorboard/Move_robot30_6) by extension 'ignore_ament_install'
[0.078s] Level 1:colcon.colcon_core.package_identification:_identify(logs/tensorboard/ppo_tensorboard/Move_robot30_6) by extensions ['colcon_pkg']
[0.078s] Level 1:colcon.colcon_core.package_identification:_identify(logs/tensorboard/ppo_tensorboard/Move_robot30_6) by extension 'colcon_pkg'
[0.078s] Level 1:colcon.colcon_core.package_identification:_identify(logs/tensorboard/ppo_tensorboard/Move_robot30_6) by extensions ['colcon_meta']
[0.078s] Level 1:colcon.colcon_core.package_identification:_identify(logs/tensorboard/ppo_tensorboard/Move_robot30_6) by extension 'colcon_meta'
[0.078s] Level 1:colcon.colcon_core.package_identification:_identify(logs/tensorboard/ppo_tensorboard/Move_robot30_6) by extensions ['ros']
[0.078s] Level 1:colcon.colcon_core.package_identification:_identify(logs/tensorboard/ppo_tensorboard/Move_robot30_6) by extension 'ros'
[0.078s] Level 1:colcon.colcon_core.package_identification:_identify(logs/tensorboard/ppo_tensorboard/Move_robot30_6) by extensions ['cmake', 'python']
[0.078s] Level 1:colcon.colcon_core.package_identification:_identify(logs/tensorboard/ppo_tensorboard/Move_robot30_6) by extension 'cmake'
[0.078s] Level 1:colcon.colcon_core.package_identification:_identify(logs/tensorboard/ppo_tensorboard/Move_robot30_6) by extension 'python'
[0.078s] Level 1:colcon.colcon_core.package_identification:_identify(logs/tensorboard/ppo_tensorboard/Move_robot30_6) by extensions ['python_setup_py']
[0.078s] Level 1:colcon.colcon_core.package_identification:_identify(logs/tensorboard/ppo_tensorboard/Move_robot30_6) by extension 'python_setup_py'
[0.078s] Level 1:colcon.colcon_core.package_identification:_identify(logs/tensorboard/ppo_tensorboard/Move_robot30_7) by extensions ['ignore', 'ignore_ament_install']
[0.078s] Level 1:colcon.colcon_core.package_identification:_identify(logs/tensorboard/ppo_tensorboard/Move_robot30_7) by extension 'ignore'
[0.078s] Level 1:colcon.colcon_core.package_identification:_identify(logs/tensorboard/ppo_tensorboard/Move_robot30_7) by extension 'ignore_ament_install'
[0.078s] Level 1:colcon.colcon_core.package_identification:_identify(logs/tensorboard/ppo_tensorboard/Move_robot30_7) by extensions ['colcon_pkg']
[0.078s] Level 1:colcon.colcon_core.package_identification:_identify(logs/tensorboard/ppo_tensorboard/Move_robot30_7) by extension 'colcon_pkg'
[0.078s] Level 1:colcon.colcon_core.package_identification:_identify(logs/tensorboard/ppo_tensorboard/Move_robot30_7) by extensions ['colcon_meta']
[0.078s] Level 1:colcon.colcon_core.package_identification:_identify(logs/tensorboard/ppo_tensorboard/Move_robot30_7) by extension 'colcon_meta'
[0.078s] Level 1:colcon.colcon_core.package_identification:_identify(logs/tensorboard/ppo_tensorboard/Move_robot30_7) by extensions ['ros']
[0.078s] Level 1:colcon.colcon_core.package_identification:_identify(logs/tensorboard/ppo_tensorboard/Move_robot30_7) by extension 'ros'
[0.078s] Level 1:colcon.colcon_core.package_identification:_identify(logs/tensorboard/ppo_tensorboard/Move_robot30_7) by extensions ['cmake', 'python']
[0.078s] Level 1:colcon.colcon_core.package_identification:_identify(logs/tensorboard/ppo_tensorboard/Move_robot30_7) by extension 'cmake'
[0.078s] Level 1:colcon.colcon_core.package_identification:_identify(logs/tensorboard/ppo_tensorboard/Move_robot30_7) by extension 'python'
[0.078s] Level 1:colcon.colcon_core.package_identification:_identify(logs/tensorboard/ppo_tensorboard/Move_robot30_7) by extensions ['python_setup_py']
[0.078s] Level 1:colcon.colcon_core.package_identification:_identify(logs/tensorboard/ppo_tensorboard/Move_robot30_7) by extension 'python_setup_py'
[0.078s] Level 1:colcon.colcon_core.package_identification:_identify(logs/tensorboard/ppo_tensorboard/Move_robot30_8) by extensions ['ignore', 'ignore_ament_install']
[0.078s] Level 1:colcon.colcon_core.package_identification:_identify(logs/tensorboard/ppo_tensorboard/Move_robot30_8) by extension 'ignore'
[0.078s] Level 1:colcon.colcon_core.package_identification:_identify(logs/tensorboard/ppo_tensorboard/Move_robot30_8) by extension 'ignore_ament_install'
[0.078s] Level 1:colcon.colcon_core.package_identification:_identify(logs/tensorboard/ppo_tensorboard/Move_robot30_8) by extensions ['colcon_pkg']
[0.078s] Level 1:colcon.colcon_core.package_identification:_identify(logs/tensorboard/ppo_tensorboard/Move_robot30_8) by extension 'colcon_pkg'
[0.078s] Level 1:colcon.colcon_core.package_identification:_identify(logs/tensorboard/ppo_tensorboard/Move_robot30_8) by extensions ['colcon_meta']
[0.078s] Level 1:colcon.colcon_core.package_identification:_identify(logs/tensorboard/ppo_tensorboard/Move_robot30_8) by extension 'colcon_meta'
[0.078s] Level 1:colcon.colcon_core.package_identification:_identify(logs/tensorboard/ppo_tensorboard/Move_robot30_8) by extensions ['ros']
[0.078s] Level 1:colcon.colcon_core.package_identification:_identify(logs/tensorboard/ppo_tensorboard/Move_robot30_8) by extension 'ros'
[0.078s] Level 1:colcon.colcon_core.package_identification:_identify(logs/tensorboard/ppo_tensorboard/Move_robot30_8) by extensions ['cmake', 'python']
[0.079s] Level 1:colcon.colcon_core.package_identification:_identify(logs/tensorboard/ppo_tensorboard/Move_robot30_8) by extension 'cmake'
[0.079s] Level 1:colcon.colcon_core.package_identification:_identify(logs/tensorboard/ppo_tensorboard/Move_robot30_8) by extension 'python'
[0.079s] Level 1:colcon.colcon_core.package_identification:_identify(logs/tensorboard/ppo_tensorboard/Move_robot30_8) by extensions ['python_setup_py']
[0.079s] Level 1:colcon.colcon_core.package_identification:_identify(logs/tensorboard/ppo_tensorboard/Move_robot30_8) by extension 'python_setup_py'
[0.079s] Level 1:colcon.colcon_core.package_identification:_identify(logs/tensorboard/ppo_tensorboard/Move_robot30_9) by extensions ['ignore', 'ignore_ament_install']
[0.079s] Level 1:colcon.colcon_core.package_identification:_identify(logs/tensorboard/ppo_tensorboard/Move_robot30_9) by extension 'ignore'
[0.079s] Level 1:colcon.colcon_core.package_identification:_identify(logs/tensorboard/ppo_tensorboard/Move_robot30_9) by extension 'ignore_ament_install'
[0.079s] Level 1:colcon.colcon_core.package_identification:_identify(logs/tensorboard/ppo_tensorboard/Move_robot30_9) by extensions ['colcon_pkg']
[0.079s] Level 1:colcon.colcon_core.package_identification:_identify(logs/tensorboard/ppo_tensorboard/Move_robot30_9) by extension 'colcon_pkg'
[0.079s] Level 1:colcon.colcon_core.package_identification:_identify(logs/tensorboard/ppo_tensorboard/Move_robot30_9) by extensions ['colcon_meta']
[0.079s] Level 1:colcon.colcon_core.package_identification:_identify(logs/tensorboard/ppo_tensorboard/Move_robot30_9) by extension 'colcon_meta'
[0.079s] Level 1:colcon.colcon_core.package_identification:_identify(logs/tensorboard/ppo_tensorboard/Move_robot30_9) by extensions ['ros']
[0.079s] Level 1:colcon.colcon_core.package_identification:_identify(logs/tensorboard/ppo_tensorboard/Move_robot30_9) by extension 'ros'
[0.079s] Level 1:colcon.colcon_core.package_identification:_identify(logs/tensorboard/ppo_tensorboard/Move_robot30_9) by extensions ['cmake', 'python']
[0.079s] Level 1:colcon.colcon_core.package_identification:_identify(logs/tensorboard/ppo_tensorboard/Move_robot30_9) by extension 'cmake'
[0.079s] Level 1:colcon.colcon_core.package_identification:_identify(logs/tensorboard/ppo_tensorboard/Move_robot30_9) by extension 'python'
[0.079s] Level 1:colcon.colcon_core.package_identification:_identify(logs/tensorboard/ppo_tensorboard/Move_robot30_9) by extensions ['python_setup_py']
[0.079s] Level 1:colcon.colcon_core.package_identification:_identify(logs/tensorboard/ppo_tensorboard/Move_robot30_9) by extension 'python_setup_py'
[0.079s] Level 1:colcon.colcon_core.package_identification:_identify(src) by extensions ['ignore', 'ignore_ament_install']
[0.079s] Level 1:colcon.colcon_core.package_identification:_identify(src) by extension 'ignore'
[0.079s] Level 1:colcon.colcon_core.package_identification:_identify(src) by extension 'ignore_ament_install'
[0.079s] Level 1:colcon.colcon_core.package_identification:_identify(src) by extensions ['colcon_pkg']
[0.079s] Level 1:colcon.colcon_core.package_identification:_identify(src) by extension 'colcon_pkg'
[0.079s] Level 1:colcon.colcon_core.package_identification:_identify(src) by extensions ['colcon_meta']
[0.079s] Level 1:colcon.colcon_core.package_identification:_identify(src) by extension 'colcon_meta'
[0.079s] Level 1:colcon.colcon_core.package_identification:_identify(src) by extensions ['ros']
[0.079s] Level 1:colcon.colcon_core.package_identification:_identify(src) by extension 'ros'
[0.079s] Level 1:colcon.colcon_core.package_identification:_identify(src) by extensions ['cmake', 'python']
[0.079s] Level 1:colcon.colcon_core.package_identification:_identify(src) by extension 'cmake'
[0.079s] Level 1:colcon.colcon_core.package_identification:_identify(src) by extension 'python'
[0.079s] Level 1:colcon.colcon_core.package_identification:_identify(src) by extensions ['python_setup_py']
[0.079s] Level 1:colcon.colcon_core.package_identification:_identify(src) by extension 'python_setup_py'
[0.079s] Level 1:colcon.colcon_core.package_identification:_identify(src/fishbot_application) by extensions ['ignore', 'ignore_ament_install']
[0.079s] Level 1:colcon.colcon_core.package_identification:_identify(src/fishbot_application) by extension 'ignore'
[0.079s] Level 1:colcon.colcon_core.package_identification:_identify(src/fishbot_application) by extension 'ignore_ament_install'
[0.079s] Level 1:colcon.colcon_core.package_identification:_identify(src/fishbot_application) by extensions ['colcon_pkg']
[0.079s] Level 1:colcon.colcon_core.package_identification:_identify(src/fishbot_application) by extension 'colcon_pkg'
[0.079s] Level 1:colcon.colcon_core.package_identification:_identify(src/fishbot_application) by extensions ['colcon_meta']
[0.079s] Level 1:colcon.colcon_core.package_identification:_identify(src/fishbot_application) by extension 'colcon_meta'
[0.079s] Level 1:colcon.colcon_core.package_identification:_identify(src/fishbot_application) by extensions ['ros']
[0.079s] Level 1:colcon.colcon_core.package_identification:_identify(src/fishbot_application) by extension 'ros'
[0.080s] DEBUG:colcon.colcon_core.package_identification:Package 'src/fishbot_application' with type 'ros.ament_python' and name 'fishbot_application'
[0.080s] Level 1:colcon.colcon_core.package_identification:_identify(src/fishbot_description) by extensions ['ignore', 'ignore_ament_install']
[0.080s] Level 1:colcon.colcon_core.package_identification:_identify(src/fishbot_description) by extension 'ignore'
[0.080s] Level 1:colcon.colcon_core.package_identification:_identify(src/fishbot_description) by extension 'ignore_ament_install'
[0.080s] Level 1:colcon.colcon_core.package_identification:_identify(src/fishbot_description) by extensions ['colcon_pkg']
[0.080s] Level 1:colcon.colcon_core.package_identification:_identify(src/fishbot_description) by extension 'colcon_pkg'
[0.080s] Level 1:colcon.colcon_core.package_identification:_identify(src/fishbot_description) by extensions ['colcon_meta']
[0.080s] Level 1:colcon.colcon_core.package_identification:_identify(src/fishbot_description) by extension 'colcon_meta'
[0.080s] Level 1:colcon.colcon_core.package_identification:_identify(src/fishbot_description) by extensions ['ros']
[0.080s] Level 1:colcon.colcon_core.package_identification:_identify(src/fishbot_description) by extension 'ros'
[0.081s] DEBUG:colcon.colcon_core.package_identification:Package 'src/fishbot_description' with type 'ros.ament_cmake' and name 'fishbot_description'
[0.081s] Level 1:colcon.colcon_core.package_identification:_identify(src/fishbot_navigation2) by extensions ['ignore', 'ignore_ament_install']
[0.081s] Level 1:colcon.colcon_core.package_identification:_identify(src/fishbot_navigation2) by extension 'ignore'
[0.081s] Level 1:colcon.colcon_core.package_identification:_identify(src/fishbot_navigation2) by extension 'ignore_ament_install'
[0.081s] Level 1:colcon.colcon_core.package_identification:_identify(src/fishbot_navigation2) by extensions ['colcon_pkg']
[0.081s] Level 1:colcon.colcon_core.package_identification:_identify(src/fishbot_navigation2) by extension 'colcon_pkg'
[0.081s] Level 1:colcon.colcon_core.package_identification:_identify(src/fishbot_navigation2) by extensions ['colcon_meta']
[0.081s] Level 1:colcon.colcon_core.package_identification:_identify(src/fishbot_navigation2) by extension 'colcon_meta'
[0.081s] Level 1:colcon.colcon_core.package_identification:_identify(src/fishbot_navigation2) by extensions ['ros']
[0.081s] Level 1:colcon.colcon_core.package_identification:_identify(src/fishbot_navigation2) by extension 'ros'
[0.081s] DEBUG:colcon.colcon_core.package_identification:Package 'src/fishbot_navigation2' with type 'ros.ament_cmake' and name 'fishbot_navigation2'
[0.081s] Level 1:colcon.colcon_core.package_identification:_identify(src/log) by extensions ['ignore', 'ignore_ament_install']
[0.081s] Level 1:colcon.colcon_core.package_identification:_identify(src/log) by extension 'ignore'
[0.081s] Level 1:colcon.colcon_core.package_identification:_identify(src/log) ignored
[0.081s] Level 1:colcon.colcon_core.package_discovery:discover_packages(recursive) using defaults
[0.081s] Level 1:colcon.colcon_core.package_discovery:discover_packages(ignore) discover
[0.081s] Level 1:colcon.colcon_core.package_discovery:discover_packages(ignore) using defaults
[0.081s] Level 1:colcon.colcon_core.package_discovery:discover_packages(path) discover
[0.081s] Level 1:colcon.colcon_core.package_discovery:discover_packages(path) using defaults
[0.090s] INFO:colcon.colcon_core.package_selection:Skipping not selected package 'fishbot_navigation2' in 'src/fishbot_navigation2'
[0.090s] Level 1:colcon.colcon_core.package_discovery:discover_packages(prefix_path) check parameters
[0.090s] Level 1:colcon.colcon_core.package_discovery:discover_packages(prefix_path) discover
[0.091s] DEBUG:colcon.colcon_installed_package_information.package_discovery:Found 3 installed packages in /home/s-lin/LIN/ros2_ws/chapt6_ws/install
[0.092s] DEBUG:colcon.colcon_installed_package_information.package_discovery:Found 407 installed packages in /opt/ros/jazzy
[0.093s] Level 1:colcon.colcon_core.package_discovery:discover_packages(prefix_path) using defaults
[0.113s] Level 5:colcon.colcon_core.verb:set package 'fishbot_application' build argument 'cmake_args' from command line to 'None'
[0.113s] Level 5:colcon.colcon_core.verb:set package 'fishbot_application' build argument 'cmake_target' from command line to 'None'
[0.113s] Level 5:colcon.colcon_core.verb:set package 'fishbot_application' build argument 'cmake_target_skip_unavailable' from command line to 'False'
[0.113s] Level 5:colcon.colcon_core.verb:set package 'fishbot_application' build argument 'cmake_clean_cache' from command line to 'False'
[0.113s] Level 5:colcon.colcon_core.verb:set package 'fishbot_application' build argument 'cmake_clean_first' from command line to 'False'
[0.113s] Level 5:colcon.colcon_core.verb:set package 'fishbot_application' build argument 'cmake_force_configure' from command line to 'False'
[0.113s] Level 5:colcon.colcon_core.verb:set package 'fishbot_application' build argument 'ament_cmake_args' from command line to 'None'
[0.113s] Level 5:colcon.colcon_core.verb:set package 'fishbot_application' build argument 'catkin_cmake_args' from command line to 'None'
[0.113s] Level 5:colcon.colcon_core.verb:set package 'fishbot_application' build argument 'catkin_skip_building_tests' from command line to 'False'
[0.113s] DEBUG:colcon.colcon_core.verb:Building package 'fishbot_application' with the following arguments: {'ament_cmake_args': None, 'build_base': '/home/s-lin/LIN/ros2_ws/chapt6_ws/build/fishbot_application', 'catkin_cmake_args': None, 'catkin_skip_building_tests': False, 'cmake_args': None, 'cmake_clean_cache': False, 'cmake_clean_first': False, 'cmake_force_configure': False, 'cmake_target': None, 'cmake_target_skip_unavailable': False, 'install_base': '/home/s-lin/LIN/ros2_ws/chapt6_ws/install/fishbot_application', 'merge_install': False, 'path': '/home/s-lin/LIN/ros2_ws/chapt6_ws/src/fishbot_application', 'symlink_install': True, 'test_result_base': None}
[0.113s] Level 5:colcon.colcon_core.verb:set package 'fishbot_description' build argument 'cmake_args' from command line to 'None'
[0.113s] Level 5:colcon.colcon_core.verb:set package 'fishbot_description' build argument 'cmake_target' from command line to 'None'
[0.113s] Level 5:colcon.colcon_core.verb:set package 'fishbot_description' build argument 'cmake_target_skip_unavailable' from command line to 'False'
[0.113s] Level 5:colcon.colcon_core.verb:set package 'fishbot_description' build argument 'cmake_clean_cache' from command line to 'False'
[0.113s] Level 5:colcon.colcon_core.verb:set package 'fishbot_description' build argument 'cmake_clean_first' from command line to 'False'
[0.113s] Level 5:colcon.colcon_core.verb:set package 'fishbot_description' build argument 'cmake_force_configure' from command line to 'False'
[0.113s] Level 5:colcon.colcon_core.verb:set package 'fishbot_description' build argument 'ament_cmake_args' from command line to 'None'
[0.113s] Level 5:colcon.colcon_core.verb:set package 'fishbot_description' build argument 'catkin_cmake_args' from command line to 'None'
[0.113s] Level 5:colcon.colcon_core.verb:set package 'fishbot_description' build argument 'catkin_skip_building_tests' from command line to 'False'
[0.113s] DEBUG:colcon.colcon_core.verb:Building package 'fishbot_description' with the following arguments: {'ament_cmake_args': None, 'build_base': '/home/s-lin/LIN/ros2_ws/chapt6_ws/build/fishbot_description', 'catkin_cmake_args': None, 'catkin_skip_building_tests': False, 'cmake_args': None, 'cmake_clean_cache': False, 'cmake_clean_first': False, 'cmake_force_configure': False, 'cmake_target': None, 'cmake_target_skip_unavailable': False, 'install_base': '/home/s-lin/LIN/ros2_ws/chapt6_ws/install/fishbot_description', 'merge_install': False, 'path': '/home/s-lin/LIN/ros2_ws/chapt6_ws/src/fishbot_description', 'symlink_install': True, 'test_result_base': None}
[0.113s] INFO:colcon.colcon_core.executor:Executing jobs using 'parallel' executor
[0.114s] DEBUG:colcon.colcon_parallel_executor.executor.parallel:run_until_complete
[0.114s] INFO:colcon.colcon_ros.task.ament_python.build:Building ROS package in '/home/s-lin/LIN/ros2_ws/chapt6_ws/src/fishbot_application' with build type 'ament_python'
[0.114s] Level 1:colcon.colcon_core.shell:create_environment_hook('fishbot_application', 'ament_prefix_path')
[0.114s] INFO:colcon.colcon_core.plugin_system:Skipping extension 'colcon_core.shell.bat': Not used on non-Windows systems
[0.114s] INFO:colcon.colcon_core.shell:Creating environment hook '/home/s-lin/LIN/ros2_ws/chapt6_ws/install/fishbot_application/share/fishbot_application/hook/ament_prefix_path.ps1'
[0.115s] INFO:colcon.colcon_core.shell:Creating environment descriptor '/home/s-lin/LIN/ros2_ws/chapt6_ws/install/fishbot_application/share/fishbot_application/hook/ament_prefix_path.dsv'
[0.115s] INFO:colcon.colcon_core.shell:Creating environment hook '/home/s-lin/LIN/ros2_ws/chapt6_ws/install/fishbot_application/share/fishbot_application/hook/ament_prefix_path.sh'
[0.115s] INFO:colcon.colcon_core.shell:Skip shell extension 'powershell' for command environment: Not usable outside of PowerShell
[0.115s] DEBUG:colcon.colcon_core.shell:Skip shell extension 'dsv' for command environment
[0.117s] INFO:colcon.colcon_ros.task.ament_cmake.build:Building ROS package in '/home/s-lin/LIN/ros2_ws/chapt6_ws/src/fishbot_description' with build type 'ament_cmake'
[0.117s] INFO:colcon.colcon_cmake.task.cmake.build:Building CMake package in '/home/s-lin/LIN/ros2_ws/chapt6_ws/src/fishbot_description'
[0.117s] INFO:colcon.colcon_core.shell:Skip shell extension 'powershell' for command environment: Not usable outside of PowerShell
[0.117s] DEBUG:colcon.colcon_core.shell:Skip shell extension 'dsv' for command environment
[0.218s] INFO:colcon.colcon_core.task.python.build:Building Python package in '/home/s-lin/LIN/ros2_ws/chapt6_ws/src/fishbot_application'
[0.218s] INFO:colcon.colcon_core.shell:Skip shell extension 'powershell' for command environment: Not usable outside of PowerShell
[0.218s] DEBUG:colcon.colcon_core.shell:Skip shell extension 'dsv' for command environment
[0.222s] DEBUG:colcon.colcon_core.event_handler.log_command:Invoking command in '/home/s-lin/LIN/ros2_ws/chapt6_ws/build/fishbot_description': CMAKE_PREFIX_PATH=${CMAKE_PREFIX_PATH}:/home/s-lin/LIN/ros2_ws/chapt6_ws/install/fishbot_application:/opt/ros/jazzy DEBUGINFOD_URLS=https://debuginfod.ubuntu.com /usr/bin/cmake --build /home/s-lin/LIN/ros2_ws/chapt6_ws/build/fishbot_description -- -j16 -l16
[0.240s] DEBUG:colcon.colcon_core.event_handler.log_command:Invoked command in '/home/s-lin/LIN/ros2_ws/chapt6_ws/build/fishbot_description' returned '0': CMAKE_PREFIX_PATH=${CMAKE_PREFIX_PATH}:/home/s-lin/LIN/ros2_ws/chapt6_ws/install/fishbot_application:/opt/ros/jazzy DEBUGINFOD_URLS=https://debuginfod.ubuntu.com /usr/bin/cmake --build /home/s-lin/LIN/ros2_ws/chapt6_ws/build/fishbot_description -- -j16 -l16
[0.243s] DEBUG:colcon.colcon_core.event_handler.log_command:Invoking command in '/home/s-lin/LIN/ros2_ws/chapt6_ws/build/fishbot_description': CMAKE_PREFIX_PATH=${CMAKE_PREFIX_PATH}:/home/s-lin/LIN/ros2_ws/chapt6_ws/install/fishbot_application:/opt/ros/jazzy DEBUGINFOD_URLS=https://debuginfod.ubuntu.com /usr/bin/cmake --install /home/s-lin/LIN/ros2_ws/chapt6_ws/build/fishbot_description
[0.254s] Level 1:colcon.colcon_core.environment:create_environment_scripts_only(fishbot_description)
[0.255s] DEBUG:colcon.colcon_core.event_handler.log_command:Invoked command in '/home/s-lin/LIN/ros2_ws/chapt6_ws/build/fishbot_description' returned '0': CMAKE_PREFIX_PATH=${CMAKE_PREFIX_PATH}:/home/s-lin/LIN/ros2_ws/chapt6_ws/install/fishbot_application:/opt/ros/jazzy DEBUGINFOD_URLS=https://debuginfod.ubuntu.com /usr/bin/cmake --install /home/s-lin/LIN/ros2_ws/chapt6_ws/build/fishbot_description
[0.256s] Level 1:colcon.colcon_core.environment:checking '/home/s-lin/LIN/ros2_ws/chapt6_ws/install/fishbot_description' for CMake module files
[0.256s] Level 1:colcon.colcon_core.environment:checking '/home/s-lin/LIN/ros2_ws/chapt6_ws/install/fishbot_description' for CMake config files
[0.256s] Level 1:colcon.colcon_core.shell:create_environment_hook('fishbot_description', 'cmake_prefix_path')
[0.257s] INFO:colcon.colcon_core.shell:Creating environment hook '/home/s-lin/LIN/ros2_ws/chapt6_ws/install/fishbot_description/share/fishbot_description/hook/cmake_prefix_path.ps1'
[0.257s] INFO:colcon.colcon_core.shell:Creating environment descriptor '/home/s-lin/LIN/ros2_ws/chapt6_ws/install/fishbot_description/share/fishbot_description/hook/cmake_prefix_path.dsv'
[0.257s] INFO:colcon.colcon_core.shell:Creating environment hook '/home/s-lin/LIN/ros2_ws/chapt6_ws/install/fishbot_description/share/fishbot_description/hook/cmake_prefix_path.sh'
[0.258s] Level 1:colcon.colcon_core.environment:checking '/home/s-lin/LIN/ros2_ws/chapt6_ws/install/fishbot_description/bin'
[0.258s] Level 1:colcon.colcon_core.environment:checking '/home/s-lin/LIN/ros2_ws/chapt6_ws/install/fishbot_description/lib/pkgconfig/fishbot_description.pc'
[0.258s] Level 1:colcon.colcon_core.environment:checking '/home/s-lin/LIN/ros2_ws/chapt6_ws/install/fishbot_description/lib/python3.12/site-packages'
[0.258s] Level 1:colcon.colcon_core.environment:checking '/home/s-lin/LIN/ros2_ws/chapt6_ws/install/fishbot_description/bin'
[0.258s] INFO:colcon.colcon_core.shell:Creating package script '/home/s-lin/LIN/ros2_ws/chapt6_ws/install/fishbot_description/share/fishbot_description/package.ps1'
[0.258s] INFO:colcon.colcon_core.shell:Creating package descriptor '/home/s-lin/LIN/ros2_ws/chapt6_ws/install/fishbot_description/share/fishbot_description/package.dsv'
[0.259s] INFO:colcon.colcon_core.shell:Creating package script '/home/s-lin/LIN/ros2_ws/chapt6_ws/install/fishbot_description/share/fishbot_description/package.sh'
[0.259s] INFO:colcon.colcon_core.shell:Creating package script '/home/s-lin/LIN/ros2_ws/chapt6_ws/install/fishbot_description/share/fishbot_description/package.bash'
[0.259s] INFO:colcon.colcon_core.shell:Creating package script '/home/s-lin/LIN/ros2_ws/chapt6_ws/install/fishbot_description/share/fishbot_description/package.zsh'
[0.259s] Level 1:colcon.colcon_core.environment:create_file_with_runtime_dependencies(/home/s-lin/LIN/ros2_ws/chapt6_ws/install/fishbot_description/share/colcon-core/packages/fishbot_description)
[0.260s] Level 1:colcon.colcon_core.environment:create_environment_scripts_only(fishbot_description)
[0.260s] Level 1:colcon.colcon_core.environment:checking '/home/s-lin/LIN/ros2_ws/chapt6_ws/install/fishbot_description' for CMake module files
[0.260s] Level 1:colcon.colcon_core.environment:checking '/home/s-lin/LIN/ros2_ws/chapt6_ws/install/fishbot_description' for CMake config files
[0.260s] Level 1:colcon.colcon_core.shell:create_environment_hook('fishbot_description', 'cmake_prefix_path')
[0.260s] INFO:colcon.colcon_core.shell:Creating environment hook '/home/s-lin/LIN/ros2_ws/chapt6_ws/install/fishbot_description/share/fishbot_description/hook/cmake_prefix_path.ps1'
[0.261s] INFO:colcon.colcon_core.shell:Creating environment descriptor '/home/s-lin/LIN/ros2_ws/chapt6_ws/install/fishbot_description/share/fishbot_description/hook/cmake_prefix_path.dsv'
[0.261s] INFO:colcon.colcon_core.shell:Creating environment hook '/home/s-lin/LIN/ros2_ws/chapt6_ws/install/fishbot_description/share/fishbot_description/hook/cmake_prefix_path.sh'
[0.261s] Level 1:colcon.colcon_core.environment:checking '/home/s-lin/LIN/ros2_ws/chapt6_ws/install/fishbot_description/bin'
[0.261s] Level 1:colcon.colcon_core.environment:checking '/home/s-lin/LIN/ros2_ws/chapt6_ws/install/fishbot_description/lib/pkgconfig/fishbot_description.pc'
[0.261s] Level 1:colcon.colcon_core.environment:checking '/home/s-lin/LIN/ros2_ws/chapt6_ws/install/fishbot_description/lib/python3.12/site-packages'
[0.261s] Level 1:colcon.colcon_core.environment:checking '/home/s-lin/LIN/ros2_ws/chapt6_ws/install/fishbot_description/bin'
[0.261s] INFO:colcon.colcon_core.shell:Creating package script '/home/s-lin/LIN/ros2_ws/chapt6_ws/install/fishbot_description/share/fishbot_description/package.ps1'
[0.262s] INFO:colcon.colcon_core.shell:Creating package descriptor '/home/s-lin/LIN/ros2_ws/chapt6_ws/install/fishbot_description/share/fishbot_description/package.dsv'
[0.262s] INFO:colcon.colcon_core.shell:Creating package script '/home/s-lin/LIN/ros2_ws/chapt6_ws/install/fishbot_description/share/fishbot_description/package.sh'
[0.262s] INFO:colcon.colcon_core.shell:Creating package script '/home/s-lin/LIN/ros2_ws/chapt6_ws/install/fishbot_description/share/fishbot_description/package.bash'
[0.262s] INFO:colcon.colcon_core.shell:Creating package script '/home/s-lin/LIN/ros2_ws/chapt6_ws/install/fishbot_description/share/fishbot_description/package.zsh'
[0.262s] Level 1:colcon.colcon_core.environment:create_file_with_runtime_dependencies(/home/s-lin/LIN/ros2_ws/chapt6_ws/install/fishbot_description/share/colcon-core/packages/fishbot_description)
[0.469s] DEBUG:colcon.colcon_core.event_handler.log_command:Invoking command in '/home/s-lin/LIN/ros2_ws/chapt6_ws/build/fishbot_application': DEBUGINFOD_URLS=https://debuginfod.ubuntu.com PYTHONPATH=/home/s-lin/LIN/ros2_ws/chapt6_ws/build/fishbot_application/prefix_override:/usr/lib/python3/dist-packages/colcon_core/task/python/colcon_distutils_commands:/home/s-lin/LIN/ros2_ws/chapt6_ws/install/fishbot_application/lib/python3.12/site-packages:${PYTHONPATH} /usr/bin/python3 -W ignore:setup.py install is deprecated -W ignore:easy_install command is deprecated setup.py develop --editable --build-directory /home/s-lin/LIN/ros2_ws/chapt6_ws/build/fishbot_application/build --no-deps symlink_data
[0.734s] Level 1:colcon.colcon_core.shell:create_environment_hook('fishbot_application', 'pythonpath_develop')
[0.734s] INFO:colcon.colcon_core.shell:Creating environment hook '/home/s-lin/LIN/ros2_ws/chapt6_ws/build/fishbot_application/share/fishbot_application/hook/pythonpath_develop.ps1'
[0.734s] DEBUG:colcon.colcon_core.event_handler.log_command:Invoked command in '/home/s-lin/LIN/ros2_ws/chapt6_ws/build/fishbot_application' returned '0': DEBUGINFOD_URLS=https://debuginfod.ubuntu.com PYTHONPATH=/home/s-lin/LIN/ros2_ws/chapt6_ws/build/fishbot_application/prefix_override:/usr/lib/python3/dist-packages/colcon_core/task/python/colcon_distutils_commands:/home/s-lin/LIN/ros2_ws/chapt6_ws/install/fishbot_application/lib/python3.12/site-packages:${PYTHONPATH} /usr/bin/python3 -W ignore:setup.py install is deprecated -W ignore:easy_install command is deprecated setup.py develop --editable --build-directory /home/s-lin/LIN/ros2_ws/chapt6_ws/build/fishbot_application/build --no-deps symlink_data
[0.734s] INFO:colcon.colcon_core.shell:Creating environment descriptor '/home/s-lin/LIN/ros2_ws/chapt6_ws/build/fishbot_application/share/fishbot_application/hook/pythonpath_develop.dsv'
[0.735s] INFO:colcon.colcon_core.shell:Creating environment hook '/home/s-lin/LIN/ros2_ws/chapt6_ws/build/fishbot_application/share/fishbot_application/hook/pythonpath_develop.sh'
[0.735s] Level 1:colcon.colcon_core.environment:checking '/home/s-lin/LIN/ros2_ws/chapt6_ws/install/fishbot_application' for CMake module files
[0.735s] Level 1:colcon.colcon_core.environment:checking '/home/s-lin/LIN/ros2_ws/chapt6_ws/install/fishbot_application' for CMake config files
[0.735s] Level 1:colcon.colcon_core.environment:checking '/home/s-lin/LIN/ros2_ws/chapt6_ws/install/fishbot_application/lib'
[0.735s] Level 1:colcon.colcon_core.environment:checking '/home/s-lin/LIN/ros2_ws/chapt6_ws/install/fishbot_application/bin'
[0.735s] Level 1:colcon.colcon_core.environment:checking '/home/s-lin/LIN/ros2_ws/chapt6_ws/install/fishbot_application/lib/pkgconfig/fishbot_application.pc'
[0.736s] Level 1:colcon.colcon_core.environment:checking '/home/s-lin/LIN/ros2_ws/chapt6_ws/install/fishbot_application/lib/python3.12/site-packages'
[0.736s] Level 1:colcon.colcon_core.shell:create_environment_hook('fishbot_application', 'pythonpath')
[0.736s] INFO:colcon.colcon_core.shell:Creating environment hook '/home/s-lin/LIN/ros2_ws/chapt6_ws/install/fishbot_application/share/fishbot_application/hook/pythonpath.ps1'
[0.736s] INFO:colcon.colcon_core.shell:Creating environment descriptor '/home/s-lin/LIN/ros2_ws/chapt6_ws/install/fishbot_application/share/fishbot_application/hook/pythonpath.dsv'
[0.736s] INFO:colcon.colcon_core.shell:Creating environment hook '/home/s-lin/LIN/ros2_ws/chapt6_ws/install/fishbot_application/share/fishbot_application/hook/pythonpath.sh'
[0.736s] Level 1:colcon.colcon_core.environment:checking '/home/s-lin/LIN/ros2_ws/chapt6_ws/install/fishbot_application/bin'
[0.736s] Level 1:colcon.colcon_core.environment:create_environment_scripts_only(fishbot_application)
[0.736s] INFO:colcon.colcon_core.shell:Creating package script '/home/s-lin/LIN/ros2_ws/chapt6_ws/install/fishbot_application/share/fishbot_application/package.ps1'
[0.737s] INFO:colcon.colcon_core.shell:Creating package descriptor '/home/s-lin/LIN/ros2_ws/chapt6_ws/install/fishbot_application/share/fishbot_application/package.dsv'
[0.737s] INFO:colcon.colcon_core.shell:Creating package script '/home/s-lin/LIN/ros2_ws/chapt6_ws/install/fishbot_application/share/fishbot_application/package.sh'
[0.737s] INFO:colcon.colcon_core.shell:Creating package script '/home/s-lin/LIN/ros2_ws/chapt6_ws/install/fishbot_application/share/fishbot_application/package.bash'
[0.737s] INFO:colcon.colcon_core.shell:Creating package script '/home/s-lin/LIN/ros2_ws/chapt6_ws/install/fishbot_application/share/fishbot_application/package.zsh'
[0.737s] Level 1:colcon.colcon_core.environment:create_file_with_runtime_dependencies(/home/s-lin/LIN/ros2_ws/chapt6_ws/install/fishbot_application/share/colcon-core/packages/fishbot_application)
[0.737s] DEBUG:colcon.colcon_parallel_executor.executor.parallel:closing loop
[0.737s] DEBUG:colcon.colcon_parallel_executor.executor.parallel:loop closed
[0.737s] DEBUG:colcon.colcon_parallel_executor.executor.parallel:run_until_complete finished with '0'
[0.737s] DEBUG:colcon.colcon_core.event_reactor:joining thread
[0.740s] INFO:colcon.colcon_core.plugin_system:Skipping extension 'colcon_notification.desktop_notification.terminal_notifier': Not used on non-Darwin systems
[0.740s] INFO:colcon.colcon_core.plugin_system:Skipping extension 'colcon_notification.desktop_notification.win32': Not used on non-Windows systems
[0.740s] INFO:colcon.colcon_notification.desktop_notification:Sending desktop notification using 'notify2'
[0.747s] DEBUG:colcon.colcon_core.event_reactor:joined thread
[0.747s] INFO:colcon.colcon_core.shell:Creating prefix script '/home/s-lin/LIN/ros2_ws/chapt6_ws/install/local_setup.ps1'
[0.747s] INFO:colcon.colcon_core.shell:Creating prefix util module '/home/s-lin/LIN/ros2_ws/chapt6_ws/install/_local_setup_util_ps1.py'
[0.748s] INFO:colcon.colcon_core.shell:Creating prefix chain script '/home/s-lin/LIN/ros2_ws/chapt6_ws/install/setup.ps1'
[0.748s] INFO:colcon.colcon_core.shell:Creating prefix script '/home/s-lin/LIN/ros2_ws/chapt6_ws/install/local_setup.sh'
[0.748s] INFO:colcon.colcon_core.shell:Creating prefix util module '/home/s-lin/LIN/ros2_ws/chapt6_ws/install/_local_setup_util_sh.py'
[0.749s] INFO:colcon.colcon_core.shell:Creating prefix chain script '/home/s-lin/LIN/ros2_ws/chapt6_ws/install/setup.sh'
[0.749s] INFO:colcon.colcon_core.shell:Creating prefix script '/home/s-lin/LIN/ros2_ws/chapt6_ws/install/local_setup.bash'
[0.749s] INFO:colcon.colcon_core.shell:Creating prefix chain script '/home/s-lin/LIN/ros2_ws/chapt6_ws/install/setup.bash'
[0.749s] INFO:colcon.colcon_core.shell:Creating prefix script '/home/s-lin/LIN/ros2_ws/chapt6_ws/install/local_setup.zsh'
[0.750s] INFO:colcon.colcon_core.shell:Creating prefix chain script '/home/s-lin/LIN/ros2_ws/chapt6_ws/install/setup.zsh'
